2020-08-10 19:26:14.776	INFO	[pKweyNsnRNI9wqFu]	[Trade_Group]	[17:demostroh]	[default task-39]	Incoming request: GET /MULTIVERSA-IFP/lightning/ecm/liquidity/countries/liquidity_countries.jsf?selectedView=ecm.liquidity.countries.view.all&viewType=0&widget=LiquidityByCountriesWidgetContent&countries=NL userAgent=[Mozilla/5.0 (X11; Linux x86_64) AppleWebKit/537.36 (KHTML, like Gecko) Chrome/75.0.3770.142 Safari/537.36] device=COMPUTER processingTime=54
=========================================================
2020-08-10 19:26:14.776	INFO	[pKweyNsnRNI9wqFu]	[Trade_Group]	[17:demostroh]	[default task-39]	Incoming request: GET /MULTIVERSA-IFP/lightning/ecm/liquidity/currencies/liquidity_currencies.jsf?selectedView=ecm.liquidity.currencies.view.all&viewType=0&widget=LiquidityByCurrenciesWidgetContent userAgent=[Mozilla/5.0 (X11; Ubuntu; Linux x86_64; rv:68.0) Gecko/20100101 Firefox/68.0] device=COMPUTER processingTime=54
=========================================================
2020-08-10 19:26:14.776	INFO	[pKweyNsnRNI9wqFu]	[Trade_Group]	[17:demostroh]	[default task-39]	Incoming request: GET /MULTIVERSA-IFP/lightning/reporting/balance/balance_overview.jsf?selectedView=ecm.reporting.balance.overview.intradayReportsView&viewType=0&widget=balancesByCurrencies userAgent=[Mozilla/5.0 (X11; Ubuntu; Linux x86_64; rv:68.0) Gecko/20100101 Firefox/68.0] device=COMPUTER processingTime=54
=========================================================
2020-08-10 19:26:14.776	INFO	[pKweyNsnRNI9wqFu]	[Trade_Group]	[17:demostroh]	[default task-39]	Incoming request: GET /MULTIVERSA-IFP/lightning/ecm/liquidity/accountGroups/liquidity_account_groups.jsf?selectedView=ecm.liquidity.accountGroups.view.all&viewType=0&widget=LiquidityByAccountGroupsWidgetContent userAgent=[Mozilla/5.0 (X11; Linux x86_64) AppleWebKit/537.36 (KHTML, like Gecko) Chrome/75.0.3770.142 Safari/537.36] device=COMPUTER processingTime=42
=========================================================
2020-08-10 19:26:14.776	INFO	[pKweyNsnRNI9wqFu]	[Trade_Group]	[17:demostroh]	[default task-39]	Incoming request: GET /MULTIVERSA-IFP/lightning/ecm/liquidity/accountGroups/liquidity_account_groups.jsf?selectedView=ecm.liquidity.accountGroups.view.all&viewType=0&widget=LiquidityByAccountGroupsWidgetContent userAgent=[Mozilla/5.0 (X11; Linux x86_64) AppleWebKit/537.36 (KHTML, like Gecko) Chrome/75.0.3770.142 Safari/537.36] device=COMPUTER processingTime=42
=========================================================
2020-08-10 19:26:14.776	INFO	[pKweyNsnRNI9wqFu]	[Trade_Group]	[17:demostroh]	[default task-39]	Incoming request: GET /MULTIVERSA-IFP/lightning/reporting/transaction/transactions_overview.jsf?selectedView=ecm.reporting.transactions.mainList.view.allTransactionsMainListReport&viewType=0&widget=IncomingTransactionsWidgetContent userAgent=[Mozilla/5.0 (X11; Ubuntu; Linux x86_64; rv:68.0) Gecko/20100101 Firefox/68.0] device=COMPUTER processingTime=48
=========================================================
2020-08-10 19:26:14.776	INFO	[pKweyNsnRNI9wqFu]	[Trade_Group]	[17:demostroh]	[default task-39]	Incoming request: GET /MULTIVERSA-IFP/lightning/ecm/liquidity/accountGroups/liquidity_account_groups.jsf?selectedView=ecm.liquidity.accountGroups.view.all&viewType=0&widget=LiquidityByAccountGroupsWidgetContent userAgent=[Mozilla/5.0 (X11; Linux x86_64) AppleWebKit/537.36 (KHTML, like Gecko) Chrome/75.0.3770.142 Safari/537.36] device=COMPUTER processingTime=42
=========================================================
2020-08-10 19:26:14.776	INFO	[pKweyNsnRNI9wqFu]	[Trade_Group]	[17:demostroh]	[default task-39]	Incoming request: GET /MULTIVERSA-IFP/lightning/reporting/transaction/transactions_overview.jsf?selectedView=ecm.reporting.transactions.mainList.view.allTransactionsMainListReport&viewType=0&widget=IncomingTransactionsWidgetContent userAgent=[Mozilla/5.0 (X11; Ubuntu; Linux x86_64; rv:68.0) Gecko/20100101 Firefox/68.0] device=COMPUTER processingTime=48
=========================================================
2020-08-10 19:26:14.776	INFO	[pKweyNsnRNI9wqFu]	[Trade_Group]	[17:demostroh]	[default task-39]	Incoming request: GET /MULTIVERSA-IFP/core/pao/transmitted_payments.jsf?selectedView=pao.guiList.view.completed&viewType=0&widget=TransmittedPaymentsWidgetContent userAgent=[Mozilla/5.0 (X11; Ubuntu; Linux x86_64; rv:68.0) Gecko/20100101 Firefox/68.0] device=COMPUTER processingTime=66
=========================================================
2020-08-10 19:26:14.776	INFO	[pKweyNsnRNI9wqFu]	[Trade_Group]	[17:demostroh]	[default task-39]	Incoming request: GET /MULTIVERSA-IFP/core/pao/web/paymententry/payment_entry_detail.jsf?screenType=CREDIT_TRANSFER&widgetAction=MORE_DETAILS&directAccess=True&widget=paymentEntry&localAccountId=&beneficiaryId=&currency=EUR&amount=&remittanceInformation= userAgent=[Mozilla/5.0 (X11; Linux x86_64) AppleWebKit/537.36 (KHTML, like Gecko) Chrome/75.0.3770.142 Safari/537.36] device=COMPUTER processingTime=186
=========================================================
2020-08-10 19:26:14.776	INFO	[pKweyNsnRNI9wqFu]	[Trade_Group]	[17:demostroh]	[default task-39]	Incoming request: GET /MULTIVERSA-IFP/lightning/reporting/balance/balance_overview.jsf?selectedView=ecm.reporting.balance.overview.intradayReportsView&viewType=0&widget=balancesByCurrencies userAgent=[Mozilla/5.0 (X11; Ubuntu; Linux x86_64; rv:68.0) Gecko/20100101 Firefox/68.0] device=COMPUTER processingTime=54
=========================================================
2020-08-10 19:26:14.776	INFO	[pKweyNsnRNI9wqFu]	[Trade_Group]	[17:demostroh]	[default task-39]	Incoming request: GET /MULTIVERSA-IFP/lightning/ecm/liquidity/accountGroups/liquidity_account_groups.jsf?selectedView=ecm.liquidity.accountGroups.view.all&viewType=0&widget=LiquidityByAccountGroupsWidgetContent userAgent=[Mozilla/5.0 (X11; Linux x86_64) AppleWebKit/537.36 (KHTML, like Gecko) Chrome/75.0.3770.142 Safari/537.36] device=COMPUTER processingTime=42
=========================================================
2020-08-10 19:26:14.776	INFO	[pKweyNsnRNI9wqFu]	[Trade_Group]	[17:demostroh]	[default task-39]	Incoming request: GET /MULTIVERSA-IFP/lightning/reporting/balance/balance_overview.jsf?selectedView=ecm.reporting.balance.overview.allAccountsView&viewType=0&widget=BalancesListWidgetContent userAgent=[Mozilla/5.0 (X11; Ubuntu; Linux x86_64; rv:68.0) Gecko/20100101 Firefox/68.0] device=COMPUTER processingTime=50
=========================================================
2020-08-10 19:26:14.776	INFO	[pKweyNsnRNI9wqFu]	[Trade_Group]	[17:demostroh]	[default task-39]	Incoming request: GET /MULTIVERSA-IFP/lightning/ecm/liquidity/accounts/liquidity_accounts.jsf?selectedView=ecm.liquidity.accounts.view.all&viewType=0&widget=LiquidityByAccountsWidgetContent userAgent=[Mozilla/5.0 (X11; Ubuntu; Linux x86_64; rv:68.0) Gecko/20100101 Firefox/68.0] device=COMPUTER processingTime=57
=========================================================
2020-08-10 19:26:14.776	INFO	[pKweyNsnRNI9wqFu]	[Trade_Group]	[17:demostroh]	[default task-39]	Incoming request: GET /MULTIVERSA-IFP/lightning/ecm/liquidity/accounts/liquidity_accounts.jsf?selectedView=ecm.liquidity.accounts.view.all&viewType=0&widget=LiquidityByAccountsWidgetContent userAgent=[Mozilla/5.0 (X11; Ubuntu; Linux x86_64; rv:68.0) Gecko/20100101 Firefox/68.0] device=COMPUTER processingTime=57
=========================================================
2020-08-10 19:26:14.776	INFO	[pKweyNsnRNI9wqFu]	[Trade_Group]	[17:demostroh]	[default task-39]	Incoming request: GET /MULTIVERSA-IFP/lightning/reporting/transaction/transactions_overview.jsf?selectedView=ecm.reporting.transactions.mainList.view.allTransactionsMainListReport&viewType=0&widget=IncomingTransactionsWidgetContent userAgent=[Mozilla/5.0 (X11; Ubuntu; Linux x86_64; rv:68.0) Gecko/20100101 Firefox/68.0] device=COMPUTER processingTime=48
=========================================================
2020-08-10 19:26:14.832	INFO	[lsZY1u2GxeL51Mav]	[Trade_Group]	[17:demostroh]	[default task-39]	Incoming request: GET /MULTIVERSA-IFP/core/pao/web/paymententry/payment_entry_detail.jsf?screenType=CREDIT_TRANSFER&widgetAction=MORE_DETAILS&directAccess=True&widget=paymentEntry&localAccountId=&beneficiaryId=&currency=EUR&amount=&remittanceInformation= userAgent=[Mozilla/5.0 (X11; Linux x86_64) AppleWebKit/537.36 (KHTML, like Gecko) Chrome/75.0.3770.142 Safari/537.36] device=COMPUTER processingTime=186
=========================================================
2020-08-10 19:26:14.832	INFO	[lsZY1u2GxeL51Mav]	[Trade_Group]	[17:demostroh]	[default task-39]	Incoming request: GET /MULTIVERSA-IFP/lightning/ecm/liquidity/accountGroups/liquidity_account_groups.jsf?selectedView=ecm.liquidity.accountGroups.view.all&viewType=0&widget=LiquidityByAccountGroupsWidgetContent userAgent=[Mozilla/5.0 (X11; Linux x86_64) AppleWebKit/537.36 (KHTML, like Gecko) Chrome/75.0.3770.142 Safari/537.36] device=COMPUTER processingTime=42
=========================================================
2020-08-10 19:26:14.832	INFO	[lsZY1u2GxeL51Mav]	[Trade_Group]	[17:demostroh]	[default task-39]	Incoming request: GET /MULTIVERSA-IFP/lightning/reporting/balance/balance_overview.jsf?selectedView=ecm.reporting.balance.overview.intradayReportsView&viewType=0&widget=favouriteViews userAgent=[Mozilla/5.0 (X11; Ubuntu; Linux x86_64; rv:68.0) Gecko/20100101 Firefox/68.0] device=COMPUTER processingTime=54
=========================================================
2020-08-10 19:26:14.832	INFO	[lsZY1u2GxeL51Mav]	[Trade_Group]	[17:demostroh]	[default task-39]	Incoming request: GET /MULTIVERSA-IFP/lightning/reporting/balance/balance_overview.jsf?selectedView=ecm.reporting.balance.overview.allAccountsView&viewType=0&widget=BalancesListWidgetContent userAgent=[Mozilla/5.0 (X11; Ubuntu; Linux x86_64; rv:68.0) Gecko/20100101 Firefox/68.0] device=COMPUTER processingTime=50
=========================================================
2020-08-10 19:26:14.832	INFO	[lsZY1u2GxeL51Mav]	[Trade_Group]	[17:demostroh]	[default task-39]	Incoming request: GET /MULTIVERSA-IFP/core/pao/open_payments.jsf?selectedView=pao.guiList.view.allPayments&widget=openPayments userAgent=[Mozilla/5.0 (X11; Ubuntu; Linux x86_64; rv:68.0) Gecko/20100101 Firefox/68.0] device=COMPUTER processingTime=54
=========================================================
2020-08-10 19:26:14.832	INFO	[lsZY1u2GxeL51Mav]	[Trade_Group]	[17:demostroh]	[default task-39]	Incoming request: GET /MULTIVERSA-IFP/lightning/ecm/liquidity/accounts/liquidity_accounts.jsf?selectedView=ecm.liquidity.accounts.view.all&viewType=0&widget=LiquidityByAccountsWidgetContent userAgent=[Mozilla/5.0 (X11; Ubuntu; Linux x86_64; rv:68.0) Gecko/20100101 Firefox/68.0] device=COMPUTER processingTime=57
=========================================================
2020-08-10 19:26:14.832	INFO	[lsZY1u2GxeL51Mav]	[Trade_Group]	[17:demostroh]	[default task-39]	Incoming request: GET /MULTIVERSA-IFP/core/pao/open_payments.jsf?selectedView=pao.guiList.view.allPayments&widget=openPayments userAgent=[Mozilla/5.0 (X11; Ubuntu; Linux x86_64; rv:68.0) Gecko/20100101 Firefox/68.0] device=COMPUTER processingTime=54
=========================================================
2020-08-10 19:26:14.832	INFO	[lsZY1u2GxeL51Mav]	[Trade_Group]	[17:demostroh]	[default task-39]	Incoming request: GET /MULTIVERSA-IFP/core/pao/open_payments.jsf?selectedView=pao.guiList.view.allPayments&widget=openPayments userAgent=[Mozilla/5.0 (X11; Ubuntu; Linux x86_64; rv:68.0) Gecko/20100101 Firefox/68.0] device=COMPUTER processingTime=54
=========================================================
2020-08-10 19:26:14.832	INFO	[lsZY1u2GxeL51Mav]	[Trade_Group]	[17:demostroh]	[default task-39]	Incoming request: GET /MULTIVERSA-IFP/lightning/ecm/liquidity/banks/liquidity_banks.jsf?selectedView=ecm.liquidity.banks.view.all&viewType=0&widget=LiquidityByBanksWidgetContent&banks=RpBLVhy85c5u4nGKeISH0A userAgent=[Mozilla/5.0 (X11; Linux x86_64) AppleWebKit/537.36 (KHTML, like Gecko) Chrome/75.0.3770.142 Safari/537.36] device=COMPUTER processingTime=51
=========================================================
2020-08-10 19:26:14.832	INFO	[lsZY1u2GxeL51Mav]	[Trade_Group]	[17:demostroh]	[default task-39]	Incoming request: GET /MULTIVERSA-IFP/lightning/reporting/balance/balance_overview.jsf?selectedView=ecm.reporting.balance.overview.intradayReportsView&viewType=0&widget=balancesByCurrencies userAgent=[Mozilla/5.0 (X11; Ubuntu; Linux x86_64; rv:68.0) Gecko/20100101 Firefox/68.0] device=COMPUTER processingTime=54
=========================================================
2020-08-10 19:26:14.832	INFO	[lsZY1u2GxeL51Mav]	[Trade_Group]	[17:demostroh]	[default task-39]	Incoming request: GET /MULTIVERSA-IFP/lightning/reporting/transaction/transactions_overview.jsf?selectedView=ecm.reporting.transactions.mainList.view.allTransactionsMainListReport&viewType=0&widget=IncomingTransactionsWidgetContent userAgent=[Mozilla/5.0 (X11; Ubuntu; Linux x86_64; rv:68.0) Gecko/20100101 Firefox/68.0] device=COMPUTER processingTime=48
=========================================================
2020-08-10 19:26:14.832	INFO	[lsZY1u2GxeL51Mav]	[Trade_Group]	[17:demostroh]	[default task-39]	Incoming request: GET /MULTIVERSA-IFP/lightning/reporting/transaction/transactions_overview.jsf?selectedView=ecm.reporting.transactions.mainList.view.allTransactionsMainListReport&viewType=0&widget=transactionByDate userAgent=[Mozilla/5.0 (X11; Ubuntu; Linux x86_64; rv:68.0) Gecko/20100101 Firefox/68.0] device=COMPUTER processingTime=55
=========================================================
2020-08-10 19:26:14.832	INFO	[lsZY1u2GxeL51Mav]	[Trade_Group]	[17:demostroh]	[default task-39]	Incoming request: GET /MULTIVERSA-IFP/lightning/ecm/liquidity/accounts/liquidity_accounts.jsf?selectedView=ecm.liquidity.accounts.view.all&viewType=0&widget=LiquidityByAccountsWidgetContent userAgent=[Mozilla/5.0 (X11; Ubuntu; Linux x86_64; rv:68.0) Gecko/20100101 Firefox/68.0] device=COMPUTER processingTime=57
=========================================================
2020-08-10 19:26:14.902	INFO	[8aUtXJCq37Ytb9ae]	[Trade_Group]	[17:demostroh]	[default task-39]	Incoming request: GET /MULTIVERSA-IFP/lightning/ecm/liquidity/countries/liquidity_countries.jsf?selectedView=ecm.liquidity.countries.view.all&viewType=0&widget=LiquidityByCountriesWidgetContent&countries=NL userAgent=[Mozilla/5.0 (X11; Linux x86_64) AppleWebKit/537.36 (KHTML, like Gecko) Chrome/75.0.3770.142 Safari/537.36] device=COMPUTER processingTime=54
=========================================================
2020-08-10 19:26:14.902	INFO	[8aUtXJCq37Ytb9ae]	[Trade_Group]	[17:demostroh]	[default task-39]	Incoming request: GET /MULTIVERSA-IFP/lightning/ecm/liquidity/currencies/liquidity_currencies.jsf?selectedView=ecm.liquidity.currencies.view.all&viewType=0&widget=LiquidityByCurrenciesWidgetContent userAgent=[Mozilla/5.0 (X11; Ubuntu; Linux x86_64; rv:68.0) Gecko/20100101 Firefox/68.0] device=COMPUTER processingTime=54
=========================================================
2020-08-10 19:26:14.902	INFO	[8aUtXJCq37Ytb9ae]	[Trade_Group]	[17:demostroh]	[default task-39]	Incoming request: GET /MULTIVERSA-IFP/lightning/ecm/liquidity/countries/liquidity_countries.jsf?selectedView=ecm.liquidity.countries.view.all&viewType=0&widget=LiquidityByCountriesWidgetContent&countries=NL userAgent=[Mozilla/5.0 (X11; Linux x86_64) AppleWebKit/537.36 (KHTML, like Gecko) Chrome/75.0.3770.142 Safari/537.36] device=COMPUTER processingTime=54
=========================================================
2020-08-10 19:26:14.902	INFO	[8aUtXJCq37Ytb9ae]	[Trade_Group]	[17:demostroh]	[default task-39]	Incoming request: GET /MULTIVERSA-IFP/lightning/ecm/liquidity/banks/liquidity_banks.jsf?selectedView=ecm.liquidity.banks.view.all&viewType=0&widget=LiquidityByBanksWidgetContent&banks=RpBLVhy85c5u4nGKeISH0A userAgent=[Mozilla/5.0 (X11; Linux x86_64) AppleWebKit/537.36 (KHTML, like Gecko) Chrome/75.0.3770.142 Safari/537.36] device=COMPUTER processingTime=51
=========================================================
2020-08-10 19:26:14.902	INFO	[8aUtXJCq37Ytb9ae]	[Trade_Group]	[17:demostroh]	[default task-39]	Incoming request: GET /MULTIVERSA-IFP/lightning/reporting/balance/balance_overview.jsf?selectedView=ecm.reporting.balance.overview.allAccountsView&viewType=0&widget=BalancesListWidgetContent userAgent=[Mozilla/5.0 (X11; Ubuntu; Linux x86_64; rv:68.0) Gecko/20100101 Firefox/68.0] device=COMPUTER processingTime=50
=========================================================
2020-08-10 19:26:14.902	INFO	[8aUtXJCq37Ytb9ae]	[Trade_Group]	[17:demostroh]	[default task-39]	Incoming request: GET /MULTIVERSA-IFP/core/pao/open_payments.jsf?selectedView=pao.guiList.view.toBeAuthorisedByMe&paymentType=1&widget=summary userAgent=[Mozilla/5.0 (X11; Ubuntu; Linux x86_64; rv:68.0) Gecko/20100101 Firefox/68.0] device=COMPUTER processingTime=65
=========================================================
2020-08-10 19:26:14.902	INFO	[8aUtXJCq37Ytb9ae]	[Trade_Group]	[17:demostroh]	[default task-39]	Incoming request: GET /MULTIVERSA-IFP/lightning/reporting/balance/balance_overview.jsf?selectedView=ecm.reporting.balance.overview.allAccountsView&viewType=0&widget=BalancesListWidgetContent userAgent=[Mozilla/5.0 (X11; Ubuntu; Linux x86_64; rv:68.0) Gecko/20100101 Firefox/68.0] device=COMPUTER processingTime=50
=========================================================
2020-08-10 19:26:14.902	INFO	[8aUtXJCq37Ytb9ae]	[Trade_Group]	[17:demostroh]	[default task-39]	Incoming request: GET /MULTIVERSA-IFP/lightning/reporting/transaction/transactions_overview.jsf?selectedView=ecm.reporting.transactions.mainList.view.allTransactionsMainListReport&viewType=0&widget=IncomingTransactionsWidgetContent userAgent=[Mozilla/5.0 (X11; Ubuntu; Linux x86_64; rv:68.0) Gecko/20100101 Firefox/68.0] device=COMPUTER processingTime=48
=========================================================
2020-08-10 19:26:14.902	INFO	[8aUtXJCq37Ytb9ae]	[Trade_Group]	[17:demostroh]	[default task-39]	Incoming request: GET /MULTIVERSA-IFP/lightning/ecm/liquidity/accounts/liquidity_accounts.jsf?selectedView=ecm.liquidity.accounts.view.all&viewType=0&widget=LiquidityByAccountsWidgetContent userAgent=[Mozilla/5.0 (X11; Ubuntu; Linux x86_64; rv:68.0) Gecko/20100101 Firefox/68.0] device=COMPUTER processingTime=57
=========================================================
2020-08-10 19:26:14.902	INFO	[8aUtXJCq37Ytb9ae]	[Trade_Group]	[17:demostroh]	[default task-39]	Incoming request: GET /MULTIVERSA-IFP/lightning/ecm/liquidity/countries/liquidity_countries.jsf?selectedView=ecm.liquidity.countries.view.all&viewType=0&widget=LiquidityByCountriesWidgetContent&countries=NL userAgent=[Mozilla/5.0 (X11; Linux x86_64) AppleWebKit/537.36 (KHTML, like Gecko) Chrome/75.0.3770.142 Safari/537.36] device=COMPUTER processingTime=54
=========================================================
2020-08-10 19:26:14.902	INFO	[8aUtXJCq37Ytb9ae]	[Trade_Group]	[17:demostroh]	[default task-39]	Incoming request: GET /MULTIVERSA-IFP/lightning/reporting/balance/balance_overview.jsf?selectedView=ecm.reporting.balance.overview.intradayReportsView&viewType=0&widget=balancesByCurrencies userAgent=[Mozilla/5.0 (X11; Ubuntu; Linux x86_64; rv:68.0) Gecko/20100101 Firefox/68.0] device=COMPUTER processingTime=54
=========================================================
2020-08-10 19:26:14.902	INFO	[8aUtXJCq37Ytb9ae]	[Trade_Group]	[17:demostroh]	[default task-39]	Incoming request: GET /MULTIVERSA-IFP/lightning/reporting/transaction/transactions_overview.jsf?selectedView=ecm.reporting.transactions.mainList.view.allTransactionsMainListReport&viewType=0&widget=transactionByDate userAgent=[Mozilla/5.0 (X11; Ubuntu; Linux x86_64; rv:68.0) Gecko/20100101 Firefox/68.0] device=COMPUTER processingTime=55
=========================================================
2020-08-10 19:26:14.902	INFO	[8aUtXJCq37Ytb9ae]	[Trade_Group]	[17:demostroh]	[default task-39]	Incoming request: GET /MULTIVERSA-IFP/lightning/ecm/liquidity/accounts/liquidity_accounts.jsf?selectedView=ecm.liquidity.accounts.view.all&viewType=0&widget=LiquidityByAccountsWidgetContent userAgent=[Mozilla/5.0 (X11; Ubuntu; Linux x86_64; rv:68.0) Gecko/20100101 Firefox/68.0] device=COMPUTER processingTime=57
=========================================================
2020-08-10 19:26:14.902	INFO	[8aUtXJCq37Ytb9ae]	[Trade_Group]	[17:demostroh]	[default task-39]	Incoming request: GET /MULTIVERSA-IFP/lightning/reporting/balance/balance_overview.jsf?selectedView=ecm.reporting.balance.overview.allAccountsView&viewType=0&widget=BalancesListWidgetContent userAgent=[Mozilla/5.0 (X11; Ubuntu; Linux x86_64; rv:68.0) Gecko/20100101 Firefox/68.0] device=COMPUTER processingTime=50
=========================================================
2020-08-10 19:26:14.902	INFO	[8aUtXJCq37Ytb9ae]	[Trade_Group]	[17:demostroh]	[default task-39]	Incoming request: GET /MULTIVERSA-IFP/lightning/ecm/liquidity/countries/liquidity_countries.jsf?selectedView=ecm.liquidity.countries.view.all&viewType=0&widget=LiquidityByCountriesWidgetContent&countries=NL userAgent=[Mozilla/5.0 (X11; Linux x86_64) AppleWebKit/537.36 (KHTML, like Gecko) Chrome/75.0.3770.142 Safari/537.36] device=COMPUTER processingTime=54
=========================================================
2020-08-10 19:26:14.902	INFO	[8aUtXJCq37Ytb9ae]	[Trade_Group]	[17:demostroh]	[default task-39]	Incoming request: GET /MULTIVERSA-IFP/lightning/reporting/balance/balance_overview.jsf?selectedView=ecm.reporting.balance.overview.intradayReportsView&viewType=0&widget=balancesColumn userAgent=[Mozilla/5.0 (X11; Linux x86_64) AppleWebKit/537.36 (KHTML, like Gecko) Chrome/75.0.3770.142 Safari/537.36] device=COMPUTER processingTime=329
=========================================================
2020-08-10 19:26:14.954	INFO	[foQgTfhm5a4dxJog]	[Trade_Group]	[17:demostroh]	[default task-39]	Incoming request: GET /MULTIVERSA-IFP/lightning/reporting/balance/balance_overview.jsf?selectedView=ecm.reporting.balance.overview.intradayReportsView&viewType=0&widget=balancesColumn userAgent=[Mozilla/5.0 (X11; Linux x86_64) AppleWebKit/537.36 (KHTML, like Gecko) Chrome/75.0.3770.142 Safari/537.36] device=COMPUTER processingTime=329
=========================================================
2020-08-10 19:26:14.954	INFO	[foQgTfhm5a4dxJog]	[Trade_Group]	[17:demostroh]	[default task-39]	Incoming request: GET /MULTIVERSA-IFP/lightning/reporting/balance/balance_overview.jsf?selectedView=ecm.reporting.balance.overview.allAccountsView&viewType=0&widget=BalancesListWidgetContent userAgent=[Mozilla/5.0 (X11; Ubuntu; Linux x86_64; rv:68.0) Gecko/20100101 Firefox/68.0] device=COMPUTER processingTime=50
=========================================================
2020-08-10 19:26:14.954	INFO	[foQgTfhm5a4dxJog]	[Trade_Group]	[17:demostroh]	[default task-39]	Incoming request: GET /MULTIVERSA-IFP/lightning/reporting/balance/balance_overview.jsf?selectedView=ecm.reporting.balance.overview.allAccountsView&viewType=0&widget=BalancesListWidgetContent userAgent=[Mozilla/5.0 (X11; Ubuntu; Linux x86_64; rv:68.0) Gecko/20100101 Firefox/68.0] device=COMPUTER processingTime=50
=========================================================
2020-08-10 19:26:14.954	INFO	[foQgTfhm5a4dxJog]	[Trade_Group]	[17:demostroh]	[default task-39]	Incoming request: GET /MULTIVERSA-IFP/core/pao/open_payments.jsf?selectedView=pao.guiList.view.allPayments&widget=openPayments userAgent=[Mozilla/5.0 (X11; Ubuntu; Linux x86_64; rv:68.0) Gecko/20100101 Firefox/68.0] device=COMPUTER processingTime=54
=========================================================
2020-08-10 19:26:14.954	INFO	[foQgTfhm5a4dxJog]	[Trade_Group]	[17:demostroh]	[default task-39]	Incoming request: GET /MULTIVERSA-IFP/core/pao/transmitted_payments.jsf?selectedView=pao.guiList.view.completed&viewType=0&widget=TransmittedPaymentsWidgetContent userAgent=[Mozilla/5.0 (X11; Ubuntu; Linux x86_64; rv:68.0) Gecko/20100101 Firefox/68.0] device=COMPUTER processingTime=66
=========================================================
2020-08-10 19:26:14.954	INFO	[foQgTfhm5a4dxJog]	[Trade_Group]	[17:demostroh]	[default task-39]	Incoming request: GET /MULTIVERSA-IFP/core/pao/open_payments.jsf?selectedView=pao.guiList.view.allPayments&widget=openPayments userAgent=[Mozilla/5.0 (X11; Ubuntu; Linux x86_64; rv:68.0) Gecko/20100101 Firefox/68.0] device=COMPUTER processingTime=54
=========================================================
2020-08-10 19:26:14.954	INFO	[foQgTfhm5a4dxJog]	[Trade_Group]	[17:demostroh]	[default task-39]	Incoming request: GET /MULTIVERSA-IFP/lightning/reporting/balance/balance_overview.jsf?selectedView=ecm.reporting.balance.overview.intradayReportsView&viewType=0&widget=balancesColumn userAgent=[Mozilla/5.0 (X11; Linux x86_64) AppleWebKit/537.36 (KHTML, like Gecko) Chrome/75.0.3770.142 Safari/537.36] device=COMPUTER processingTime=329
=========================================================
2020-08-10 19:26:14.954	INFO	[foQgTfhm5a4dxJog]	[Trade_Group]	[17:demostroh]	[default task-39]	Incoming request: GET /MULTIVERSA-IFP/core/pao/open_payments.jsf?selectedView=pao.guiList.view.allPayments&widget=openPayments userAgent=[Mozilla/5.0 (X11; Ubuntu; Linux x86_64; rv:68.0) Gecko/20100101 Firefox/68.0] device=COMPUTER processingTime=54
=========================================================
2020-08-10 19:26:14.954	INFO	[foQgTfhm5a4dxJog]	[Trade_Group]	[17:demostroh]	[default task-39]	Incoming request: GET /MULTIVERSA-IFP/lightning/reporting/balance/balance_overview.jsf?selectedView=ecm.reporting.balance.overview.intradayReportsView&viewType=0&widget=balancesByCurrencies userAgent=[Mozilla/5.0 (X11; Ubuntu; Linux x86_64; rv:68.0) Gecko/20100101 Firefox/68.0] device=COMPUTER processingTime=54
=========================================================
2020-08-10 19:26:14.954	INFO	[foQgTfhm5a4dxJog]	[Trade_Group]	[17:demostroh]	[default task-39]	Incoming request: GET /MULTIVERSA-IFP/lightning/reporting/balance/balance_overview.jsf?selectedView=ecm.reporting.balance.overview.allAccountsView&viewType=0&widget=BalancesListWidgetContent userAgent=[Mozilla/5.0 (X11; Ubuntu; Linux x86_64; rv:68.0) Gecko/20100101 Firefox/68.0] device=COMPUTER processingTime=50
=========================================================
2020-08-10 19:26:14.954	INFO	[foQgTfhm5a4dxJog]	[Trade_Group]	[17:demostroh]	[default task-39]	Incoming request: GET /MULTIVERSA-IFP/lightning/ecm/liquidity/currencies/liquidity_currencies.jsf?selectedView=ecm.liquidity.currencies.view.all&viewType=0&widget=LiquidityByCurrenciesWidgetContent userAgent=[Mozilla/5.0 (X11; Ubuntu; Linux x86_64; rv:68.0) Gecko/20100101 Firefox/68.0] device=COMPUTER processingTime=54
=========================================================
2020-08-10 19:26:14.954	INFO	[foQgTfhm5a4dxJog]	[Trade_Group]	[17:demostroh]	[default task-39]	Incoming request: GET /MULTIVERSA-IFP/lightning/reporting/balance/balance_overview.jsf?selectedView=ecm.reporting.balance.overview.intradayReportsView&viewType=0&widget=balancesColumn userAgent=[Mozilla/5.0 (X11; Linux x86_64) AppleWebKit/537.36 (KHTML, like Gecko) Chrome/75.0.3770.142 Safari/537.36] device=COMPUTER processingTime=329
=========================================================
2020-08-10 19:26:14.954	INFO	[foQgTfhm5a4dxJog]	[Trade_Group]	[17:demostroh]	[default task-39]	Incoming request: GET /MULTIVERSA-IFP/core/pao/open_payments.jsf?selectedView=pao.guiList.view.toBeAuthorisedByMe&paymentType=1&widget=summary userAgent=[Mozilla/5.0 (X11; Ubuntu; Linux x86_64; rv:68.0) Gecko/20100101 Firefox/68.0] device=COMPUTER processingTime=65
=========================================================
2020-08-10 19:26:14.954	INFO	[foQgTfhm5a4dxJog]	[Trade_Group]	[17:demostroh]	[default task-39]	Incoming request: GET /MULTIVERSA-IFP/lightning/ecm/liquidity/currencies/liquidity_currencies.jsf?selectedView=ecm.liquidity.currencies.view.all&viewType=0&widget=LiquidityByCurrenciesWidgetContent userAgent=[Mozilla/5.0 (X11; Ubuntu; Linux x86_64; rv:68.0) Gecko/20100101 Firefox/68.0] device=COMPUTER processingTime=54
=========================================================
2020-08-10 19:26:14.954	INFO	[foQgTfhm5a4dxJog]	[Trade_Group]	[17:demostroh]	[default task-39]	Incoming request: GET /MULTIVERSA-IFP/lightning/ecm/liquidity/accountGroups/liquidity_account_groups.jsf?selectedView=ecm.liquidity.accountGroups.view.all&viewType=0&widget=LiquidityByAccountGroupsWidgetContent userAgent=[Mozilla/5.0 (X11; Linux x86_64) AppleWebKit/537.36 (KHTML, like Gecko) Chrome/75.0.3770.142 Safari/537.36] device=COMPUTER processingTime=42
=========================================================
2020-08-10 19:26:14.954	INFO	[foQgTfhm5a4dxJog]	[Trade_Group]	[17:demostroh]	[default task-39]	Incoming request: GET /MULTIVERSA-IFP/lightning/reporting/balance/balance_overview.jsf?selectedView=ecm.reporting.balance.overview.intradayReportsView&viewType=0&widget=favouriteViews userAgent=[Mozilla/5.0 (X11; Ubuntu; Linux x86_64; rv:68.0) Gecko/20100101 Firefox/68.0] device=COMPUTER processingTime=54
=========================================================
2020-08-10 19:26:14.954	INFO	[foQgTfhm5a4dxJog]	[Trade_Group]	[17:demostroh]	[default task-39]	Incoming request: GET /MULTIVERSA-IFP/lightning/ecm/liquidity/banks/liquidity_banks.jsf?selectedView=ecm.liquidity.banks.view.all&viewType=0&widget=LiquidityByBanksWidgetContent&banks=RpBLVhy85c5u4nGKeISH0A userAgent=[Mozilla/5.0 (X11; Linux x86_64) AppleWebKit/537.36 (KHTML, like Gecko) Chrome/75.0.3770.142 Safari/537.36] device=COMPUTER processingTime=51
=========================================================
2020-08-10 19:26:14.954	INFO	[foQgTfhm5a4dxJog]	[Trade_Group]	[17:demostroh]	[default task-39]	Incoming request: GET /MULTIVERSA-IFP/core/pao/transmitted_payments.jsf?selectedView=pao.guiList.view.completed&viewType=0&widget=TransmittedPaymentsWidgetContent userAgent=[Mozilla/5.0 (X11; Ubuntu; Linux x86_64; rv:68.0) Gecko/20100101 Firefox/68.0] device=COMPUTER processingTime=66
=========================================================
2020-08-10 19:26:15.005	INFO	[wd7WWyYleYj28KFI]	[Trade_Group]	[17:demostroh]	[default task-39]	Incoming request: GET /MULTIVERSA-IFP/lightning/reporting/balance/balance_overview.jsf?selectedView=ecm.reporting.balance.overview.intradayReportsView&viewType=0&widget=favouriteViews userAgent=[Mozilla/5.0 (X11; Ubuntu; Linux x86_64; rv:68.0) Gecko/20100101 Firefox/68.0] device=COMPUTER processingTime=54
=========================================================
2020-08-10 19:26:15.006	INFO	[wd7WWyYleYj28KFI]	[Trade_Group]	[17:demostroh]	[default task-39]	Incoming request: GET /MULTIVERSA-IFP/lightning/ecm/liquidity/banks/liquidity_banks.jsf?selectedView=ecm.liquidity.banks.view.all&viewType=0&widget=LiquidityByBanksWidgetContent&banks=RpBLVhy85c5u4nGKeISH0A userAgent=[Mozilla/5.0 (X11; Linux x86_64) AppleWebKit/537.36 (KHTML, like Gecko) Chrome/75.0.3770.142 Safari/537.36] device=COMPUTER processingTime=51
=========================================================
2020-08-10 19:26:15.006	INFO	[wd7WWyYleYj28KFI]	[Trade_Group]	[17:demostroh]	[default task-39]	Incoming request: GET /MULTIVERSA-IFP/lightning/ecm/liquidity/accounts/liquidity_accounts.jsf?selectedView=ecm.liquidity.accounts.view.all&viewType=0&widget=LiquidityByAccountsWidgetContent userAgent=[Mozilla/5.0 (X11; Ubuntu; Linux x86_64; rv:68.0) Gecko/20100101 Firefox/68.0] device=COMPUTER processingTime=57
=========================================================
2020-08-10 19:26:15.006	INFO	[wd7WWyYleYj28KFI]	[Trade_Group]	[17:demostroh]	[default task-39]	Incoming request: GET /MULTIVERSA-IFP/lightning/reporting/transaction/transactions_overview.jsf?selectedView=ecm.reporting.transactions.mainList.view.allTransactionsMainListReport&viewType=0&widget=transactionByDate userAgent=[Mozilla/5.0 (X11; Ubuntu; Linux x86_64; rv:68.0) Gecko/20100101 Firefox/68.0] device=COMPUTER processingTime=55
=========================================================
2020-08-10 19:26:15.006	INFO	[wd7WWyYleYj28KFI]	[Trade_Group]	[17:demostroh]	[default task-39]	Incoming request: GET /MULTIVERSA-IFP/core/pao/web/paymententry/payment_entry_detail.jsf?screenType=CREDIT_TRANSFER&widgetAction=MORE_DETAILS&directAccess=True&widget=paymentEntry&localAccountId=&beneficiaryId=&currency=EUR&amount=&remittanceInformation= userAgent=[Mozilla/5.0 (X11; Linux x86_64) AppleWebKit/537.36 (KHTML, like Gecko) Chrome/75.0.3770.142 Safari/537.36] device=COMPUTER processingTime=186
=========================================================
2020-08-10 19:26:15.006	INFO	[wd7WWyYleYj28KFI]	[Trade_Group]	[17:demostroh]	[default task-39]	Incoming request: GET /MULTIVERSA-IFP/lightning/reporting/balance/balance_overview.jsf?selectedView=ecm.reporting.balance.overview.allAccountsView&viewType=0&widget=BalancesListWidgetContent userAgent=[Mozilla/5.0 (X11; Ubuntu; Linux x86_64; rv:68.0) Gecko/20100101 Firefox/68.0] device=COMPUTER processingTime=50
=========================================================
2020-08-10 19:26:15.006	INFO	[wd7WWyYleYj28KFI]	[Trade_Group]	[17:demostroh]	[default task-39]	Incoming request: GET /MULTIVERSA-IFP/core/pao/transmitted_payments.jsf?selectedView=pao.guiList.view.completed&viewType=0&widget=TransmittedPaymentsWidgetContent userAgent=[Mozilla/5.0 (X11; Ubuntu; Linux x86_64; rv:68.0) Gecko/20100101 Firefox/68.0] device=COMPUTER processingTime=66
=========================================================
2020-08-10 19:26:15.006	INFO	[wd7WWyYleYj28KFI]	[Trade_Group]	[17:demostroh]	[default task-39]	Incoming request: GET /MULTIVERSA-IFP/lightning/ecm/liquidity/currencies/liquidity_currencies.jsf?selectedView=ecm.liquidity.currencies.view.all&viewType=0&widget=LiquidityByCurrenciesWidgetContent userAgent=[Mozilla/5.0 (X11; Ubuntu; Linux x86_64; rv:68.0) Gecko/20100101 Firefox/68.0] device=COMPUTER processingTime=54
=========================================================
2020-08-10 19:26:15.006	INFO	[wd7WWyYleYj28KFI]	[Trade_Group]	[17:demostroh]	[default task-39]	Incoming request: GET /MULTIVERSA-IFP/lightning/ecm/liquidity/banks/liquidity_banks.jsf?selectedView=ecm.liquidity.banks.view.all&viewType=0&widget=LiquidityByBanksWidgetContent&banks=RpBLVhy85c5u4nGKeISH0A userAgent=[Mozilla/5.0 (X11; Linux x86_64) AppleWebKit/537.36 (KHTML, like Gecko) Chrome/75.0.3770.142 Safari/537.36] device=COMPUTER processingTime=51
=========================================================
2020-08-10 19:26:15.006	INFO	[wd7WWyYleYj28KFI]	[Trade_Group]	[17:demostroh]	[default task-39]	Incoming request: GET /MULTIVERSA-IFP/lightning/ecm/liquidity/banks/liquidity_banks.jsf?selectedView=ecm.liquidity.banks.view.all&viewType=0&widget=LiquidityByBanksWidgetContent&banks=RpBLVhy85c5u4nGKeISH0A userAgent=[Mozilla/5.0 (X11; Linux x86_64) AppleWebKit/537.36 (KHTML, like Gecko) Chrome/75.0.3770.142 Safari/537.36] device=COMPUTER processingTime=51
=========================================================
2020-08-10 19:26:15.006	INFO	[wd7WWyYleYj28KFI]	[Trade_Group]	[17:demostroh]	[default task-39]	Incoming request: GET /MULTIVERSA-IFP/lightning/reporting/transaction/transactions_overview.jsf?selectedView=ecm.reporting.transactions.mainList.view.allTransactionsMainListReport&viewType=0&widget=IncomingTransactionsWidgetContent userAgent=[Mozilla/5.0 (X11; Ubuntu; Linux x86_64; rv:68.0) Gecko/20100101 Firefox/68.0] device=COMPUTER processingTime=48
=========================================================
2020-08-10 19:26:15.006	INFO	[wd7WWyYleYj28KFI]	[Trade_Group]	[17:demostroh]	[default task-39]	Incoming request: GET /MULTIVERSA-IFP/core/pao/open_payments.jsf?selectedView=pao.guiList.view.allPayments&widget=openPayments userAgent=[Mozilla/5.0 (X11; Ubuntu; Linux x86_64; rv:68.0) Gecko/20100101 Firefox/68.0] device=COMPUTER processingTime=54
=========================================================
2020-08-10 19:26:15.006	INFO	[wd7WWyYleYj28KFI]	[Trade_Group]	[17:demostroh]	[default task-39]	Incoming request: GET /MULTIVERSA-IFP/core/pao/open_payments.jsf?selectedView=pao.guiList.view.allPayments&widget=openPayments userAgent=[Mozilla/5.0 (X11; Ubuntu; Linux x86_64; rv:68.0) Gecko/20100101 Firefox/68.0] device=COMPUTER processingTime=54
=========================================================
2020-08-10 19:26:15.006	INFO	[wd7WWyYleYj28KFI]	[Trade_Group]	[17:demostroh]	[default task-39]	Incoming request: GET /MULTIVERSA-IFP/lightning/ecm/liquidity/countries/liquidity_countries.jsf?selectedView=ecm.liquidity.countries.view.all&viewType=0&widget=LiquidityByCountriesWidgetContent&countries=NL userAgent=[Mozilla/5.0 (X11; Linux x86_64) AppleWebKit/537.36 (KHTML, like Gecko) Chrome/75.0.3770.142 Safari/537.36] device=COMPUTER processingTime=54
=========================================================
2020-08-10 19:26:15.006	INFO	[wd7WWyYleYj28KFI]	[Trade_Group]	[17:demostroh]	[default task-39]	Incoming request: GET /MULTIVERSA-IFP/core/pao/open_payments.jsf?selectedView=pao.guiList.view.allPayments&widget=openPayments userAgent=[Mozilla/5.0 (X11; Ubuntu; Linux x86_64; rv:68.0) Gecko/20100101 Firefox/68.0] device=COMPUTER processingTime=54
=========================================================
2020-08-10 19:26:15.006	INFO	[wd7WWyYleYj28KFI]	[Trade_Group]	[17:demostroh]	[default task-39]	Incoming request: GET /MULTIVERSA-IFP/lightning/ecm/liquidity/currencies/liquidity_currencies.jsf?selectedView=ecm.liquidity.currencies.view.all&viewType=0&widget=LiquidityByCurrenciesWidgetContent userAgent=[Mozilla/5.0 (X11; Ubuntu; Linux x86_64; rv:68.0) Gecko/20100101 Firefox/68.0] device=COMPUTER processingTime=54
=========================================================
2020-08-10 19:26:15.006	INFO	[wd7WWyYleYj28KFI]	[Trade_Group]	[17:demostroh]	[default task-39]	Incoming request: GET /MULTIVERSA-IFP/core/pao/web/paymententry/payment_entry_detail.jsf?screenType=CREDIT_TRANSFER&widgetAction=MORE_DETAILS&directAccess=True&widget=paymentEntry&localAccountId=&beneficiaryId=&currency=EUR&amount=&remittanceInformation= userAgent=[Mozilla/5.0 (X11; Linux x86_64) AppleWebKit/537.36 (KHTML, like Gecko) Chrome/75.0.3770.142 Safari/537.36] device=COMPUTER processingTime=186
=========================================================
2020-08-10 19:26:15.061	INFO	[s1CxQ4AULwnDuprj]	[Trade_Group]	[17:demostroh]	[default task-39]	Incoming request: GET /MULTIVERSA-IFP/core/pao/web/paymententry/payment_entry_detail.jsf?screenType=CREDIT_TRANSFER&widgetAction=MORE_DETAILS&directAccess=True&widget=paymentEntry&localAccountId=&beneficiaryId=&currency=EUR&amount=&remittanceInformation= userAgent=[Mozilla/5.0 (X11; Linux x86_64) AppleWebKit/537.36 (KHTML, like Gecko) Chrome/75.0.3770.142 Safari/537.36] device=COMPUTER processingTime=186
=========================================================
2020-08-10 19:26:15.061	INFO	[s1CxQ4AULwnDuprj]	[Trade_Group]	[17:demostroh]	[default task-39]	Incoming request: GET /MULTIVERSA-IFP/lightning/ecm/liquidity/countries/liquidity_countries.jsf?selectedView=ecm.liquidity.countries.view.all&viewType=0&widget=LiquidityByCountriesWidgetContent&countries=NL userAgent=[Mozilla/5.0 (X11; Linux x86_64) AppleWebKit/537.36 (KHTML, like Gecko) Chrome/75.0.3770.142 Safari/537.36] device=COMPUTER processingTime=54
=========================================================
2020-08-10 19:26:15.061	INFO	[s1CxQ4AULwnDuprj]	[Trade_Group]	[17:demostroh]	[default task-39]	Incoming request: GET /MULTIVERSA-IFP/core/pao/web/paymententry/payment_entry_detail.jsf?screenType=CREDIT_TRANSFER&widgetAction=MORE_DETAILS&directAccess=True&widget=paymentEntry&localAccountId=&beneficiaryId=&currency=EUR&amount=&remittanceInformation= userAgent=[Mozilla/5.0 (X11; Linux x86_64) AppleWebKit/537.36 (KHTML, like Gecko) Chrome/75.0.3770.142 Safari/537.36] device=COMPUTER processingTime=186
=========================================================
2020-08-10 19:26:15.061	INFO	[s1CxQ4AULwnDuprj]	[Trade_Group]	[17:demostroh]	[default task-39]	Incoming request: GET /MULTIVERSA-IFP/lightning/reporting/balance/balance_overview.jsf?selectedView=ecm.reporting.balance.overview.allAccountsView&viewType=0&widget=BalancesListWidgetContent userAgent=[Mozilla/5.0 (X11; Ubuntu; Linux x86_64; rv:68.0) Gecko/20100101 Firefox/68.0] device=COMPUTER processingTime=50
=========================================================
2020-08-10 19:26:15.061	INFO	[s1CxQ4AULwnDuprj]	[Trade_Group]	[17:demostroh]	[default task-39]	Incoming request: GET /MULTIVERSA-IFP/lightning/reporting/transaction/transactions_overview.jsf?selectedView=ecm.reporting.transactions.mainList.view.allTransactionsMainListReport&viewType=0&widget=IncomingTransactionsWidgetContent userAgent=[Mozilla/5.0 (X11; Ubuntu; Linux x86_64; rv:68.0) Gecko/20100101 Firefox/68.0] device=COMPUTER processingTime=48
=========================================================
2020-08-10 19:26:15.061	INFO	[s1CxQ4AULwnDuprj]	[Trade_Group]	[17:demostroh]	[default task-39]	Incoming request: GET /MULTIVERSA-IFP/lightning/ecm/liquidity/accounts/liquidity_accounts.jsf?selectedView=ecm.liquidity.accounts.view.all&viewType=0&widget=LiquidityByAccountsWidgetContent userAgent=[Mozilla/5.0 (X11; Ubuntu; Linux x86_64; rv:68.0) Gecko/20100101 Firefox/68.0] device=COMPUTER processingTime=57
=========================================================
2020-08-10 19:26:15.061	INFO	[s1CxQ4AULwnDuprj]	[Trade_Group]	[17:demostroh]	[default task-39]	Incoming request: GET /MULTIVERSA-IFP/lightning/reporting/balance/balance_overview.jsf?selectedView=ecm.reporting.balance.overview.intradayReportsView&viewType=0&widget=balancesByCurrencies userAgent=[Mozilla/5.0 (X11; Ubuntu; Linux x86_64; rv:68.0) Gecko/20100101 Firefox/68.0] device=COMPUTER processingTime=54
=========================================================
2020-08-10 19:26:15.061	INFO	[s1CxQ4AULwnDuprj]	[Trade_Group]	[17:demostroh]	[default task-39]	Incoming request: GET /MULTIVERSA-IFP/lightning/reporting/balance/balance_overview.jsf?selectedView=ecm.reporting.balance.overview.intradayReportsView&viewType=0&widget=favouriteViews userAgent=[Mozilla/5.0 (X11; Ubuntu; Linux x86_64; rv:68.0) Gecko/20100101 Firefox/68.0] device=COMPUTER processingTime=54
=========================================================
2020-08-10 19:26:15.061	INFO	[s1CxQ4AULwnDuprj]	[Trade_Group]	[17:demostroh]	[default task-39]	Incoming request: GET /MULTIVERSA-IFP/lightning/reporting/transaction/transactions_overview.jsf?selectedView=ecm.reporting.transactions.mainList.view.allTransactionsMainListReport&viewType=0&widget=IncomingTransactionsWidgetContent userAgent=[Mozilla/5.0 (X11; Ubuntu; Linux x86_64; rv:68.0) Gecko/20100101 Firefox/68.0] device=COMPUTER processingTime=48
=========================================================
2020-08-10 19:26:15.061	INFO	[s1CxQ4AULwnDuprj]	[Trade_Group]	[17:demostroh]	[default task-39]	Incoming request: GET /MULTIVERSA-IFP/lightning/ecm/liquidity/countries/liquidity_countries.jsf?selectedView=ecm.liquidity.countries.view.all&viewType=0&widget=LiquidityByCountriesWidgetContent&countries=NL userAgent=[Mozilla/5.0 (X11; Linux x86_64) AppleWebKit/537.36 (KHTML, like Gecko) Chrome/75.0.3770.142 Safari/537.36] device=COMPUTER processingTime=54
=========================================================
2020-08-10 19:26:15.061	INFO	[s1CxQ4AULwnDuprj]	[Trade_Group]	[17:demostroh]	[default task-39]	Incoming request: GET /MULTIVERSA-IFP/lightning/ecm/liquidity/currencies/liquidity_currencies.jsf?selectedView=ecm.liquidity.currencies.view.all&viewType=0&widget=LiquidityByCurrenciesWidgetContent userAgent=[Mozilla/5.0 (X11; Ubuntu; Linux x86_64; rv:68.0) Gecko/20100101 Firefox/68.0] device=COMPUTER processingTime=54
=========================================================
2020-08-10 19:26:15.061	INFO	[s1CxQ4AULwnDuprj]	[Trade_Group]	[17:demostroh]	[default task-39]	Incoming request: GET /MULTIVERSA-IFP/lightning/reporting/balance/balance_overview.jsf?selectedView=ecm.reporting.balance.overview.intradayReportsView&viewType=0&widget=balancesByCurrencies userAgent=[Mozilla/5.0 (X11; Ubuntu; Linux x86_64; rv:68.0) Gecko/20100101 Firefox/68.0] device=COMPUTER processingTime=54
=========================================================
2020-08-10 19:26:15.061	INFO	[s1CxQ4AULwnDuprj]	[Trade_Group]	[17:demostroh]	[default task-39]	Incoming request: GET /MULTIVERSA-IFP/lightning/ecm/liquidity/accountGroups/liquidity_account_groups.jsf?selectedView=ecm.liquidity.accountGroups.view.all&viewType=0&widget=LiquidityByAccountGroupsWidgetContent userAgent=[Mozilla/5.0 (X11; Linux x86_64) AppleWebKit/537.36 (KHTML, like Gecko) Chrome/75.0.3770.142 Safari/537.36] device=COMPUTER processingTime=42
=========================================================
2020-08-10 19:26:15.061	INFO	[s1CxQ4AULwnDuprj]	[Trade_Group]	[17:demostroh]	[default task-39]	Incoming request: GET /MULTIVERSA-IFP/lightning/reporting/transaction/transactions_overview.jsf?selectedView=ecm.reporting.transactions.mainList.view.allTransactionsMainListReport&viewType=0&widget=transactionByDate userAgent=[Mozilla/5.0 (X11; Ubuntu; Linux x86_64; rv:68.0) Gecko/20100101 Firefox/68.0] device=COMPUTER processingTime=55
=========================================================
2020-08-10 19:26:15.117	INFO	[URIyazNBbHPGYse4]	[Trade_Group]	[17:demostroh]	[default task-39]	Incoming request: GET /MULTIVERSA-IFP/lightning/reporting/transaction/transactions_overview.jsf?selectedView=ecm.reporting.transactions.mainList.view.allTransactionsMainListReport&viewType=0&widget=transactionByDate userAgent=[Mozilla/5.0 (X11; Ubuntu; Linux x86_64; rv:68.0) Gecko/20100101 Firefox/68.0] device=COMPUTER processingTime=55
=========================================================
2020-08-10 19:26:15.117	INFO	[URIyazNBbHPGYse4]	[Trade_Group]	[17:demostroh]	[default task-39]	Incoming request: GET /MULTIVERSA-IFP/core/pao/open_payments.jsf?selectedView=pao.guiList.view.allPayments&widget=openPayments userAgent=[Mozilla/5.0 (X11; Ubuntu; Linux x86_64; rv:68.0) Gecko/20100101 Firefox/68.0] device=COMPUTER processingTime=54
=========================================================
2020-08-10 19:26:15.117	INFO	[URIyazNBbHPGYse4]	[Trade_Group]	[17:demostroh]	[default task-39]	Incoming request: GET /MULTIVERSA-IFP/lightning/reporting/balance/balance_overview.jsf?selectedView=ecm.reporting.balance.overview.intradayReportsView&viewType=0&widget=favouriteViews userAgent=[Mozilla/5.0 (X11; Ubuntu; Linux x86_64; rv:68.0) Gecko/20100101 Firefox/68.0] device=COMPUTER processingTime=54
=========================================================
2020-08-10 19:26:15.117	INFO	[URIyazNBbHPGYse4]	[Trade_Group]	[17:demostroh]	[default task-39]	Incoming request: GET /MULTIVERSA-IFP/lightning/ecm/liquidity/banks/liquidity_banks.jsf?selectedView=ecm.liquidity.banks.view.all&viewType=0&widget=LiquidityByBanksWidgetContent&banks=RpBLVhy85c5u4nGKeISH0A userAgent=[Mozilla/5.0 (X11; Linux x86_64) AppleWebKit/537.36 (KHTML, like Gecko) Chrome/75.0.3770.142 Safari/537.36] device=COMPUTER processingTime=51
=========================================================
2020-08-10 19:26:15.117	INFO	[URIyazNBbHPGYse4]	[Trade_Group]	[17:demostroh]	[default task-39]	Incoming request: GET /MULTIVERSA-IFP/lightning/ecm/liquidity/accountGroups/liquidity_account_groups.jsf?selectedView=ecm.liquidity.accountGroups.view.all&viewType=0&widget=LiquidityByAccountGroupsWidgetContent userAgent=[Mozilla/5.0 (X11; Linux x86_64) AppleWebKit/537.36 (KHTML, like Gecko) Chrome/75.0.3770.142 Safari/537.36] device=COMPUTER processingTime=42
=========================================================
2020-08-10 19:26:15.117	INFO	[URIyazNBbHPGYse4]	[Trade_Group]	[17:demostroh]	[default task-39]	Incoming request: GET /MULTIVERSA-IFP/core/pao/open_payments.jsf?selectedView=pao.guiList.view.allPayments&widget=openPayments userAgent=[Mozilla/5.0 (X11; Ubuntu; Linux x86_64; rv:68.0) Gecko/20100101 Firefox/68.0] device=COMPUTER processingTime=54
=========================================================
2020-08-10 19:26:15.117	INFO	[URIyazNBbHPGYse4]	[Trade_Group]	[17:demostroh]	[default task-39]	Incoming request: GET /MULTIVERSA-IFP/lightning/ecm/liquidity/banks/liquidity_banks.jsf?selectedView=ecm.liquidity.banks.view.all&viewType=0&widget=LiquidityByBanksWidgetContent&banks=RpBLVhy85c5u4nGKeISH0A userAgent=[Mozilla/5.0 (X11; Linux x86_64) AppleWebKit/537.36 (KHTML, like Gecko) Chrome/75.0.3770.142 Safari/537.36] device=COMPUTER processingTime=51
=========================================================
2020-08-10 19:26:15.117	INFO	[URIyazNBbHPGYse4]	[Trade_Group]	[17:demostroh]	[default task-39]	Incoming request: GET /MULTIVERSA-IFP/lightning/reporting/balance/balance_overview.jsf?selectedView=ecm.reporting.balance.overview.intradayReportsView&viewType=0&widget=balancesColumn userAgent=[Mozilla/5.0 (X11; Linux x86_64) AppleWebKit/537.36 (KHTML, like Gecko) Chrome/75.0.3770.142 Safari/537.36] device=COMPUTER processingTime=329
=========================================================
2020-08-10 19:26:15.117	INFO	[URIyazNBbHPGYse4]	[Trade_Group]	[17:demostroh]	[default task-39]	Incoming request: GET /MULTIVERSA-IFP/lightning/reporting/balance/balance_overview.jsf?selectedView=ecm.reporting.balance.overview.intradayReportsView&viewType=0&widget=balancesByCurrencies userAgent=[Mozilla/5.0 (X11; Ubuntu; Linux x86_64; rv:68.0) Gecko/20100101 Firefox/68.0] device=COMPUTER processingTime=54
=========================================================
2020-08-10 19:26:15.117	INFO	[URIyazNBbHPGYse4]	[Trade_Group]	[17:demostroh]	[default task-39]	Incoming request: GET /MULTIVERSA-IFP/lightning/ecm/liquidity/accounts/liquidity_accounts.jsf?selectedView=ecm.liquidity.accounts.view.all&viewType=0&widget=LiquidityByAccountsWidgetContent userAgent=[Mozilla/5.0 (X11; Ubuntu; Linux x86_64; rv:68.0) Gecko/20100101 Firefox/68.0] device=COMPUTER processingTime=57
=========================================================
2020-08-10 19:26:15.184	INFO	[G6VfozlhjVGZF2jQ]	[Trade_Group]	[17:demostroh]	[default task-39]	Incoming request: GET /MULTIVERSA-IFP/core/pao/transmitted_payments.jsf?selectedView=pao.guiList.view.completed&viewType=0&widget=TransmittedPaymentsWidgetContent userAgent=[Mozilla/5.0 (X11; Ubuntu; Linux x86_64; rv:68.0) Gecko/20100101 Firefox/68.0] device=COMPUTER processingTime=66
=========================================================
2020-08-10 19:26:15.184	INFO	[G6VfozlhjVGZF2jQ]	[Trade_Group]	[17:demostroh]	[default task-39]	Incoming request: GET /MULTIVERSA-IFP/core/pao/transmitted_payments.jsf?selectedView=pao.guiList.view.completed&viewType=0&widget=TransmittedPaymentsWidgetContent userAgent=[Mozilla/5.0 (X11; Ubuntu; Linux x86_64; rv:68.0) Gecko/20100101 Firefox/68.0] device=COMPUTER processingTime=66
=========================================================
2020-08-10 19:26:15.184	INFO	[G6VfozlhjVGZF2jQ]	[Trade_Group]	[17:demostroh]	[default task-39]	Incoming request: GET /MULTIVERSA-IFP/lightning/reporting/balance/balance_overview.jsf?selectedView=ecm.reporting.balance.overview.intradayReportsView&viewType=0&widget=balancesByCurrencies userAgent=[Mozilla/5.0 (X11; Ubuntu; Linux x86_64; rv:68.0) Gecko/20100101 Firefox/68.0] device=COMPUTER processingTime=54
=========================================================
2020-08-10 19:26:15.184	INFO	[G6VfozlhjVGZF2jQ]	[Trade_Group]	[17:demostroh]	[default task-39]	Incoming request: GET /MULTIVERSA-IFP/lightning/ecm/liquidity/accounts/liquidity_accounts.jsf?selectedView=ecm.liquidity.accounts.view.all&viewType=0&widget=LiquidityByAccountsWidgetContent userAgent=[Mozilla/5.0 (X11; Ubuntu; Linux x86_64; rv:68.0) Gecko/20100101 Firefox/68.0] device=COMPUTER processingTime=57
=========================================================
2020-08-10 19:26:15.184	INFO	[G6VfozlhjVGZF2jQ]	[Trade_Group]	[17:demostroh]	[default task-39]	Incoming request: GET /MULTIVERSA-IFP/lightning/ecm/liquidity/banks/liquidity_banks.jsf?selectedView=ecm.liquidity.banks.view.all&viewType=0&widget=LiquidityByBanksWidgetContent&banks=RpBLVhy85c5u4nGKeISH0A userAgent=[Mozilla/5.0 (X11; Linux x86_64) AppleWebKit/537.36 (KHTML, like Gecko) Chrome/75.0.3770.142 Safari/537.36] device=COMPUTER processingTime=51
=========================================================
2020-08-10 19:26:15.256	INFO	[ANX8IZocfLeMCKOF]	[Trade_Group]	[17:demostroh]	[default task-39]	Incoming request: GET /MULTIVERSA-IFP/lightning/reporting/balance/balance_overview.jsf?selectedView=ecm.reporting.balance.overview.intradayReportsView&viewType=0&widget=balancesColumn userAgent=[Mozilla/5.0 (X11; Linux x86_64) AppleWebKit/537.36 (KHTML, like Gecko) Chrome/75.0.3770.142 Safari/537.36] device=COMPUTER processingTime=329
=========================================================
2020-08-10 19:26:15.256	INFO	[ANX8IZocfLeMCKOF]	[Trade_Group]	[17:demostroh]	[default task-39]	Incoming request: GET /MULTIVERSA-IFP/lightning/reporting/balance/balance_overview.jsf?selectedView=ecm.reporting.balance.overview.allAccountsView&viewType=0&widget=BalancesListWidgetContent userAgent=[Mozilla/5.0 (X11; Ubuntu; Linux x86_64; rv:68.0) Gecko/20100101 Firefox/68.0] device=COMPUTER processingTime=50
=========================================================
2020-08-10 19:26:15.256	INFO	[ANX8IZocfLeMCKOF]	[Trade_Group]	[17:demostroh]	[default task-39]	Incoming request: GET /MULTIVERSA-IFP/lightning/reporting/transaction/transactions_overview.jsf?selectedView=ecm.reporting.transactions.mainList.view.allTransactionsMainListReport&viewType=0&widget=IncomingTransactionsWidgetContent userAgent=[Mozilla/5.0 (X11; Ubuntu; Linux x86_64; rv:68.0) Gecko/20100101 Firefox/68.0] device=COMPUTER processingTime=48
=========================================================
2020-08-10 19:26:15.256	INFO	[ANX8IZocfLeMCKOF]	[Trade_Group]	[17:demostroh]	[default task-39]	Incoming request: GET /MULTIVERSA-IFP/lightning/ecm/liquidity/accounts/liquidity_accounts.jsf?selectedView=ecm.liquidity.accounts.view.all&viewType=0&widget=LiquidityByAccountsWidgetContent userAgent=[Mozilla/5.0 (X11; Ubuntu; Linux x86_64; rv:68.0) Gecko/20100101 Firefox/68.0] device=COMPUTER processingTime=57
=========================================================
2020-08-10 19:26:15.325	INFO	[d4WNT6L1MpsJBQzV]	[Trade_Group]	[17:demostroh]	[default task-39]	Incoming request: GET /MULTIVERSA-IFP/lightning/ecm/liquidity/banks/liquidity_banks.jsf?selectedView=ecm.liquidity.banks.view.all&viewType=0&widget=LiquidityByBanksWidgetContent&banks=RpBLVhy85c5u4nGKeISH0A userAgent=[Mozilla/5.0 (X11; Linux x86_64) AppleWebKit/537.36 (KHTML, like Gecko) Chrome/75.0.3770.142 Safari/537.36] device=COMPUTER processingTime=51
=========================================================
2020-08-10 19:26:15.326	INFO	[d4WNT6L1MpsJBQzV]	[Trade_Group]	[17:demostroh]	[default task-39]	Incoming request: GET /MULTIVERSA-IFP/core/pao/open_payments.jsf?selectedView=pao.guiList.view.toBeAuthorisedByMe&paymentType=1&widget=summary userAgent=[Mozilla/5.0 (X11; Ubuntu; Linux x86_64; rv:68.0) Gecko/20100101 Firefox/68.0] device=COMPUTER processingTime=65
=========================================================
2020-08-10 19:26:15.326	INFO	[d4WNT6L1MpsJBQzV]	[Trade_Group]	[17:demostroh]	[default task-39]	Incoming request: GET /MULTIVERSA-IFP/lightning/ecm/liquidity/accounts/liquidity_accounts.jsf?selectedView=ecm.liquidity.accounts.view.all&viewType=0&widget=LiquidityByAccountsWidgetContent userAgent=[Mozilla/5.0 (X11; Ubuntu; Linux x86_64; rv:68.0) Gecko/20100101 Firefox/68.0] device=COMPUTER processingTime=57
=========================================================
