2020-05-17 19:25:13.361	INFO	[XzrhFf4KhrLH8U6y]	[Trade_Group]	[17:demostroh]	[default task-39]	Incoming request: GET /MULTIVERSA-IFP/lightning/reporting/transaction/transactions_overview.jsf?selectedView=ecm.reporting.transactions.mainList.view.allTransactionsMainListReport&viewType=0&widget=transactionByDate userAgent=[Mozilla/5.0 (X11; Ubuntu; Linux x86_64; rv:68.0) Gecko/20100101 Firefox/68.0] device=COMPUTER processingTime=55
=========================================================
2020-05-17 19:25:13.361	INFO	[XzrhFf4KhrLH8U6y]	[Trade_Group]	[17:demostroh]	[default task-39]	Incoming request: GET /MULTIVERSA-IFP/lightning/reporting/balance/balance_overview.jsf?selectedView=ecm.reporting.balance.overview.intradayReportsView&viewType=0&widget=balancesByCurrencies userAgent=[Mozilla/5.0 (X11; Ubuntu; Linux x86_64; rv:68.0) Gecko/20100101 Firefox/68.0] device=COMPUTER processingTime=54
=========================================================
2020-05-17 19:25:13.361	INFO	[XzrhFf4KhrLH8U6y]	[Trade_Group]	[17:demostroh]	[default task-39]	Incoming request: GET /MULTIVERSA-IFP/core/pao/open_payments.jsf?selectedView=pao.guiList.view.toBeAuthorisedByMe&paymentType=1&widget=summary userAgent=[Mozilla/5.0 (X11; Ubuntu; Linux x86_64; rv:68.0) Gecko/20100101 Firefox/68.0] device=COMPUTER processingTime=65
=========================================================
2020-05-17 19:25:13.361	INFO	[XzrhFf4KhrLH8U6y]	[Trade_Group]	[17:demostroh]	[default task-39]	Incoming request: GET /MULTIVERSA-IFP/core/pao/web/paymententry/payment_entry_detail.jsf?screenType=CREDIT_TRANSFER&widgetAction=MORE_DETAILS&directAccess=True&widget=paymentEntry&localAccountId=&beneficiaryId=&currency=EUR&amount=&remittanceInformation= userAgent=[Mozilla/5.0 (X11; Linux x86_64) AppleWebKit/537.36 (KHTML, like Gecko) Chrome/75.0.3770.142 Safari/537.36] device=COMPUTER processingTime=186
=========================================================
2020-05-17 19:25:13.361	INFO	[XzrhFf4KhrLH8U6y]	[Trade_Group]	[17:demostroh]	[default task-39]	Incoming request: GET /MULTIVERSA-IFP/lightning/reporting/balance/balance_overview.jsf?selectedView=ecm.reporting.balance.overview.allAccountsView&viewType=0&widget=BalancesListWidgetContent userAgent=[Mozilla/5.0 (X11; Ubuntu; Linux x86_64; rv:68.0) Gecko/20100101 Firefox/68.0] device=COMPUTER processingTime=50
=========================================================
2020-05-17 19:25:13.361	INFO	[XzrhFf4KhrLH8U6y]	[Trade_Group]	[17:demostroh]	[default task-39]	Incoming request: GET /MULTIVERSA-IFP/core/pao/transmitted_payments.jsf?selectedView=pao.guiList.view.completed&viewType=0&widget=TransmittedPaymentsWidgetContent userAgent=[Mozilla/5.0 (X11; Ubuntu; Linux x86_64; rv:68.0) Gecko/20100101 Firefox/68.0] device=COMPUTER processingTime=66
=========================================================
2020-05-17 19:25:13.361	INFO	[XzrhFf4KhrLH8U6y]	[Trade_Group]	[17:demostroh]	[default task-39]	Incoming request: GET /MULTIVERSA-IFP/lightning/reporting/balance/balance_overview.jsf?selectedView=ecm.reporting.balance.overview.intradayReportsView&viewType=0&widget=balancesColumn userAgent=[Mozilla/5.0 (X11; Linux x86_64) AppleWebKit/537.36 (KHTML, like Gecko) Chrome/75.0.3770.142 Safari/537.36] device=COMPUTER processingTime=329
=========================================================
2020-05-17 19:25:13.361	INFO	[XzrhFf4KhrLH8U6y]	[Trade_Group]	[17:demostroh]	[default task-39]	Incoming request: GET /MULTIVERSA-IFP/core/pao/transmitted_payments.jsf?selectedView=pao.guiList.view.completed&viewType=0&widget=TransmittedPaymentsWidgetContent userAgent=[Mozilla/5.0 (X11; Ubuntu; Linux x86_64; rv:68.0) Gecko/20100101 Firefox/68.0] device=COMPUTER processingTime=66
=========================================================
2020-05-17 19:25:13.361	INFO	[XzrhFf4KhrLH8U6y]	[Trade_Group]	[17:demostroh]	[default task-39]	Incoming request: GET /MULTIVERSA-IFP/lightning/ecm/liquidity/accounts/liquidity_accounts.jsf?selectedView=ecm.liquidity.accounts.view.all&viewType=0&widget=LiquidityByAccountsWidgetContent userAgent=[Mozilla/5.0 (X11; Ubuntu; Linux x86_64; rv:68.0) Gecko/20100101 Firefox/68.0] device=COMPUTER processingTime=57
=========================================================
2020-05-17 19:25:13.362	INFO	[XzrhFf4KhrLH8U6y]	[Trade_Group]	[17:demostroh]	[default task-39]	Incoming request: GET /MULTIVERSA-IFP/lightning/ecm/liquidity/currencies/liquidity_currencies.jsf?selectedView=ecm.liquidity.currencies.view.all&viewType=0&widget=LiquidityByCurrenciesWidgetContent userAgent=[Mozilla/5.0 (X11; Ubuntu; Linux x86_64; rv:68.0) Gecko/20100101 Firefox/68.0] device=COMPUTER processingTime=54
=========================================================
2020-05-17 19:25:13.362	INFO	[XzrhFf4KhrLH8U6y]	[Trade_Group]	[17:demostroh]	[default task-39]	Incoming request: GET /MULTIVERSA-IFP/core/pao/web/paymententry/payment_entry_detail.jsf?screenType=CREDIT_TRANSFER&widgetAction=MORE_DETAILS&directAccess=True&widget=paymentEntry&localAccountId=&beneficiaryId=&currency=EUR&amount=&remittanceInformation= userAgent=[Mozilla/5.0 (X11; Linux x86_64) AppleWebKit/537.36 (KHTML, like Gecko) Chrome/75.0.3770.142 Safari/537.36] device=COMPUTER processingTime=186
=========================================================
2020-05-17 19:25:13.412	INFO	[bbAzch47Tl8HtJIq]	[Trade_Group]	[17:demostroh]	[default task-39]	Incoming request: GET /MULTIVERSA-IFP/lightning/ecm/liquidity/banks/liquidity_banks.jsf?selectedView=ecm.liquidity.banks.view.all&viewType=0&widget=LiquidityByBanksWidgetContent&banks=RpBLVhy85c5u4nGKeISH0A userAgent=[Mozilla/5.0 (X11; Linux x86_64) AppleWebKit/537.36 (KHTML, like Gecko) Chrome/75.0.3770.142 Safari/537.36] device=COMPUTER processingTime=51
=========================================================
2020-05-17 19:25:13.412	INFO	[bbAzch47Tl8HtJIq]	[Trade_Group]	[17:demostroh]	[default task-39]	Incoming request: GET /MULTIVERSA-IFP/lightning/ecm/liquidity/countries/liquidity_countries.jsf?selectedView=ecm.liquidity.countries.view.all&viewType=0&widget=LiquidityByCountriesWidgetContent&countries=NL userAgent=[Mozilla/5.0 (X11; Linux x86_64) AppleWebKit/537.36 (KHTML, like Gecko) Chrome/75.0.3770.142 Safari/537.36] device=COMPUTER processingTime=54
=========================================================
2020-05-17 19:25:13.412	INFO	[bbAzch47Tl8HtJIq]	[Trade_Group]	[17:demostroh]	[default task-39]	Incoming request: GET /MULTIVERSA-IFP/core/pao/open_payments.jsf?selectedView=pao.guiList.view.allPayments&widget=openPayments userAgent=[Mozilla/5.0 (X11; Ubuntu; Linux x86_64; rv:68.0) Gecko/20100101 Firefox/68.0] device=COMPUTER processingTime=54
=========================================================
2020-05-17 19:25:13.412	INFO	[bbAzch47Tl8HtJIq]	[Trade_Group]	[17:demostroh]	[default task-39]	Incoming request: GET /MULTIVERSA-IFP/lightning/ecm/liquidity/currencies/liquidity_currencies.jsf?selectedView=ecm.liquidity.currencies.view.all&viewType=0&widget=LiquidityByCurrenciesWidgetContent userAgent=[Mozilla/5.0 (X11; Ubuntu; Linux x86_64; rv:68.0) Gecko/20100101 Firefox/68.0] device=COMPUTER processingTime=54
=========================================================
2020-05-17 19:25:13.412	INFO	[bbAzch47Tl8HtJIq]	[Trade_Group]	[17:demostroh]	[default task-39]	Incoming request: GET /MULTIVERSA-IFP/lightning/reporting/balance/balance_overview.jsf?selectedView=ecm.reporting.balance.overview.intradayReportsView&viewType=0&widget=balancesByCurrencies userAgent=[Mozilla/5.0 (X11; Ubuntu; Linux x86_64; rv:68.0) Gecko/20100101 Firefox/68.0] device=COMPUTER processingTime=54
=========================================================
2020-05-17 19:25:13.412	INFO	[bbAzch47Tl8HtJIq]	[Trade_Group]	[17:demostroh]	[default task-39]	Incoming request: GET /MULTIVERSA-IFP/lightning/reporting/balance/balance_overview.jsf?selectedView=ecm.reporting.balance.overview.intradayReportsView&viewType=0&widget=favouriteViews userAgent=[Mozilla/5.0 (X11; Ubuntu; Linux x86_64; rv:68.0) Gecko/20100101 Firefox/68.0] device=COMPUTER processingTime=54
=========================================================
2020-05-17 19:25:13.412	INFO	[bbAzch47Tl8HtJIq]	[Trade_Group]	[17:demostroh]	[default task-39]	Incoming request: GET /MULTIVERSA-IFP/core/pao/web/paymententry/payment_entry_detail.jsf?screenType=CREDIT_TRANSFER&widgetAction=MORE_DETAILS&directAccess=True&widget=paymentEntry&localAccountId=&beneficiaryId=&currency=EUR&amount=&remittanceInformation= userAgent=[Mozilla/5.0 (X11; Linux x86_64) AppleWebKit/537.36 (KHTML, like Gecko) Chrome/75.0.3770.142 Safari/537.36] device=COMPUTER processingTime=186
=========================================================
2020-05-17 19:25:13.463	INFO	[IixpP9h6JfBahmKq]	[Trade_Group]	[17:demostroh]	[default task-39]	Incoming request: GET /MULTIVERSA-IFP/core/pao/open_payments.jsf?selectedView=pao.guiList.view.toBeAuthorisedByMe&paymentType=1&widget=summary userAgent=[Mozilla/5.0 (X11; Ubuntu; Linux x86_64; rv:68.0) Gecko/20100101 Firefox/68.0] device=COMPUTER processingTime=65
=========================================================
2020-05-17 19:25:13.463	INFO	[IixpP9h6JfBahmKq]	[Trade_Group]	[17:demostroh]	[default task-39]	Incoming request: GET /MULTIVERSA-IFP/lightning/ecm/liquidity/currencies/liquidity_currencies.jsf?selectedView=ecm.liquidity.currencies.view.all&viewType=0&widget=LiquidityByCurrenciesWidgetContent userAgent=[Mozilla/5.0 (X11; Ubuntu; Linux x86_64; rv:68.0) Gecko/20100101 Firefox/68.0] device=COMPUTER processingTime=54
=========================================================
2020-05-17 19:25:13.463	INFO	[IixpP9h6JfBahmKq]	[Trade_Group]	[17:demostroh]	[default task-39]	Incoming request: GET /MULTIVERSA-IFP/lightning/reporting/transaction/transactions_overview.jsf?selectedView=ecm.reporting.transactions.mainList.view.allTransactionsMainListReport&viewType=0&widget=IncomingTransactionsWidgetContent userAgent=[Mozilla/5.0 (X11; Ubuntu; Linux x86_64; rv:68.0) Gecko/20100101 Firefox/68.0] device=COMPUTER processingTime=48
=========================================================
2020-05-17 19:25:13.463	INFO	[IixpP9h6JfBahmKq]	[Trade_Group]	[17:demostroh]	[default task-39]	Incoming request: GET /MULTIVERSA-IFP/lightning/reporting/transaction/transactions_overview.jsf?selectedView=ecm.reporting.transactions.mainList.view.allTransactionsMainListReport&viewType=0&widget=IncomingTransactionsWidgetContent userAgent=[Mozilla/5.0 (X11; Ubuntu; Linux x86_64; rv:68.0) Gecko/20100101 Firefox/68.0] device=COMPUTER processingTime=48
=========================================================
2020-05-17 19:25:13.463	INFO	[IixpP9h6JfBahmKq]	[Trade_Group]	[17:demostroh]	[default task-39]	Incoming request: GET /MULTIVERSA-IFP/lightning/reporting/balance/balance_overview.jsf?selectedView=ecm.reporting.balance.overview.allAccountsView&viewType=0&widget=BalancesListWidgetContent userAgent=[Mozilla/5.0 (X11; Ubuntu; Linux x86_64; rv:68.0) Gecko/20100101 Firefox/68.0] device=COMPUTER processingTime=50
=========================================================
2020-05-17 19:25:13.463	INFO	[IixpP9h6JfBahmKq]	[Trade_Group]	[17:demostroh]	[default task-39]	Incoming request: GET /MULTIVERSA-IFP/lightning/reporting/transaction/transactions_overview.jsf?selectedView=ecm.reporting.transactions.mainList.view.allTransactionsMainListReport&viewType=0&widget=IncomingTransactionsWidgetContent userAgent=[Mozilla/5.0 (X11; Ubuntu; Linux x86_64; rv:68.0) Gecko/20100101 Firefox/68.0] device=COMPUTER processingTime=48
=========================================================
2020-05-17 19:25:13.463	INFO	[IixpP9h6JfBahmKq]	[Trade_Group]	[17:demostroh]	[default task-39]	Incoming request: GET /MULTIVERSA-IFP/lightning/ecm/liquidity/accounts/liquidity_accounts.jsf?selectedView=ecm.liquidity.accounts.view.all&viewType=0&widget=LiquidityByAccountsWidgetContent userAgent=[Mozilla/5.0 (X11; Ubuntu; Linux x86_64; rv:68.0) Gecko/20100101 Firefox/68.0] device=COMPUTER processingTime=57
=========================================================
2020-05-17 19:25:13.514	INFO	[eGNh4xoZ0ZguoXdx]	[Trade_Group]	[17:demostroh]	[default task-39]	Incoming request: GET /MULTIVERSA-IFP/lightning/ecm/liquidity/currencies/liquidity_currencies.jsf?selectedView=ecm.liquidity.currencies.view.all&viewType=0&widget=LiquidityByCurrenciesWidgetContent userAgent=[Mozilla/5.0 (X11; Ubuntu; Linux x86_64; rv:68.0) Gecko/20100101 Firefox/68.0] device=COMPUTER processingTime=54
=========================================================
2020-05-17 19:25:13.514	INFO	[eGNh4xoZ0ZguoXdx]	[Trade_Group]	[17:demostroh]	[default task-39]	Incoming request: GET /MULTIVERSA-IFP/core/pao/open_payments.jsf?selectedView=pao.guiList.view.toBeAuthorisedByMe&paymentType=1&widget=summary userAgent=[Mozilla/5.0 (X11; Ubuntu; Linux x86_64; rv:68.0) Gecko/20100101 Firefox/68.0] device=COMPUTER processingTime=65
=========================================================
2020-05-17 19:25:13.514	INFO	[eGNh4xoZ0ZguoXdx]	[Trade_Group]	[17:demostroh]	[default task-39]	Incoming request: GET /MULTIVERSA-IFP/core/pao/transmitted_payments.jsf?selectedView=pao.guiList.view.completed&viewType=0&widget=TransmittedPaymentsWidgetContent userAgent=[Mozilla/5.0 (X11; Ubuntu; Linux x86_64; rv:68.0) Gecko/20100101 Firefox/68.0] device=COMPUTER processingTime=66
=========================================================
2020-05-17 19:25:13.514	INFO	[eGNh4xoZ0ZguoXdx]	[Trade_Group]	[17:demostroh]	[default task-39]	Incoming request: GET /MULTIVERSA-IFP/lightning/ecm/liquidity/accountGroups/liquidity_account_groups.jsf?selectedView=ecm.liquidity.accountGroups.view.all&viewType=0&widget=LiquidityByAccountGroupsWidgetContent userAgent=[Mozilla/5.0 (X11; Linux x86_64) AppleWebKit/537.36 (KHTML, like Gecko) Chrome/75.0.3770.142 Safari/537.36] device=COMPUTER processingTime=42
=========================================================
2020-05-17 19:25:13.515	INFO	[eGNh4xoZ0ZguoXdx]	[Trade_Group]	[17:demostroh]	[default task-39]	Incoming request: GET /MULTIVERSA-IFP/lightning/reporting/balance/balance_overview.jsf?selectedView=ecm.reporting.balance.overview.intradayReportsView&viewType=0&widget=balancesColumn userAgent=[Mozilla/5.0 (X11; Linux x86_64) AppleWebKit/537.36 (KHTML, like Gecko) Chrome/75.0.3770.142 Safari/537.36] device=COMPUTER processingTime=329
=========================================================
2020-05-17 19:25:13.515	INFO	[eGNh4xoZ0ZguoXdx]	[Trade_Group]	[17:demostroh]	[default task-39]	Incoming request: GET /MULTIVERSA-IFP/lightning/ecm/liquidity/currencies/liquidity_currencies.jsf?selectedView=ecm.liquidity.currencies.view.all&viewType=0&widget=LiquidityByCurrenciesWidgetContent userAgent=[Mozilla/5.0 (X11; Ubuntu; Linux x86_64; rv:68.0) Gecko/20100101 Firefox/68.0] device=COMPUTER processingTime=54
=========================================================
2020-05-17 19:25:13.515	INFO	[eGNh4xoZ0ZguoXdx]	[Trade_Group]	[17:demostroh]	[default task-39]	Incoming request: GET /MULTIVERSA-IFP/lightning/reporting/balance/balance_overview.jsf?selectedView=ecm.reporting.balance.overview.intradayReportsView&viewType=0&widget=balancesByCurrencies userAgent=[Mozilla/5.0 (X11; Ubuntu; Linux x86_64; rv:68.0) Gecko/20100101 Firefox/68.0] device=COMPUTER processingTime=54
=========================================================
2020-05-17 19:25:13.515	INFO	[eGNh4xoZ0ZguoXdx]	[Trade_Group]	[17:demostroh]	[default task-39]	Incoming request: GET /MULTIVERSA-IFP/lightning/reporting/balance/balance_overview.jsf?selectedView=ecm.reporting.balance.overview.allAccountsView&viewType=0&widget=BalancesListWidgetContent userAgent=[Mozilla/5.0 (X11; Ubuntu; Linux x86_64; rv:68.0) Gecko/20100101 Firefox/68.0] device=COMPUTER processingTime=50
=========================================================
2020-05-17 19:25:13.515	INFO	[eGNh4xoZ0ZguoXdx]	[Trade_Group]	[17:demostroh]	[default task-39]	Incoming request: GET /MULTIVERSA-IFP/lightning/ecm/liquidity/accountGroups/liquidity_account_groups.jsf?selectedView=ecm.liquidity.accountGroups.view.all&viewType=0&widget=LiquidityByAccountGroupsWidgetContent userAgent=[Mozilla/5.0 (X11; Linux x86_64) AppleWebKit/537.36 (KHTML, like Gecko) Chrome/75.0.3770.142 Safari/537.36] device=COMPUTER processingTime=42
=========================================================
2020-05-17 19:25:13.515	INFO	[eGNh4xoZ0ZguoXdx]	[Trade_Group]	[17:demostroh]	[default task-39]	Incoming request: GET /MULTIVERSA-IFP/lightning/reporting/balance/balance_overview.jsf?selectedView=ecm.reporting.balance.overview.intradayReportsView&viewType=0&widget=favouriteViews userAgent=[Mozilla/5.0 (X11; Ubuntu; Linux x86_64; rv:68.0) Gecko/20100101 Firefox/68.0] device=COMPUTER processingTime=54
=========================================================
2020-05-17 19:25:13.515	INFO	[eGNh4xoZ0ZguoXdx]	[Trade_Group]	[17:demostroh]	[default task-39]	Incoming request: GET /MULTIVERSA-IFP/lightning/ecm/liquidity/banks/liquidity_banks.jsf?selectedView=ecm.liquidity.banks.view.all&viewType=0&widget=LiquidityByBanksWidgetContent&banks=RpBLVhy85c5u4nGKeISH0A userAgent=[Mozilla/5.0 (X11; Linux x86_64) AppleWebKit/537.36 (KHTML, like Gecko) Chrome/75.0.3770.142 Safari/537.36] device=COMPUTER processingTime=51
=========================================================
2020-05-17 19:25:13.515	INFO	[eGNh4xoZ0ZguoXdx]	[Trade_Group]	[17:demostroh]	[default task-39]	Incoming request: GET /MULTIVERSA-IFP/lightning/reporting/balance/balance_overview.jsf?selectedView=ecm.reporting.balance.overview.intradayReportsView&viewType=0&widget=favouriteViews userAgent=[Mozilla/5.0 (X11; Ubuntu; Linux x86_64; rv:68.0) Gecko/20100101 Firefox/68.0] device=COMPUTER processingTime=54
=========================================================
2020-05-17 19:25:13.515	INFO	[eGNh4xoZ0ZguoXdx]	[Trade_Group]	[17:demostroh]	[default task-39]	Incoming request: GET /MULTIVERSA-IFP/lightning/reporting/balance/balance_overview.jsf?selectedView=ecm.reporting.balance.overview.intradayReportsView&viewType=0&widget=balancesColumn userAgent=[Mozilla/5.0 (X11; Linux x86_64) AppleWebKit/537.36 (KHTML, like Gecko) Chrome/75.0.3770.142 Safari/537.36] device=COMPUTER processingTime=329
=========================================================
2020-05-17 19:25:13.515	INFO	[eGNh4xoZ0ZguoXdx]	[Trade_Group]	[17:demostroh]	[default task-39]	Incoming request: GET /MULTIVERSA-IFP/lightning/ecm/liquidity/currencies/liquidity_currencies.jsf?selectedView=ecm.liquidity.currencies.view.all&viewType=0&widget=LiquidityByCurrenciesWidgetContent userAgent=[Mozilla/5.0 (X11; Ubuntu; Linux x86_64; rv:68.0) Gecko/20100101 Firefox/68.0] device=COMPUTER processingTime=54
=========================================================
2020-05-17 19:25:13.564	INFO	[ugal4qeBNbgKUMF8]	[Trade_Group]	[17:demostroh]	[default task-39]	Incoming request: GET /MULTIVERSA-IFP/lightning/ecm/liquidity/banks/liquidity_banks.jsf?selectedView=ecm.liquidity.banks.view.all&viewType=0&widget=LiquidityByBanksWidgetContent&banks=RpBLVhy85c5u4nGKeISH0A userAgent=[Mozilla/5.0 (X11; Linux x86_64) AppleWebKit/537.36 (KHTML, like Gecko) Chrome/75.0.3770.142 Safari/537.36] device=COMPUTER processingTime=51
=========================================================
2020-05-17 19:25:13.564	INFO	[ugal4qeBNbgKUMF8]	[Trade_Group]	[17:demostroh]	[default task-39]	Incoming request: GET /MULTIVERSA-IFP/lightning/ecm/liquidity/currencies/liquidity_currencies.jsf?selectedView=ecm.liquidity.currencies.view.all&viewType=0&widget=LiquidityByCurrenciesWidgetContent userAgent=[Mozilla/5.0 (X11; Ubuntu; Linux x86_64; rv:68.0) Gecko/20100101 Firefox/68.0] device=COMPUTER processingTime=54
=========================================================
2020-05-17 19:25:13.564	INFO	[ugal4qeBNbgKUMF8]	[Trade_Group]	[17:demostroh]	[default task-39]	Incoming request: GET /MULTIVERSA-IFP/lightning/ecm/liquidity/countries/liquidity_countries.jsf?selectedView=ecm.liquidity.countries.view.all&viewType=0&widget=LiquidityByCountriesWidgetContent&countries=NL userAgent=[Mozilla/5.0 (X11; Linux x86_64) AppleWebKit/537.36 (KHTML, like Gecko) Chrome/75.0.3770.142 Safari/537.36] device=COMPUTER processingTime=54
=========================================================
2020-05-17 19:25:13.564	INFO	[ugal4qeBNbgKUMF8]	[Trade_Group]	[17:demostroh]	[default task-39]	Incoming request: GET /MULTIVERSA-IFP/lightning/ecm/liquidity/banks/liquidity_banks.jsf?selectedView=ecm.liquidity.banks.view.all&viewType=0&widget=LiquidityByBanksWidgetContent&banks=RpBLVhy85c5u4nGKeISH0A userAgent=[Mozilla/5.0 (X11; Linux x86_64) AppleWebKit/537.36 (KHTML, like Gecko) Chrome/75.0.3770.142 Safari/537.36] device=COMPUTER processingTime=51
=========================================================
2020-05-17 19:25:13.564	INFO	[ugal4qeBNbgKUMF8]	[Trade_Group]	[17:demostroh]	[default task-39]	Incoming request: GET /MULTIVERSA-IFP/lightning/reporting/transaction/transactions_overview.jsf?selectedView=ecm.reporting.transactions.mainList.view.allTransactionsMainListReport&viewType=0&widget=transactionByDate userAgent=[Mozilla/5.0 (X11; Ubuntu; Linux x86_64; rv:68.0) Gecko/20100101 Firefox/68.0] device=COMPUTER processingTime=55
=========================================================
2020-05-17 19:25:13.564	INFO	[ugal4qeBNbgKUMF8]	[Trade_Group]	[17:demostroh]	[default task-39]	Incoming request: GET /MULTIVERSA-IFP/lightning/ecm/liquidity/accounts/liquidity_accounts.jsf?selectedView=ecm.liquidity.accounts.view.all&viewType=0&widget=LiquidityByAccountsWidgetContent userAgent=[Mozilla/5.0 (X11; Ubuntu; Linux x86_64; rv:68.0) Gecko/20100101 Firefox/68.0] device=COMPUTER processingTime=57
=========================================================
2020-05-17 19:25:13.564	INFO	[ugal4qeBNbgKUMF8]	[Trade_Group]	[17:demostroh]	[default task-39]	Incoming request: GET /MULTIVERSA-IFP/lightning/reporting/balance/balance_overview.jsf?selectedView=ecm.reporting.balance.overview.allAccountsView&viewType=0&widget=BalancesListWidgetContent userAgent=[Mozilla/5.0 (X11; Ubuntu; Linux x86_64; rv:68.0) Gecko/20100101 Firefox/68.0] device=COMPUTER processingTime=50
=========================================================
2020-05-17 19:25:13.564	INFO	[ugal4qeBNbgKUMF8]	[Trade_Group]	[17:demostroh]	[default task-39]	Incoming request: GET /MULTIVERSA-IFP/core/pao/transmitted_payments.jsf?selectedView=pao.guiList.view.completed&viewType=0&widget=TransmittedPaymentsWidgetContent userAgent=[Mozilla/5.0 (X11; Ubuntu; Linux x86_64; rv:68.0) Gecko/20100101 Firefox/68.0] device=COMPUTER processingTime=66
=========================================================
2020-05-17 19:25:13.615	INFO	[LTVNtLPkRfteKECZ]	[Trade_Group]	[17:demostroh]	[default task-39]	Incoming request: GET /MULTIVERSA-IFP/lightning/reporting/balance/balance_overview.jsf?selectedView=ecm.reporting.balance.overview.allAccountsView&viewType=0&widget=BalancesListWidgetContent userAgent=[Mozilla/5.0 (X11; Ubuntu; Linux x86_64; rv:68.0) Gecko/20100101 Firefox/68.0] device=COMPUTER processingTime=50
=========================================================
2020-05-17 19:25:13.615	INFO	[LTVNtLPkRfteKECZ]	[Trade_Group]	[17:demostroh]	[default task-39]	Incoming request: GET /MULTIVERSA-IFP/lightning/ecm/liquidity/accounts/liquidity_accounts.jsf?selectedView=ecm.liquidity.accounts.view.all&viewType=0&widget=LiquidityByAccountsWidgetContent userAgent=[Mozilla/5.0 (X11; Ubuntu; Linux x86_64; rv:68.0) Gecko/20100101 Firefox/68.0] device=COMPUTER processingTime=57
=========================================================
2020-05-17 19:25:13.615	INFO	[LTVNtLPkRfteKECZ]	[Trade_Group]	[17:demostroh]	[default task-39]	Incoming request: GET /MULTIVERSA-IFP/lightning/ecm/liquidity/accountGroups/liquidity_account_groups.jsf?selectedView=ecm.liquidity.accountGroups.view.all&viewType=0&widget=LiquidityByAccountGroupsWidgetContent userAgent=[Mozilla/5.0 (X11; Linux x86_64) AppleWebKit/537.36 (KHTML, like Gecko) Chrome/75.0.3770.142 Safari/537.36] device=COMPUTER processingTime=42
=========================================================
2020-05-17 19:25:13.615	INFO	[LTVNtLPkRfteKECZ]	[Trade_Group]	[17:demostroh]	[default task-39]	Incoming request: GET /MULTIVERSA-IFP/lightning/reporting/transaction/transactions_overview.jsf?selectedView=ecm.reporting.transactions.mainList.view.allTransactionsMainListReport&viewType=0&widget=transactionByDate userAgent=[Mozilla/5.0 (X11; Ubuntu; Linux x86_64; rv:68.0) Gecko/20100101 Firefox/68.0] device=COMPUTER processingTime=55
=========================================================
2020-05-17 19:25:13.615	INFO	[LTVNtLPkRfteKECZ]	[Trade_Group]	[17:demostroh]	[default task-39]	Incoming request: GET /MULTIVERSA-IFP/lightning/reporting/balance/balance_overview.jsf?selectedView=ecm.reporting.balance.overview.allAccountsView&viewType=0&widget=BalancesListWidgetContent userAgent=[Mozilla/5.0 (X11; Ubuntu; Linux x86_64; rv:68.0) Gecko/20100101 Firefox/68.0] device=COMPUTER processingTime=50
=========================================================
2020-05-17 19:25:13.615	INFO	[LTVNtLPkRfteKECZ]	[Trade_Group]	[17:demostroh]	[default task-39]	Incoming request: GET /MULTIVERSA-IFP/lightning/reporting/transaction/transactions_overview.jsf?selectedView=ecm.reporting.transactions.mainList.view.allTransactionsMainListReport&viewType=0&widget=IncomingTransactionsWidgetContent userAgent=[Mozilla/5.0 (X11; Ubuntu; Linux x86_64; rv:68.0) Gecko/20100101 Firefox/68.0] device=COMPUTER processingTime=48
=========================================================
2020-05-17 19:25:13.615	INFO	[LTVNtLPkRfteKECZ]	[Trade_Group]	[17:demostroh]	[default task-39]	Incoming request: GET /MULTIVERSA-IFP/lightning/ecm/liquidity/accounts/liquidity_accounts.jsf?selectedView=ecm.liquidity.accounts.view.all&viewType=0&widget=LiquidityByAccountsWidgetContent userAgent=[Mozilla/5.0 (X11; Ubuntu; Linux x86_64; rv:68.0) Gecko/20100101 Firefox/68.0] device=COMPUTER processingTime=57
=========================================================
2020-05-17 19:25:13.615	INFO	[LTVNtLPkRfteKECZ]	[Trade_Group]	[17:demostroh]	[default task-39]	Incoming request: GET /MULTIVERSA-IFP/lightning/ecm/liquidity/accountGroups/liquidity_account_groups.jsf?selectedView=ecm.liquidity.accountGroups.view.all&viewType=0&widget=LiquidityByAccountGroupsWidgetContent userAgent=[Mozilla/5.0 (X11; Linux x86_64) AppleWebKit/537.36 (KHTML, like Gecko) Chrome/75.0.3770.142 Safari/537.36] device=COMPUTER processingTime=42
=========================================================
2020-05-17 19:25:13.615	INFO	[LTVNtLPkRfteKECZ]	[Trade_Group]	[17:demostroh]	[default task-39]	Incoming request: GET /MULTIVERSA-IFP/lightning/reporting/transaction/transactions_overview.jsf?selectedView=ecm.reporting.transactions.mainList.view.allTransactionsMainListReport&viewType=0&widget=transactionByDate userAgent=[Mozilla/5.0 (X11; Ubuntu; Linux x86_64; rv:68.0) Gecko/20100101 Firefox/68.0] device=COMPUTER processingTime=55
=========================================================
2020-05-17 19:25:13.615	INFO	[LTVNtLPkRfteKECZ]	[Trade_Group]	[17:demostroh]	[default task-39]	Incoming request: GET /MULTIVERSA-IFP/lightning/reporting/transaction/transactions_overview.jsf?selectedView=ecm.reporting.transactions.mainList.view.allTransactionsMainListReport&viewType=0&widget=IncomingTransactionsWidgetContent userAgent=[Mozilla/5.0 (X11; Ubuntu; Linux x86_64; rv:68.0) Gecko/20100101 Firefox/68.0] device=COMPUTER processingTime=48
=========================================================
2020-05-17 19:25:13.615	INFO	[LTVNtLPkRfteKECZ]	[Trade_Group]	[17:demostroh]	[default task-39]	Incoming request: GET /MULTIVERSA-IFP/lightning/reporting/balance/balance_overview.jsf?selectedView=ecm.reporting.balance.overview.allAccountsView&viewType=0&widget=BalancesListWidgetContent userAgent=[Mozilla/5.0 (X11; Ubuntu; Linux x86_64; rv:68.0) Gecko/20100101 Firefox/68.0] device=COMPUTER processingTime=50
=========================================================
2020-05-17 19:25:13.615	INFO	[LTVNtLPkRfteKECZ]	[Trade_Group]	[17:demostroh]	[default task-39]	Incoming request: GET /MULTIVERSA-IFP/lightning/reporting/transaction/transactions_overview.jsf?selectedView=ecm.reporting.transactions.mainList.view.allTransactionsMainListReport&viewType=0&widget=transactionByDate userAgent=[Mozilla/5.0 (X11; Ubuntu; Linux x86_64; rv:68.0) Gecko/20100101 Firefox/68.0] device=COMPUTER processingTime=55
=========================================================
2020-05-17 19:25:13.615	INFO	[LTVNtLPkRfteKECZ]	[Trade_Group]	[17:demostroh]	[default task-39]	Incoming request: GET /MULTIVERSA-IFP/core/pao/web/paymententry/payment_entry_detail.jsf?screenType=CREDIT_TRANSFER&widgetAction=MORE_DETAILS&directAccess=True&widget=paymentEntry&localAccountId=&beneficiaryId=&currency=EUR&amount=&remittanceInformation= userAgent=[Mozilla/5.0 (X11; Linux x86_64) AppleWebKit/537.36 (KHTML, like Gecko) Chrome/75.0.3770.142 Safari/537.36] device=COMPUTER processingTime=186
=========================================================
2020-05-17 19:25:13.615	INFO	[LTVNtLPkRfteKECZ]	[Trade_Group]	[17:demostroh]	[default task-39]	Incoming request: GET /MULTIVERSA-IFP/lightning/ecm/liquidity/countries/liquidity_countries.jsf?selectedView=ecm.liquidity.countries.view.all&viewType=0&widget=LiquidityByCountriesWidgetContent&countries=NL userAgent=[Mozilla/5.0 (X11; Linux x86_64) AppleWebKit/537.36 (KHTML, like Gecko) Chrome/75.0.3770.142 Safari/537.36] device=COMPUTER processingTime=54
=========================================================
2020-05-17 19:25:13.615	INFO	[LTVNtLPkRfteKECZ]	[Trade_Group]	[17:demostroh]	[default task-39]	Incoming request: GET /MULTIVERSA-IFP/lightning/reporting/balance/balance_overview.jsf?selectedView=ecm.reporting.balance.overview.intradayReportsView&viewType=0&widget=favouriteViews userAgent=[Mozilla/5.0 (X11; Ubuntu; Linux x86_64; rv:68.0) Gecko/20100101 Firefox/68.0] device=COMPUTER processingTime=54
=========================================================
2020-05-17 19:25:13.615	INFO	[LTVNtLPkRfteKECZ]	[Trade_Group]	[17:demostroh]	[default task-39]	Incoming request: GET /MULTIVERSA-IFP/lightning/ecm/liquidity/accountGroups/liquidity_account_groups.jsf?selectedView=ecm.liquidity.accountGroups.view.all&viewType=0&widget=LiquidityByAccountGroupsWidgetContent userAgent=[Mozilla/5.0 (X11; Linux x86_64) AppleWebKit/537.36 (KHTML, like Gecko) Chrome/75.0.3770.142 Safari/537.36] device=COMPUTER processingTime=42
=========================================================
2020-05-17 19:25:13.615	INFO	[LTVNtLPkRfteKECZ]	[Trade_Group]	[17:demostroh]	[default task-39]	Incoming request: GET /MULTIVERSA-IFP/core/pao/transmitted_payments.jsf?selectedView=pao.guiList.view.completed&viewType=0&widget=TransmittedPaymentsWidgetContent userAgent=[Mozilla/5.0 (X11; Ubuntu; Linux x86_64; rv:68.0) Gecko/20100101 Firefox/68.0] device=COMPUTER processingTime=66
=========================================================
2020-05-17 19:25:13.615	INFO	[LTVNtLPkRfteKECZ]	[Trade_Group]	[17:demostroh]	[default task-39]	Incoming request: GET /MULTIVERSA-IFP/lightning/ecm/liquidity/accountGroups/liquidity_account_groups.jsf?selectedView=ecm.liquidity.accountGroups.view.all&viewType=0&widget=LiquidityByAccountGroupsWidgetContent userAgent=[Mozilla/5.0 (X11; Linux x86_64) AppleWebKit/537.36 (KHTML, like Gecko) Chrome/75.0.3770.142 Safari/537.36] device=COMPUTER processingTime=42
=========================================================
2020-05-17 19:25:13.615	INFO	[LTVNtLPkRfteKECZ]	[Trade_Group]	[17:demostroh]	[default task-39]	Incoming request: GET /MULTIVERSA-IFP/lightning/reporting/balance/balance_overview.jsf?selectedView=ecm.reporting.balance.overview.intradayReportsView&viewType=0&widget=favouriteViews userAgent=[Mozilla/5.0 (X11; Ubuntu; Linux x86_64; rv:68.0) Gecko/20100101 Firefox/68.0] device=COMPUTER processingTime=54
=========================================================
2020-05-17 19:25:13.667	INFO	[QLPKnZubc6ZWAAe9]	[Trade_Group]	[17:demostroh]	[default task-39]	Incoming request: GET /MULTIVERSA-IFP/lightning/ecm/liquidity/accounts/liquidity_accounts.jsf?selectedView=ecm.liquidity.accounts.view.all&viewType=0&widget=LiquidityByAccountsWidgetContent userAgent=[Mozilla/5.0 (X11; Ubuntu; Linux x86_64; rv:68.0) Gecko/20100101 Firefox/68.0] device=COMPUTER processingTime=57
=========================================================
2020-05-17 19:25:13.667	INFO	[QLPKnZubc6ZWAAe9]	[Trade_Group]	[17:demostroh]	[default task-39]	Incoming request: GET /MULTIVERSA-IFP/lightning/reporting/transaction/transactions_overview.jsf?selectedView=ecm.reporting.transactions.mainList.view.allTransactionsMainListReport&viewType=0&widget=IncomingTransactionsWidgetContent userAgent=[Mozilla/5.0 (X11; Ubuntu; Linux x86_64; rv:68.0) Gecko/20100101 Firefox/68.0] device=COMPUTER processingTime=48
=========================================================
2020-05-17 19:25:13.667	INFO	[QLPKnZubc6ZWAAe9]	[Trade_Group]	[17:demostroh]	[default task-39]	Incoming request: GET /MULTIVERSA-IFP/core/pao/open_payments.jsf?selectedView=pao.guiList.view.allPayments&widget=openPayments userAgent=[Mozilla/5.0 (X11; Ubuntu; Linux x86_64; rv:68.0) Gecko/20100101 Firefox/68.0] device=COMPUTER processingTime=54
=========================================================
2020-05-17 19:25:13.667	INFO	[QLPKnZubc6ZWAAe9]	[Trade_Group]	[17:demostroh]	[default task-39]	Incoming request: GET /MULTIVERSA-IFP/lightning/ecm/liquidity/accounts/liquidity_accounts.jsf?selectedView=ecm.liquidity.accounts.view.all&viewType=0&widget=LiquidityByAccountsWidgetContent userAgent=[Mozilla/5.0 (X11; Ubuntu; Linux x86_64; rv:68.0) Gecko/20100101 Firefox/68.0] device=COMPUTER processingTime=57
=========================================================
2020-05-17 19:25:13.667	INFO	[QLPKnZubc6ZWAAe9]	[Trade_Group]	[17:demostroh]	[default task-39]	Incoming request: GET /MULTIVERSA-IFP/core/pao/transmitted_payments.jsf?selectedView=pao.guiList.view.completed&viewType=0&widget=TransmittedPaymentsWidgetContent userAgent=[Mozilla/5.0 (X11; Ubuntu; Linux x86_64; rv:68.0) Gecko/20100101 Firefox/68.0] device=COMPUTER processingTime=66
=========================================================
2020-05-17 19:25:13.667	INFO	[QLPKnZubc6ZWAAe9]	[Trade_Group]	[17:demostroh]	[default task-39]	Incoming request: GET /MULTIVERSA-IFP/core/pao/open_payments.jsf?selectedView=pao.guiList.view.allPayments&widget=openPayments userAgent=[Mozilla/5.0 (X11; Ubuntu; Linux x86_64; rv:68.0) Gecko/20100101 Firefox/68.0] device=COMPUTER processingTime=54
=========================================================
2020-05-17 19:25:13.667	INFO	[QLPKnZubc6ZWAAe9]	[Trade_Group]	[17:demostroh]	[default task-39]	Incoming request: GET /MULTIVERSA-IFP/lightning/reporting/transaction/transactions_overview.jsf?selectedView=ecm.reporting.transactions.mainList.view.allTransactionsMainListReport&viewType=0&widget=IncomingTransactionsWidgetContent userAgent=[Mozilla/5.0 (X11; Ubuntu; Linux x86_64; rv:68.0) Gecko/20100101 Firefox/68.0] device=COMPUTER processingTime=48
=========================================================
2020-05-17 19:25:13.718	INFO	[bF1rCGs60UdA79ZA]	[Trade_Group]	[17:demostroh]	[default task-39]	Incoming request: GET /MULTIVERSA-IFP/lightning/ecm/liquidity/banks/liquidity_banks.jsf?selectedView=ecm.liquidity.banks.view.all&viewType=0&widget=LiquidityByBanksWidgetContent&banks=RpBLVhy85c5u4nGKeISH0A userAgent=[Mozilla/5.0 (X11; Linux x86_64) AppleWebKit/537.36 (KHTML, like Gecko) Chrome/75.0.3770.142 Safari/537.36] device=COMPUTER processingTime=51
=========================================================
2020-05-17 19:25:13.718	INFO	[bF1rCGs60UdA79ZA]	[Trade_Group]	[17:demostroh]	[default task-39]	Incoming request: GET /MULTIVERSA-IFP/lightning/reporting/balance/balance_overview.jsf?selectedView=ecm.reporting.balance.overview.intradayReportsView&viewType=0&widget=favouriteViews userAgent=[Mozilla/5.0 (X11; Ubuntu; Linux x86_64; rv:68.0) Gecko/20100101 Firefox/68.0] device=COMPUTER processingTime=54
=========================================================
2020-05-17 19:25:13.718	INFO	[bF1rCGs60UdA79ZA]	[Trade_Group]	[17:demostroh]	[default task-39]	Incoming request: GET /MULTIVERSA-IFP/lightning/reporting/transaction/transactions_overview.jsf?selectedView=ecm.reporting.transactions.mainList.view.allTransactionsMainListReport&viewType=0&widget=transactionByDate userAgent=[Mozilla/5.0 (X11; Ubuntu; Linux x86_64; rv:68.0) Gecko/20100101 Firefox/68.0] device=COMPUTER processingTime=55
=========================================================
2020-05-17 19:25:13.718	INFO	[bF1rCGs60UdA79ZA]	[Trade_Group]	[17:demostroh]	[default task-39]	Incoming request: GET /MULTIVERSA-IFP/lightning/reporting/transaction/transactions_overview.jsf?selectedView=ecm.reporting.transactions.mainList.view.allTransactionsMainListReport&viewType=0&widget=transactionByDate userAgent=[Mozilla/5.0 (X11; Ubuntu; Linux x86_64; rv:68.0) Gecko/20100101 Firefox/68.0] device=COMPUTER processingTime=55
=========================================================
2020-05-17 19:25:13.718	INFO	[bF1rCGs60UdA79ZA]	[Trade_Group]	[17:demostroh]	[default task-39]	Incoming request: GET /MULTIVERSA-IFP/core/pao/open_payments.jsf?selectedView=pao.guiList.view.allPayments&widget=openPayments userAgent=[Mozilla/5.0 (X11; Ubuntu; Linux x86_64; rv:68.0) Gecko/20100101 Firefox/68.0] device=COMPUTER processingTime=54
=========================================================
2020-05-17 19:25:13.718	INFO	[bF1rCGs60UdA79ZA]	[Trade_Group]	[17:demostroh]	[default task-39]	Incoming request: GET /MULTIVERSA-IFP/lightning/ecm/liquidity/banks/liquidity_banks.jsf?selectedView=ecm.liquidity.banks.view.all&viewType=0&widget=LiquidityByBanksWidgetContent&banks=RpBLVhy85c5u4nGKeISH0A userAgent=[Mozilla/5.0 (X11; Linux x86_64) AppleWebKit/537.36 (KHTML, like Gecko) Chrome/75.0.3770.142 Safari/537.36] device=COMPUTER processingTime=51
=========================================================
2020-05-17 19:25:13.718	INFO	[bF1rCGs60UdA79ZA]	[Trade_Group]	[17:demostroh]	[default task-39]	Incoming request: GET /MULTIVERSA-IFP/lightning/reporting/balance/balance_overview.jsf?selectedView=ecm.reporting.balance.overview.intradayReportsView&viewType=0&widget=favouriteViews userAgent=[Mozilla/5.0 (X11; Ubuntu; Linux x86_64; rv:68.0) Gecko/20100101 Firefox/68.0] device=COMPUTER processingTime=54
=========================================================
2020-05-17 19:25:13.718	INFO	[bF1rCGs60UdA79ZA]	[Trade_Group]	[17:demostroh]	[default task-39]	Incoming request: GET /MULTIVERSA-IFP/core/pao/web/paymententry/payment_entry_detail.jsf?screenType=CREDIT_TRANSFER&widgetAction=MORE_DETAILS&directAccess=True&widget=paymentEntry&localAccountId=&beneficiaryId=&currency=EUR&amount=&remittanceInformation= userAgent=[Mozilla/5.0 (X11; Linux x86_64) AppleWebKit/537.36 (KHTML, like Gecko) Chrome/75.0.3770.142 Safari/537.36] device=COMPUTER processingTime=186
=========================================================
2020-05-17 19:25:13.718	INFO	[bF1rCGs60UdA79ZA]	[Trade_Group]	[17:demostroh]	[default task-39]	Incoming request: GET /MULTIVERSA-IFP/core/pao/web/paymententry/payment_entry_detail.jsf?screenType=CREDIT_TRANSFER&widgetAction=MORE_DETAILS&directAccess=True&widget=paymentEntry&localAccountId=&beneficiaryId=&currency=EUR&amount=&remittanceInformation= userAgent=[Mozilla/5.0 (X11; Linux x86_64) AppleWebKit/537.36 (KHTML, like Gecko) Chrome/75.0.3770.142 Safari/537.36] device=COMPUTER processingTime=186
=========================================================
2020-05-17 19:25:13.718	INFO	[bF1rCGs60UdA79ZA]	[Trade_Group]	[17:demostroh]	[default task-39]	Incoming request: GET /MULTIVERSA-IFP/core/pao/open_payments.jsf?selectedView=pao.guiList.view.toBeAuthorisedByMe&paymentType=1&widget=summary userAgent=[Mozilla/5.0 (X11; Ubuntu; Linux x86_64; rv:68.0) Gecko/20100101 Firefox/68.0] device=COMPUTER processingTime=65
=========================================================
2020-05-17 19:25:13.718	INFO	[bF1rCGs60UdA79ZA]	[Trade_Group]	[17:demostroh]	[default task-39]	Incoming request: GET /MULTIVERSA-IFP/lightning/reporting/balance/balance_overview.jsf?selectedView=ecm.reporting.balance.overview.allAccountsView&viewType=0&widget=BalancesListWidgetContent userAgent=[Mozilla/5.0 (X11; Ubuntu; Linux x86_64; rv:68.0) Gecko/20100101 Firefox/68.0] device=COMPUTER processingTime=50
=========================================================
2020-05-17 19:25:13.718	INFO	[bF1rCGs60UdA79ZA]	[Trade_Group]	[17:demostroh]	[default task-39]	Incoming request: GET /MULTIVERSA-IFP/lightning/ecm/liquidity/accounts/liquidity_accounts.jsf?selectedView=ecm.liquidity.accounts.view.all&viewType=0&widget=LiquidityByAccountsWidgetContent userAgent=[Mozilla/5.0 (X11; Ubuntu; Linux x86_64; rv:68.0) Gecko/20100101 Firefox/68.0] device=COMPUTER processingTime=57
=========================================================
2020-05-17 19:25:13.718	INFO	[bF1rCGs60UdA79ZA]	[Trade_Group]	[17:demostroh]	[default task-39]	Incoming request: GET /MULTIVERSA-IFP/core/pao/open_payments.jsf?selectedView=pao.guiList.view.toBeAuthorisedByMe&paymentType=1&widget=summary userAgent=[Mozilla/5.0 (X11; Ubuntu; Linux x86_64; rv:68.0) Gecko/20100101 Firefox/68.0] device=COMPUTER processingTime=65
=========================================================
2020-05-17 19:25:13.718	INFO	[bF1rCGs60UdA79ZA]	[Trade_Group]	[17:demostroh]	[default task-39]	Incoming request: GET /MULTIVERSA-IFP/core/pao/open_payments.jsf?selectedView=pao.guiList.view.allPayments&widget=openPayments userAgent=[Mozilla/5.0 (X11; Ubuntu; Linux x86_64; rv:68.0) Gecko/20100101 Firefox/68.0] device=COMPUTER processingTime=54
=========================================================
2020-05-17 19:25:13.718	INFO	[bF1rCGs60UdA79ZA]	[Trade_Group]	[17:demostroh]	[default task-39]	Incoming request: GET /MULTIVERSA-IFP/lightning/reporting/balance/balance_overview.jsf?selectedView=ecm.reporting.balance.overview.intradayReportsView&viewType=0&widget=favouriteViews userAgent=[Mozilla/5.0 (X11; Ubuntu; Linux x86_64; rv:68.0) Gecko/20100101 Firefox/68.0] device=COMPUTER processingTime=54
=========================================================
2020-05-17 19:25:13.718	INFO	[bF1rCGs60UdA79ZA]	[Trade_Group]	[17:demostroh]	[default task-39]	Incoming request: GET /MULTIVERSA-IFP/lightning/reporting/transaction/transactions_overview.jsf?selectedView=ecm.reporting.transactions.mainList.view.allTransactionsMainListReport&viewType=0&widget=IncomingTransactionsWidgetContent userAgent=[Mozilla/5.0 (X11; Ubuntu; Linux x86_64; rv:68.0) Gecko/20100101 Firefox/68.0] device=COMPUTER processingTime=48
=========================================================
2020-05-17 19:25:13.718	INFO	[bF1rCGs60UdA79ZA]	[Trade_Group]	[17:demostroh]	[default task-39]	Incoming request: GET /MULTIVERSA-IFP/core/pao/web/paymententry/payment_entry_detail.jsf?screenType=CREDIT_TRANSFER&widgetAction=MORE_DETAILS&directAccess=True&widget=paymentEntry&localAccountId=&beneficiaryId=&currency=EUR&amount=&remittanceInformation= userAgent=[Mozilla/5.0 (X11; Linux x86_64) AppleWebKit/537.36 (KHTML, like Gecko) Chrome/75.0.3770.142 Safari/537.36] device=COMPUTER processingTime=186
=========================================================
2020-05-17 19:25:13.718	INFO	[bF1rCGs60UdA79ZA]	[Trade_Group]	[17:demostroh]	[default task-39]	Incoming request: GET /MULTIVERSA-IFP/lightning/ecm/liquidity/banks/liquidity_banks.jsf?selectedView=ecm.liquidity.banks.view.all&viewType=0&widget=LiquidityByBanksWidgetContent&banks=RpBLVhy85c5u4nGKeISH0A userAgent=[Mozilla/5.0 (X11; Linux x86_64) AppleWebKit/537.36 (KHTML, like Gecko) Chrome/75.0.3770.142 Safari/537.36] device=COMPUTER processingTime=51
=========================================================
2020-05-17 19:25:13.770	INFO	[MQtV80lJnZ1HX7BJ]	[Trade_Group]	[17:demostroh]	[default task-39]	Incoming request: GET /MULTIVERSA-IFP/lightning/ecm/liquidity/accounts/liquidity_accounts.jsf?selectedView=ecm.liquidity.accounts.view.all&viewType=0&widget=LiquidityByAccountsWidgetContent userAgent=[Mozilla/5.0 (X11; Ubuntu; Linux x86_64; rv:68.0) Gecko/20100101 Firefox/68.0] device=COMPUTER processingTime=57
=========================================================
2020-05-17 19:25:13.770	INFO	[MQtV80lJnZ1HX7BJ]	[Trade_Group]	[17:demostroh]	[default task-39]	Incoming request: GET /MULTIVERSA-IFP/lightning/reporting/balance/balance_overview.jsf?selectedView=ecm.reporting.balance.overview.intradayReportsView&viewType=0&widget=favouriteViews userAgent=[Mozilla/5.0 (X11; Ubuntu; Linux x86_64; rv:68.0) Gecko/20100101 Firefox/68.0] device=COMPUTER processingTime=54
=========================================================
2020-05-17 19:25:13.770	INFO	[MQtV80lJnZ1HX7BJ]	[Trade_Group]	[17:demostroh]	[default task-39]	Incoming request: GET /MULTIVERSA-IFP/core/pao/web/paymententry/payment_entry_detail.jsf?screenType=CREDIT_TRANSFER&widgetAction=MORE_DETAILS&directAccess=True&widget=paymentEntry&localAccountId=&beneficiaryId=&currency=EUR&amount=&remittanceInformation= userAgent=[Mozilla/5.0 (X11; Linux x86_64) AppleWebKit/537.36 (KHTML, like Gecko) Chrome/75.0.3770.142 Safari/537.36] device=COMPUTER processingTime=186
=========================================================
2020-05-17 19:25:13.770	INFO	[MQtV80lJnZ1HX7BJ]	[Trade_Group]	[17:demostroh]	[default task-39]	Incoming request: GET /MULTIVERSA-IFP/lightning/reporting/balance/balance_overview.jsf?selectedView=ecm.reporting.balance.overview.allAccountsView&viewType=0&widget=BalancesListWidgetContent userAgent=[Mozilla/5.0 (X11; Ubuntu; Linux x86_64; rv:68.0) Gecko/20100101 Firefox/68.0] device=COMPUTER processingTime=50
=========================================================
2020-05-17 19:25:13.770	INFO	[MQtV80lJnZ1HX7BJ]	[Trade_Group]	[17:demostroh]	[default task-39]	Incoming request: GET /MULTIVERSA-IFP/lightning/reporting/transaction/transactions_overview.jsf?selectedView=ecm.reporting.transactions.mainList.view.allTransactionsMainListReport&viewType=0&widget=IncomingTransactionsWidgetContent userAgent=[Mozilla/5.0 (X11; Ubuntu; Linux x86_64; rv:68.0) Gecko/20100101 Firefox/68.0] device=COMPUTER processingTime=48
=========================================================
2020-05-17 19:25:13.770	INFO	[MQtV80lJnZ1HX7BJ]	[Trade_Group]	[17:demostroh]	[default task-39]	Incoming request: GET /MULTIVERSA-IFP/lightning/ecm/liquidity/accounts/liquidity_accounts.jsf?selectedView=ecm.liquidity.accounts.view.all&viewType=0&widget=LiquidityByAccountsWidgetContent userAgent=[Mozilla/5.0 (X11; Ubuntu; Linux x86_64; rv:68.0) Gecko/20100101 Firefox/68.0] device=COMPUTER processingTime=57
=========================================================
2020-05-17 19:25:13.824	INFO	[wsrhuDV2Qg5AD6CB]	[Trade_Group]	[17:demostroh]	[default task-39]	Incoming request: GET /MULTIVERSA-IFP/lightning/reporting/transaction/transactions_overview.jsf?selectedView=ecm.reporting.transactions.mainList.view.allTransactionsMainListReport&viewType=0&widget=transactionByDate userAgent=[Mozilla/5.0 (X11; Ubuntu; Linux x86_64; rv:68.0) Gecko/20100101 Firefox/68.0] device=COMPUTER processingTime=55
=========================================================
2020-05-17 19:25:13.824	INFO	[wsrhuDV2Qg5AD6CB]	[Trade_Group]	[17:demostroh]	[default task-39]	Incoming request: GET /MULTIVERSA-IFP/lightning/reporting/balance/balance_overview.jsf?selectedView=ecm.reporting.balance.overview.intradayReportsView&viewType=0&widget=balancesByCurrencies userAgent=[Mozilla/5.0 (X11; Ubuntu; Linux x86_64; rv:68.0) Gecko/20100101 Firefox/68.0] device=COMPUTER processingTime=54
=========================================================
2020-05-17 19:25:13.875	INFO	[U1lJKgzHiZcgYTrs]	[Trade_Group]	[17:demostroh]	[default task-39]	Incoming request: GET /MULTIVERSA-IFP/core/pao/open_payments.jsf?selectedView=pao.guiList.view.allPayments&widget=openPayments userAgent=[Mozilla/5.0 (X11; Ubuntu; Linux x86_64; rv:68.0) Gecko/20100101 Firefox/68.0] device=COMPUTER processingTime=54
=========================================================
2020-05-17 19:25:13.876	INFO	[U1lJKgzHiZcgYTrs]	[Trade_Group]	[17:demostroh]	[default task-39]	Incoming request: GET /MULTIVERSA-IFP/lightning/reporting/balance/balance_overview.jsf?selectedView=ecm.reporting.balance.overview.intradayReportsView&viewType=0&widget=balancesByCurrencies userAgent=[Mozilla/5.0 (X11; Ubuntu; Linux x86_64; rv:68.0) Gecko/20100101 Firefox/68.0] device=COMPUTER processingTime=54
=========================================================
2020-05-17 19:25:13.876	INFO	[U1lJKgzHiZcgYTrs]	[Trade_Group]	[17:demostroh]	[default task-39]	Incoming request: GET /MULTIVERSA-IFP/lightning/reporting/balance/balance_overview.jsf?selectedView=ecm.reporting.balance.overview.intradayReportsView&viewType=0&widget=favouriteViews userAgent=[Mozilla/5.0 (X11; Ubuntu; Linux x86_64; rv:68.0) Gecko/20100101 Firefox/68.0] device=COMPUTER processingTime=54
=========================================================
2020-05-17 19:25:13.876	INFO	[U1lJKgzHiZcgYTrs]	[Trade_Group]	[17:demostroh]	[default task-39]	Incoming request: GET /MULTIVERSA-IFP/core/pao/open_payments.jsf?selectedView=pao.guiList.view.toBeAuthorisedByMe&paymentType=1&widget=summary userAgent=[Mozilla/5.0 (X11; Ubuntu; Linux x86_64; rv:68.0) Gecko/20100101 Firefox/68.0] device=COMPUTER processingTime=65
=========================================================
2020-05-17 19:25:13.876	INFO	[U1lJKgzHiZcgYTrs]	[Trade_Group]	[17:demostroh]	[default task-39]	Incoming request: GET /MULTIVERSA-IFP/lightning/ecm/liquidity/accounts/liquidity_accounts.jsf?selectedView=ecm.liquidity.accounts.view.all&viewType=0&widget=LiquidityByAccountsWidgetContent userAgent=[Mozilla/5.0 (X11; Ubuntu; Linux x86_64; rv:68.0) Gecko/20100101 Firefox/68.0] device=COMPUTER processingTime=57
=========================================================
2020-05-17 19:25:13.876	INFO	[U1lJKgzHiZcgYTrs]	[Trade_Group]	[17:demostroh]	[default task-39]	Incoming request: GET /MULTIVERSA-IFP/lightning/reporting/balance/balance_overview.jsf?selectedView=ecm.reporting.balance.overview.intradayReportsView&viewType=0&widget=balancesByCurrencies userAgent=[Mozilla/5.0 (X11; Ubuntu; Linux x86_64; rv:68.0) Gecko/20100101 Firefox/68.0] device=COMPUTER processingTime=54
=========================================================
2020-05-17 19:25:13.876	INFO	[U1lJKgzHiZcgYTrs]	[Trade_Group]	[17:demostroh]	[default task-39]	Incoming request: GET /MULTIVERSA-IFP/lightning/ecm/liquidity/accountGroups/liquidity_account_groups.jsf?selectedView=ecm.liquidity.accountGroups.view.all&viewType=0&widget=LiquidityByAccountGroupsWidgetContent userAgent=[Mozilla/5.0 (X11; Linux x86_64) AppleWebKit/537.36 (KHTML, like Gecko) Chrome/75.0.3770.142 Safari/537.36] device=COMPUTER processingTime=42
=========================================================
2020-05-17 19:25:13.876	INFO	[U1lJKgzHiZcgYTrs]	[Trade_Group]	[17:demostroh]	[default task-39]	Incoming request: GET /MULTIVERSA-IFP/core/pao/open_payments.jsf?selectedView=pao.guiList.view.allPayments&widget=openPayments userAgent=[Mozilla/5.0 (X11; Ubuntu; Linux x86_64; rv:68.0) Gecko/20100101 Firefox/68.0] device=COMPUTER processingTime=54
=========================================================
2020-05-17 19:25:13.876	INFO	[U1lJKgzHiZcgYTrs]	[Trade_Group]	[17:demostroh]	[default task-39]	Incoming request: GET /MULTIVERSA-IFP/lightning/ecm/liquidity/currencies/liquidity_currencies.jsf?selectedView=ecm.liquidity.currencies.view.all&viewType=0&widget=LiquidityByCurrenciesWidgetContent userAgent=[Mozilla/5.0 (X11; Ubuntu; Linux x86_64; rv:68.0) Gecko/20100101 Firefox/68.0] device=COMPUTER processingTime=54
=========================================================
2020-05-17 19:25:13.876	INFO	[U1lJKgzHiZcgYTrs]	[Trade_Group]	[17:demostroh]	[default task-39]	Incoming request: GET /MULTIVERSA-IFP/lightning/reporting/transaction/transactions_overview.jsf?selectedView=ecm.reporting.transactions.mainList.view.allTransactionsMainListReport&viewType=0&widget=transactionByDate userAgent=[Mozilla/5.0 (X11; Ubuntu; Linux x86_64; rv:68.0) Gecko/20100101 Firefox/68.0] device=COMPUTER processingTime=55
=========================================================
2020-05-17 19:25:13.876	INFO	[U1lJKgzHiZcgYTrs]	[Trade_Group]	[17:demostroh]	[default task-39]	Incoming request: GET /MULTIVERSA-IFP/lightning/ecm/liquidity/banks/liquidity_banks.jsf?selectedView=ecm.liquidity.banks.view.all&viewType=0&widget=LiquidityByBanksWidgetContent&banks=RpBLVhy85c5u4nGKeISH0A userAgent=[Mozilla/5.0 (X11; Linux x86_64) AppleWebKit/537.36 (KHTML, like Gecko) Chrome/75.0.3770.142 Safari/537.36] device=COMPUTER processingTime=51
=========================================================
2020-05-17 19:25:13.876	INFO	[U1lJKgzHiZcgYTrs]	[Trade_Group]	[17:demostroh]	[default task-39]	Incoming request: GET /MULTIVERSA-IFP/lightning/reporting/transaction/transactions_overview.jsf?selectedView=ecm.reporting.transactions.mainList.view.allTransactionsMainListReport&viewType=0&widget=IncomingTransactionsWidgetContent userAgent=[Mozilla/5.0 (X11; Ubuntu; Linux x86_64; rv:68.0) Gecko/20100101 Firefox/68.0] device=COMPUTER processingTime=48
=========================================================
2020-05-17 19:25:13.876	INFO	[U1lJKgzHiZcgYTrs]	[Trade_Group]	[17:demostroh]	[default task-39]	Incoming request: GET /MULTIVERSA-IFP/lightning/reporting/balance/balance_overview.jsf?selectedView=ecm.reporting.balance.overview.intradayReportsView&viewType=0&widget=balancesColumn userAgent=[Mozilla/5.0 (X11; Linux x86_64) AppleWebKit/537.36 (KHTML, like Gecko) Chrome/75.0.3770.142 Safari/537.36] device=COMPUTER processingTime=329
=========================================================
2020-05-17 19:25:13.876	INFO	[U1lJKgzHiZcgYTrs]	[Trade_Group]	[17:demostroh]	[default task-39]	Incoming request: GET /MULTIVERSA-IFP/core/pao/web/paymententry/payment_entry_detail.jsf?screenType=CREDIT_TRANSFER&widgetAction=MORE_DETAILS&directAccess=True&widget=paymentEntry&localAccountId=&beneficiaryId=&currency=EUR&amount=&remittanceInformation= userAgent=[Mozilla/5.0 (X11; Linux x86_64) AppleWebKit/537.36 (KHTML, like Gecko) Chrome/75.0.3770.142 Safari/537.36] device=COMPUTER processingTime=186
=========================================================
2020-05-17 19:25:13.876	INFO	[U1lJKgzHiZcgYTrs]	[Trade_Group]	[17:demostroh]	[default task-39]	Incoming request: GET /MULTIVERSA-IFP/core/pao/web/paymententry/payment_entry_detail.jsf?screenType=CREDIT_TRANSFER&widgetAction=MORE_DETAILS&directAccess=True&widget=paymentEntry&localAccountId=&beneficiaryId=&currency=EUR&amount=&remittanceInformation= userAgent=[Mozilla/5.0 (X11; Linux x86_64) AppleWebKit/537.36 (KHTML, like Gecko) Chrome/75.0.3770.142 Safari/537.36] device=COMPUTER processingTime=186
=========================================================
2020-05-17 19:25:13.876	INFO	[U1lJKgzHiZcgYTrs]	[Trade_Group]	[17:demostroh]	[default task-39]	Incoming request: GET /MULTIVERSA-IFP/lightning/ecm/liquidity/countries/liquidity_countries.jsf?selectedView=ecm.liquidity.countries.view.all&viewType=0&widget=LiquidityByCountriesWidgetContent&countries=NL userAgent=[Mozilla/5.0 (X11; Linux x86_64) AppleWebKit/537.36 (KHTML, like Gecko) Chrome/75.0.3770.142 Safari/537.36] device=COMPUTER processingTime=54
=========================================================
2020-05-17 19:25:13.876	INFO	[U1lJKgzHiZcgYTrs]	[Trade_Group]	[17:demostroh]	[default task-39]	Incoming request: GET /MULTIVERSA-IFP/lightning/ecm/liquidity/accountGroups/liquidity_account_groups.jsf?selectedView=ecm.liquidity.accountGroups.view.all&viewType=0&widget=LiquidityByAccountGroupsWidgetContent userAgent=[Mozilla/5.0 (X11; Linux x86_64) AppleWebKit/537.36 (KHTML, like Gecko) Chrome/75.0.3770.142 Safari/537.36] device=COMPUTER processingTime=42
=========================================================
2020-05-17 19:25:13.876	INFO	[U1lJKgzHiZcgYTrs]	[Trade_Group]	[17:demostroh]	[default task-39]	Incoming request: GET /MULTIVERSA-IFP/lightning/ecm/liquidity/accounts/liquidity_accounts.jsf?selectedView=ecm.liquidity.accounts.view.all&viewType=0&widget=LiquidityByAccountsWidgetContent userAgent=[Mozilla/5.0 (X11; Ubuntu; Linux x86_64; rv:68.0) Gecko/20100101 Firefox/68.0] device=COMPUTER processingTime=57
=========================================================
2020-05-17 19:25:13.876	INFO	[U1lJKgzHiZcgYTrs]	[Trade_Group]	[17:demostroh]	[default task-39]	Incoming request: GET /MULTIVERSA-IFP/core/pao/open_payments.jsf?selectedView=pao.guiList.view.allPayments&widget=openPayments userAgent=[Mozilla/5.0 (X11; Ubuntu; Linux x86_64; rv:68.0) Gecko/20100101 Firefox/68.0] device=COMPUTER processingTime=54
=========================================================
2020-05-17 19:25:13.876	INFO	[U1lJKgzHiZcgYTrs]	[Trade_Group]	[17:demostroh]	[default task-39]	Incoming request: GET /MULTIVERSA-IFP/core/pao/open_payments.jsf?selectedView=pao.guiList.view.allPayments&widget=openPayments userAgent=[Mozilla/5.0 (X11; Ubuntu; Linux x86_64; rv:68.0) Gecko/20100101 Firefox/68.0] device=COMPUTER processingTime=54
=========================================================
2020-05-17 19:25:13.927	INFO	[ZbxAAY7JHStmmp2O]	[Trade_Group]	[17:demostroh]	[default task-39]	Incoming request: GET /MULTIVERSA-IFP/lightning/reporting/balance/balance_overview.jsf?selectedView=ecm.reporting.balance.overview.allAccountsView&viewType=0&widget=BalancesListWidgetContent userAgent=[Mozilla/5.0 (X11; Ubuntu; Linux x86_64; rv:68.0) Gecko/20100101 Firefox/68.0] device=COMPUTER processingTime=50
=========================================================
2020-05-17 19:25:13.927	INFO	[ZbxAAY7JHStmmp2O]	[Trade_Group]	[17:demostroh]	[default task-39]	Incoming request: GET /MULTIVERSA-IFP/lightning/reporting/balance/balance_overview.jsf?selectedView=ecm.reporting.balance.overview.intradayReportsView&viewType=0&widget=balancesByCurrencies userAgent=[Mozilla/5.0 (X11; Ubuntu; Linux x86_64; rv:68.0) Gecko/20100101 Firefox/68.0] device=COMPUTER processingTime=54
=========================================================
2020-05-17 19:25:13.927	INFO	[ZbxAAY7JHStmmp2O]	[Trade_Group]	[17:demostroh]	[default task-39]	Incoming request: GET /MULTIVERSA-IFP/lightning/reporting/transaction/transactions_overview.jsf?selectedView=ecm.reporting.transactions.mainList.view.allTransactionsMainListReport&viewType=0&widget=IncomingTransactionsWidgetContent userAgent=[Mozilla/5.0 (X11; Ubuntu; Linux x86_64; rv:68.0) Gecko/20100101 Firefox/68.0] device=COMPUTER processingTime=48
=========================================================
2020-05-17 19:25:13.927	INFO	[ZbxAAY7JHStmmp2O]	[Trade_Group]	[17:demostroh]	[default task-39]	Incoming request: GET /MULTIVERSA-IFP/core/pao/open_payments.jsf?selectedView=pao.guiList.view.toBeAuthorisedByMe&paymentType=1&widget=summary userAgent=[Mozilla/5.0 (X11; Ubuntu; Linux x86_64; rv:68.0) Gecko/20100101 Firefox/68.0] device=COMPUTER processingTime=65
=========================================================
2020-05-17 19:25:13.927	INFO	[ZbxAAY7JHStmmp2O]	[Trade_Group]	[17:demostroh]	[default task-39]	Incoming request: GET /MULTIVERSA-IFP/lightning/reporting/balance/balance_overview.jsf?selectedView=ecm.reporting.balance.overview.allAccountsView&viewType=0&widget=BalancesListWidgetContent userAgent=[Mozilla/5.0 (X11; Ubuntu; Linux x86_64; rv:68.0) Gecko/20100101 Firefox/68.0] device=COMPUTER processingTime=50
=========================================================
2020-05-17 19:25:13.927	INFO	[ZbxAAY7JHStmmp2O]	[Trade_Group]	[17:demostroh]	[default task-39]	Incoming request: GET /MULTIVERSA-IFP/lightning/reporting/transaction/transactions_overview.jsf?selectedView=ecm.reporting.transactions.mainList.view.allTransactionsMainListReport&viewType=0&widget=IncomingTransactionsWidgetContent userAgent=[Mozilla/5.0 (X11; Ubuntu; Linux x86_64; rv:68.0) Gecko/20100101 Firefox/68.0] device=COMPUTER processingTime=48
=========================================================
2020-05-17 19:25:13.927	INFO	[ZbxAAY7JHStmmp2O]	[Trade_Group]	[17:demostroh]	[default task-39]	Incoming request: GET /MULTIVERSA-IFP/lightning/ecm/liquidity/accounts/liquidity_accounts.jsf?selectedView=ecm.liquidity.accounts.view.all&viewType=0&widget=LiquidityByAccountsWidgetContent userAgent=[Mozilla/5.0 (X11; Ubuntu; Linux x86_64; rv:68.0) Gecko/20100101 Firefox/68.0] device=COMPUTER processingTime=57
=========================================================
2020-05-17 19:25:13.983	INFO	[QJE4q4DPC7oqGhTZ]	[Trade_Group]	[17:demostroh]	[default task-39]	Incoming request: GET /MULTIVERSA-IFP/lightning/ecm/liquidity/accounts/liquidity_accounts.jsf?selectedView=ecm.liquidity.accounts.view.all&viewType=0&widget=LiquidityByAccountsWidgetContent userAgent=[Mozilla/5.0 (X11; Ubuntu; Linux x86_64; rv:68.0) Gecko/20100101 Firefox/68.0] device=COMPUTER processingTime=57
=========================================================
2020-05-17 19:25:13.983	INFO	[QJE4q4DPC7oqGhTZ]	[Trade_Group]	[17:demostroh]	[default task-39]	Incoming request: GET /MULTIVERSA-IFP/lightning/reporting/transaction/transactions_overview.jsf?selectedView=ecm.reporting.transactions.mainList.view.allTransactionsMainListReport&viewType=0&widget=IncomingTransactionsWidgetContent userAgent=[Mozilla/5.0 (X11; Ubuntu; Linux x86_64; rv:68.0) Gecko/20100101 Firefox/68.0] device=COMPUTER processingTime=48
=========================================================
2020-05-17 19:25:13.983	INFO	[QJE4q4DPC7oqGhTZ]	[Trade_Group]	[17:demostroh]	[default task-39]	Incoming request: GET /MULTIVERSA-IFP/lightning/reporting/balance/balance_overview.jsf?selectedView=ecm.reporting.balance.overview.intradayReportsView&viewType=0&widget=balancesColumn userAgent=[Mozilla/5.0 (X11; Linux x86_64) AppleWebKit/537.36 (KHTML, like Gecko) Chrome/75.0.3770.142 Safari/537.36] device=COMPUTER processingTime=329
=========================================================
2020-05-17 19:25:13.983	INFO	[QJE4q4DPC7oqGhTZ]	[Trade_Group]	[17:demostroh]	[default task-39]	Incoming request: GET /MULTIVERSA-IFP/lightning/ecm/liquidity/banks/liquidity_banks.jsf?selectedView=ecm.liquidity.banks.view.all&viewType=0&widget=LiquidityByBanksWidgetContent&banks=RpBLVhy85c5u4nGKeISH0A userAgent=[Mozilla/5.0 (X11; Linux x86_64) AppleWebKit/537.36 (KHTML, like Gecko) Chrome/75.0.3770.142 Safari/537.36] device=COMPUTER processingTime=51
=========================================================
2020-05-17 19:25:13.983	INFO	[QJE4q4DPC7oqGhTZ]	[Trade_Group]	[17:demostroh]	[default task-39]	Incoming request: GET /MULTIVERSA-IFP/core/pao/open_payments.jsf?selectedView=pao.guiList.view.toBeAuthorisedByMe&paymentType=1&widget=summary userAgent=[Mozilla/5.0 (X11; Ubuntu; Linux x86_64; rv:68.0) Gecko/20100101 Firefox/68.0] device=COMPUTER processingTime=65
=========================================================
2020-05-17 19:25:13.983	INFO	[QJE4q4DPC7oqGhTZ]	[Trade_Group]	[17:demostroh]	[default task-39]	Incoming request: GET /MULTIVERSA-IFP/lightning/reporting/balance/balance_overview.jsf?selectedView=ecm.reporting.balance.overview.intradayReportsView&viewType=0&widget=balancesColumn userAgent=[Mozilla/5.0 (X11; Linux x86_64) AppleWebKit/537.36 (KHTML, like Gecko) Chrome/75.0.3770.142 Safari/537.36] device=COMPUTER processingTime=329
=========================================================
2020-05-17 19:25:13.983	INFO	[QJE4q4DPC7oqGhTZ]	[Trade_Group]	[17:demostroh]	[default task-39]	Incoming request: GET /MULTIVERSA-IFP/core/pao/open_payments.jsf?selectedView=pao.guiList.view.toBeAuthorisedByMe&paymentType=1&widget=summary userAgent=[Mozilla/5.0 (X11; Ubuntu; Linux x86_64; rv:68.0) Gecko/20100101 Firefox/68.0] device=COMPUTER processingTime=65
=========================================================
2020-05-17 19:25:13.983	INFO	[QJE4q4DPC7oqGhTZ]	[Trade_Group]	[17:demostroh]	[default task-39]	Incoming request: GET /MULTIVERSA-IFP/lightning/ecm/liquidity/countries/liquidity_countries.jsf?selectedView=ecm.liquidity.countries.view.all&viewType=0&widget=LiquidityByCountriesWidgetContent&countries=NL userAgent=[Mozilla/5.0 (X11; Linux x86_64) AppleWebKit/537.36 (KHTML, like Gecko) Chrome/75.0.3770.142 Safari/537.36] device=COMPUTER processingTime=54
=========================================================
2020-05-17 19:25:13.983	INFO	[QJE4q4DPC7oqGhTZ]	[Trade_Group]	[17:demostroh]	[default task-39]	Incoming request: GET /MULTIVERSA-IFP/lightning/ecm/liquidity/currencies/liquidity_currencies.jsf?selectedView=ecm.liquidity.currencies.view.all&viewType=0&widget=LiquidityByCurrenciesWidgetContent userAgent=[Mozilla/5.0 (X11; Ubuntu; Linux x86_64; rv:68.0) Gecko/20100101 Firefox/68.0] device=COMPUTER processingTime=54
=========================================================
2020-05-17 19:25:13.983	INFO	[QJE4q4DPC7oqGhTZ]	[Trade_Group]	[17:demostroh]	[default task-39]	Incoming request: GET /MULTIVERSA-IFP/lightning/reporting/balance/balance_overview.jsf?selectedView=ecm.reporting.balance.overview.intradayReportsView&viewType=0&widget=favouriteViews userAgent=[Mozilla/5.0 (X11; Ubuntu; Linux x86_64; rv:68.0) Gecko/20100101 Firefox/68.0] device=COMPUTER processingTime=54
=========================================================
2020-05-17 19:25:13.983	INFO	[QJE4q4DPC7oqGhTZ]	[Trade_Group]	[17:demostroh]	[default task-39]	Incoming request: GET /MULTIVERSA-IFP/core/pao/open_payments.jsf?selectedView=pao.guiList.view.toBeAuthorisedByMe&paymentType=1&widget=summary userAgent=[Mozilla/5.0 (X11; Ubuntu; Linux x86_64; rv:68.0) Gecko/20100101 Firefox/68.0] device=COMPUTER processingTime=65
=========================================================
2020-05-17 19:25:13.983	INFO	[QJE4q4DPC7oqGhTZ]	[Trade_Group]	[17:demostroh]	[default task-39]	Incoming request: GET /MULTIVERSA-IFP/lightning/ecm/liquidity/currencies/liquidity_currencies.jsf?selectedView=ecm.liquidity.currencies.view.all&viewType=0&widget=LiquidityByCurrenciesWidgetContent userAgent=[Mozilla/5.0 (X11; Ubuntu; Linux x86_64; rv:68.0) Gecko/20100101 Firefox/68.0] device=COMPUTER processingTime=54
=========================================================
2020-05-17 19:25:13.983	INFO	[QJE4q4DPC7oqGhTZ]	[Trade_Group]	[17:demostroh]	[default task-39]	Incoming request: GET /MULTIVERSA-IFP/lightning/ecm/liquidity/banks/liquidity_banks.jsf?selectedView=ecm.liquidity.banks.view.all&viewType=0&widget=LiquidityByBanksWidgetContent&banks=RpBLVhy85c5u4nGKeISH0A userAgent=[Mozilla/5.0 (X11; Linux x86_64) AppleWebKit/537.36 (KHTML, like Gecko) Chrome/75.0.3770.142 Safari/537.36] device=COMPUTER processingTime=51
=========================================================
2020-05-17 19:25:14.035	INFO	[t71ci8SpqltqTCmc]	[Trade_Group]	[17:demostroh]	[default task-39]	Incoming request: GET /MULTIVERSA-IFP/core/pao/open_payments.jsf?selectedView=pao.guiList.view.toBeAuthorisedByMe&paymentType=1&widget=summary userAgent=[Mozilla/5.0 (X11; Ubuntu; Linux x86_64; rv:68.0) Gecko/20100101 Firefox/68.0] device=COMPUTER processingTime=65
=========================================================
2020-05-17 19:25:14.035	INFO	[t71ci8SpqltqTCmc]	[Trade_Group]	[17:demostroh]	[default task-39]	Incoming request: GET /MULTIVERSA-IFP/lightning/ecm/liquidity/accounts/liquidity_accounts.jsf?selectedView=ecm.liquidity.accounts.view.all&viewType=0&widget=LiquidityByAccountsWidgetContent userAgent=[Mozilla/5.0 (X11; Ubuntu; Linux x86_64; rv:68.0) Gecko/20100101 Firefox/68.0] device=COMPUTER processingTime=57
=========================================================
2020-05-17 19:25:14.035	INFO	[t71ci8SpqltqTCmc]	[Trade_Group]	[17:demostroh]	[default task-39]	Incoming request: GET /MULTIVERSA-IFP/lightning/ecm/liquidity/accountGroups/liquidity_account_groups.jsf?selectedView=ecm.liquidity.accountGroups.view.all&viewType=0&widget=LiquidityByAccountGroupsWidgetContent userAgent=[Mozilla/5.0 (X11; Linux x86_64) AppleWebKit/537.36 (KHTML, like Gecko) Chrome/75.0.3770.142 Safari/537.36] device=COMPUTER processingTime=42
=========================================================
2020-05-17 19:25:14.035	INFO	[t71ci8SpqltqTCmc]	[Trade_Group]	[17:demostroh]	[default task-39]	Incoming request: GET /MULTIVERSA-IFP/core/pao/web/paymententry/payment_entry_detail.jsf?screenType=CREDIT_TRANSFER&widgetAction=MORE_DETAILS&directAccess=True&widget=paymentEntry&localAccountId=&beneficiaryId=&currency=EUR&amount=&remittanceInformation= userAgent=[Mozilla/5.0 (X11; Linux x86_64) AppleWebKit/537.36 (KHTML, like Gecko) Chrome/75.0.3770.142 Safari/537.36] device=COMPUTER processingTime=186
=========================================================
2020-05-17 19:25:14.035	INFO	[t71ci8SpqltqTCmc]	[Trade_Group]	[17:demostroh]	[default task-39]	Incoming request: GET /MULTIVERSA-IFP/lightning/reporting/balance/balance_overview.jsf?selectedView=ecm.reporting.balance.overview.intradayReportsView&viewType=0&widget=balancesColumn userAgent=[Mozilla/5.0 (X11; Linux x86_64) AppleWebKit/537.36 (KHTML, like Gecko) Chrome/75.0.3770.142 Safari/537.36] device=COMPUTER processingTime=329
=========================================================
2020-05-17 19:25:14.035	INFO	[t71ci8SpqltqTCmc]	[Trade_Group]	[17:demostroh]	[default task-39]	Incoming request: GET /MULTIVERSA-IFP/core/pao/open_payments.jsf?selectedView=pao.guiList.view.allPayments&widget=openPayments userAgent=[Mozilla/5.0 (X11; Ubuntu; Linux x86_64; rv:68.0) Gecko/20100101 Firefox/68.0] device=COMPUTER processingTime=54
=========================================================
2020-05-17 19:25:14.035	INFO	[t71ci8SpqltqTCmc]	[Trade_Group]	[17:demostroh]	[default task-39]	Incoming request: GET /MULTIVERSA-IFP/lightning/ecm/liquidity/accounts/liquidity_accounts.jsf?selectedView=ecm.liquidity.accounts.view.all&viewType=0&widget=LiquidityByAccountsWidgetContent userAgent=[Mozilla/5.0 (X11; Ubuntu; Linux x86_64; rv:68.0) Gecko/20100101 Firefox/68.0] device=COMPUTER processingTime=57
=========================================================
2020-05-17 19:25:14.085	INFO	[VyQq1rIoDkeYLOHk]	[Trade_Group]	[17:demostroh]	[default task-39]	Incoming request: GET /MULTIVERSA-IFP/lightning/reporting/balance/balance_overview.jsf?selectedView=ecm.reporting.balance.overview.intradayReportsView&viewType=0&widget=balancesByCurrencies userAgent=[Mozilla/5.0 (X11; Ubuntu; Linux x86_64; rv:68.0) Gecko/20100101 Firefox/68.0] device=COMPUTER processingTime=54
=========================================================
2020-05-17 19:25:14.085	INFO	[VyQq1rIoDkeYLOHk]	[Trade_Group]	[17:demostroh]	[default task-39]	Incoming request: GET /MULTIVERSA-IFP/core/pao/transmitted_payments.jsf?selectedView=pao.guiList.view.completed&viewType=0&widget=TransmittedPaymentsWidgetContent userAgent=[Mozilla/5.0 (X11; Ubuntu; Linux x86_64; rv:68.0) Gecko/20100101 Firefox/68.0] device=COMPUTER processingTime=66
=========================================================
2020-05-17 19:25:14.085	INFO	[VyQq1rIoDkeYLOHk]	[Trade_Group]	[17:demostroh]	[default task-39]	Incoming request: GET /MULTIVERSA-IFP/lightning/reporting/balance/balance_overview.jsf?selectedView=ecm.reporting.balance.overview.allAccountsView&viewType=0&widget=BalancesListWidgetContent userAgent=[Mozilla/5.0 (X11; Ubuntu; Linux x86_64; rv:68.0) Gecko/20100101 Firefox/68.0] device=COMPUTER processingTime=50
=========================================================
2020-05-17 19:25:14.085	INFO	[VyQq1rIoDkeYLOHk]	[Trade_Group]	[17:demostroh]	[default task-39]	Incoming request: GET /MULTIVERSA-IFP/core/pao/open_payments.jsf?selectedView=pao.guiList.view.allPayments&widget=openPayments userAgent=[Mozilla/5.0 (X11; Ubuntu; Linux x86_64; rv:68.0) Gecko/20100101 Firefox/68.0] device=COMPUTER processingTime=54
=========================================================
2020-05-17 19:25:14.085	INFO	[VyQq1rIoDkeYLOHk]	[Trade_Group]	[17:demostroh]	[default task-39]	Incoming request: GET /MULTIVERSA-IFP/lightning/ecm/liquidity/accounts/liquidity_accounts.jsf?selectedView=ecm.liquidity.accounts.view.all&viewType=0&widget=LiquidityByAccountsWidgetContent userAgent=[Mozilla/5.0 (X11; Ubuntu; Linux x86_64; rv:68.0) Gecko/20100101 Firefox/68.0] device=COMPUTER processingTime=57
=========================================================
2020-05-17 19:25:14.085	INFO	[VyQq1rIoDkeYLOHk]	[Trade_Group]	[17:demostroh]	[default task-39]	Incoming request: GET /MULTIVERSA-IFP/lightning/reporting/balance/balance_overview.jsf?selectedView=ecm.reporting.balance.overview.allAccountsView&viewType=0&widget=BalancesListWidgetContent userAgent=[Mozilla/5.0 (X11; Ubuntu; Linux x86_64; rv:68.0) Gecko/20100101 Firefox/68.0] device=COMPUTER processingTime=50
=========================================================
2020-05-17 19:25:14.085	INFO	[VyQq1rIoDkeYLOHk]	[Trade_Group]	[17:demostroh]	[default task-39]	Incoming request: GET /MULTIVERSA-IFP/lightning/reporting/transaction/transactions_overview.jsf?selectedView=ecm.reporting.transactions.mainList.view.allTransactionsMainListReport&viewType=0&widget=IncomingTransactionsWidgetContent userAgent=[Mozilla/5.0 (X11; Ubuntu; Linux x86_64; rv:68.0) Gecko/20100101 Firefox/68.0] device=COMPUTER processingTime=48
=========================================================
2020-05-17 19:25:14.085	INFO	[VyQq1rIoDkeYLOHk]	[Trade_Group]	[17:demostroh]	[default task-39]	Incoming request: GET /MULTIVERSA-IFP/lightning/ecm/liquidity/accounts/liquidity_accounts.jsf?selectedView=ecm.liquidity.accounts.view.all&viewType=0&widget=LiquidityByAccountsWidgetContent userAgent=[Mozilla/5.0 (X11; Ubuntu; Linux x86_64; rv:68.0) Gecko/20100101 Firefox/68.0] device=COMPUTER processingTime=57
=========================================================
2020-05-17 19:25:14.085	INFO	[VyQq1rIoDkeYLOHk]	[Trade_Group]	[17:demostroh]	[default task-39]	Incoming request: GET /MULTIVERSA-IFP/lightning/reporting/balance/balance_overview.jsf?selectedView=ecm.reporting.balance.overview.intradayReportsView&viewType=0&widget=balancesByCurrencies userAgent=[Mozilla/5.0 (X11; Ubuntu; Linux x86_64; rv:68.0) Gecko/20100101 Firefox/68.0] device=COMPUTER processingTime=54
=========================================================
2020-05-17 19:25:14.085	INFO	[VyQq1rIoDkeYLOHk]	[Trade_Group]	[17:demostroh]	[default task-39]	Incoming request: GET /MULTIVERSA-IFP/lightning/ecm/liquidity/accountGroups/liquidity_account_groups.jsf?selectedView=ecm.liquidity.accountGroups.view.all&viewType=0&widget=LiquidityByAccountGroupsWidgetContent userAgent=[Mozilla/5.0 (X11; Linux x86_64) AppleWebKit/537.36 (KHTML, like Gecko) Chrome/75.0.3770.142 Safari/537.36] device=COMPUTER processingTime=42
=========================================================
2020-05-17 19:25:14.085	INFO	[VyQq1rIoDkeYLOHk]	[Trade_Group]	[17:demostroh]	[default task-39]	Incoming request: GET /MULTIVERSA-IFP/lightning/ecm/liquidity/countries/liquidity_countries.jsf?selectedView=ecm.liquidity.countries.view.all&viewType=0&widget=LiquidityByCountriesWidgetContent&countries=NL userAgent=[Mozilla/5.0 (X11; Linux x86_64) AppleWebKit/537.36 (KHTML, like Gecko) Chrome/75.0.3770.142 Safari/537.36] device=COMPUTER processingTime=54
=========================================================
2020-05-17 19:25:14.085	INFO	[VyQq1rIoDkeYLOHk]	[Trade_Group]	[17:demostroh]	[default task-39]	Incoming request: GET /MULTIVERSA-IFP/lightning/ecm/liquidity/accountGroups/liquidity_account_groups.jsf?selectedView=ecm.liquidity.accountGroups.view.all&viewType=0&widget=LiquidityByAccountGroupsWidgetContent userAgent=[Mozilla/5.0 (X11; Linux x86_64) AppleWebKit/537.36 (KHTML, like Gecko) Chrome/75.0.3770.142 Safari/537.36] device=COMPUTER processingTime=42
=========================================================
2020-05-17 19:25:14.085	INFO	[VyQq1rIoDkeYLOHk]	[Trade_Group]	[17:demostroh]	[default task-39]	Incoming request: GET /MULTIVERSA-IFP/lightning/ecm/liquidity/accounts/liquidity_accounts.jsf?selectedView=ecm.liquidity.accounts.view.all&viewType=0&widget=LiquidityByAccountsWidgetContent userAgent=[Mozilla/5.0 (X11; Ubuntu; Linux x86_64; rv:68.0) Gecko/20100101 Firefox/68.0] device=COMPUTER processingTime=57
=========================================================
2020-05-17 19:25:14.085	INFO	[VyQq1rIoDkeYLOHk]	[Trade_Group]	[17:demostroh]	[default task-39]	Incoming request: GET /MULTIVERSA-IFP/lightning/reporting/transaction/transactions_overview.jsf?selectedView=ecm.reporting.transactions.mainList.view.allTransactionsMainListReport&viewType=0&widget=IncomingTransactionsWidgetContent userAgent=[Mozilla/5.0 (X11; Ubuntu; Linux x86_64; rv:68.0) Gecko/20100101 Firefox/68.0] device=COMPUTER processingTime=48
=========================================================
2020-05-17 19:25:14.085	INFO	[VyQq1rIoDkeYLOHk]	[Trade_Group]	[17:demostroh]	[default task-39]	Incoming request: GET /MULTIVERSA-IFP/lightning/reporting/balance/balance_overview.jsf?selectedView=ecm.reporting.balance.overview.intradayReportsView&viewType=0&widget=balancesByCurrencies userAgent=[Mozilla/5.0 (X11; Ubuntu; Linux x86_64; rv:68.0) Gecko/20100101 Firefox/68.0] device=COMPUTER processingTime=54
=========================================================
2020-05-17 19:25:14.085	INFO	[VyQq1rIoDkeYLOHk]	[Trade_Group]	[17:demostroh]	[default task-39]	Incoming request: GET /MULTIVERSA-IFP/lightning/ecm/liquidity/accounts/liquidity_accounts.jsf?selectedView=ecm.liquidity.accounts.view.all&viewType=0&widget=LiquidityByAccountsWidgetContent userAgent=[Mozilla/5.0 (X11; Ubuntu; Linux x86_64; rv:68.0) Gecko/20100101 Firefox/68.0] device=COMPUTER processingTime=57
=========================================================
2020-05-17 19:25:14.136	INFO	[r339A0ng0Aeq57sm]	[Trade_Group]	[17:demostroh]	[default task-39]	Incoming request: GET /MULTIVERSA-IFP/lightning/reporting/transaction/transactions_overview.jsf?selectedView=ecm.reporting.transactions.mainList.view.allTransactionsMainListReport&viewType=0&widget=IncomingTransactionsWidgetContent userAgent=[Mozilla/5.0 (X11; Ubuntu; Linux x86_64; rv:68.0) Gecko/20100101 Firefox/68.0] device=COMPUTER processingTime=48
=========================================================
2020-05-17 19:25:14.136	INFO	[r339A0ng0Aeq57sm]	[Trade_Group]	[17:demostroh]	[default task-39]	Incoming request: GET /MULTIVERSA-IFP/lightning/reporting/transaction/transactions_overview.jsf?selectedView=ecm.reporting.transactions.mainList.view.allTransactionsMainListReport&viewType=0&widget=transactionByDate userAgent=[Mozilla/5.0 (X11; Ubuntu; Linux x86_64; rv:68.0) Gecko/20100101 Firefox/68.0] device=COMPUTER processingTime=55
=========================================================
2020-05-17 19:25:14.186	INFO	[IL5ZGcqlN1yT5o3p]	[Trade_Group]	[17:demostroh]	[default task-39]	Incoming request: GET /MULTIVERSA-IFP/lightning/reporting/balance/balance_overview.jsf?selectedView=ecm.reporting.balance.overview.intradayReportsView&viewType=0&widget=balancesColumn userAgent=[Mozilla/5.0 (X11; Linux x86_64) AppleWebKit/537.36 (KHTML, like Gecko) Chrome/75.0.3770.142 Safari/537.36] device=COMPUTER processingTime=329
=========================================================
2020-05-17 19:25:14.186	INFO	[IL5ZGcqlN1yT5o3p]	[Trade_Group]	[17:demostroh]	[default task-39]	Incoming request: GET /MULTIVERSA-IFP/lightning/ecm/liquidity/countries/liquidity_countries.jsf?selectedView=ecm.liquidity.countries.view.all&viewType=0&widget=LiquidityByCountriesWidgetContent&countries=NL userAgent=[Mozilla/5.0 (X11; Linux x86_64) AppleWebKit/537.36 (KHTML, like Gecko) Chrome/75.0.3770.142 Safari/537.36] device=COMPUTER processingTime=54
=========================================================
2020-05-17 19:25:14.186	INFO	[IL5ZGcqlN1yT5o3p]	[Trade_Group]	[17:demostroh]	[default task-39]	Incoming request: GET /MULTIVERSA-IFP/lightning/ecm/liquidity/currencies/liquidity_currencies.jsf?selectedView=ecm.liquidity.currencies.view.all&viewType=0&widget=LiquidityByCurrenciesWidgetContent userAgent=[Mozilla/5.0 (X11; Ubuntu; Linux x86_64; rv:68.0) Gecko/20100101 Firefox/68.0] device=COMPUTER processingTime=54
=========================================================
2020-05-17 19:25:14.186	INFO	[IL5ZGcqlN1yT5o3p]	[Trade_Group]	[17:demostroh]	[default task-39]	Incoming request: GET /MULTIVERSA-IFP/lightning/ecm/liquidity/currencies/liquidity_currencies.jsf?selectedView=ecm.liquidity.currencies.view.all&viewType=0&widget=LiquidityByCurrenciesWidgetContent userAgent=[Mozilla/5.0 (X11; Ubuntu; Linux x86_64; rv:68.0) Gecko/20100101 Firefox/68.0] device=COMPUTER processingTime=54
=========================================================
2020-05-17 19:25:14.186	INFO	[IL5ZGcqlN1yT5o3p]	[Trade_Group]	[17:demostroh]	[default task-39]	Incoming request: GET /MULTIVERSA-IFP/lightning/ecm/liquidity/accountGroups/liquidity_account_groups.jsf?selectedView=ecm.liquidity.accountGroups.view.all&viewType=0&widget=LiquidityByAccountGroupsWidgetContent userAgent=[Mozilla/5.0 (X11; Linux x86_64) AppleWebKit/537.36 (KHTML, like Gecko) Chrome/75.0.3770.142 Safari/537.36] device=COMPUTER processingTime=42
=========================================================
2020-05-17 19:25:14.186	INFO	[IL5ZGcqlN1yT5o3p]	[Trade_Group]	[17:demostroh]	[default task-39]	Incoming request: GET /MULTIVERSA-IFP/lightning/ecm/liquidity/banks/liquidity_banks.jsf?selectedView=ecm.liquidity.banks.view.all&viewType=0&widget=LiquidityByBanksWidgetContent&banks=RpBLVhy85c5u4nGKeISH0A userAgent=[Mozilla/5.0 (X11; Linux x86_64) AppleWebKit/537.36 (KHTML, like Gecko) Chrome/75.0.3770.142 Safari/537.36] device=COMPUTER processingTime=51
=========================================================
2020-05-17 19:25:14.186	INFO	[IL5ZGcqlN1yT5o3p]	[Trade_Group]	[17:demostroh]	[default task-39]	Incoming request: GET /MULTIVERSA-IFP/lightning/ecm/liquidity/accounts/liquidity_accounts.jsf?selectedView=ecm.liquidity.accounts.view.all&viewType=0&widget=LiquidityByAccountsWidgetContent userAgent=[Mozilla/5.0 (X11; Ubuntu; Linux x86_64; rv:68.0) Gecko/20100101 Firefox/68.0] device=COMPUTER processingTime=57
=========================================================
2020-05-17 19:25:14.186	INFO	[IL5ZGcqlN1yT5o3p]	[Trade_Group]	[17:demostroh]	[default task-39]	Incoming request: GET /MULTIVERSA-IFP/lightning/ecm/liquidity/currencies/liquidity_currencies.jsf?selectedView=ecm.liquidity.currencies.view.all&viewType=0&widget=LiquidityByCurrenciesWidgetContent userAgent=[Mozilla/5.0 (X11; Ubuntu; Linux x86_64; rv:68.0) Gecko/20100101 Firefox/68.0] device=COMPUTER processingTime=54
=========================================================
