2020-05-29 19:25:21.332	INFO	[W67tknZKkqI7w8TW]	[Trade_Group]	[17:demostroh]	[default task-39]	Incoming request: GET /MULTIVERSA-IFP/core/pao/web/paymententry/payment_entry_detail.jsf?screenType=CREDIT_TRANSFER&widgetAction=MORE_DETAILS&directAccess=True&widget=paymentEntry&localAccountId=&beneficiaryId=&currency=EUR&amount=&remittanceInformation= userAgent=[Mozilla/5.0 (X11; Linux x86_64) AppleWebKit/537.36 (KHTML, like Gecko) Chrome/75.0.3770.142 Safari/537.36] device=COMPUTER processingTime=186
=========================================================
2020-05-29 19:25:21.332	INFO	[W67tknZKkqI7w8TW]	[Trade_Group]	[17:demostroh]	[default task-39]	Incoming request: GET /MULTIVERSA-IFP/lightning/ecm/liquidity/countries/liquidity_countries.jsf?selectedView=ecm.liquidity.countries.view.all&viewType=0&widget=LiquidityByCountriesWidgetContent&countries=NL userAgent=[Mozilla/5.0 (X11; Linux x86_64) AppleWebKit/537.36 (KHTML, like Gecko) Chrome/75.0.3770.142 Safari/537.36] device=COMPUTER processingTime=54
=========================================================
2020-05-29 19:25:21.390	INFO	[gvNN1RL38V2x6IHF]	[Trade_Group]	[17:demostroh]	[default task-39]	Incoming request: GET /MULTIVERSA-IFP/core/pao/open_payments.jsf?selectedView=pao.guiList.view.toBeAuthorisedByMe&paymentType=1&widget=summary userAgent=[Mozilla/5.0 (X11; Ubuntu; Linux x86_64; rv:68.0) Gecko/20100101 Firefox/68.0] device=COMPUTER processingTime=65
=========================================================
2020-05-29 19:25:21.390	INFO	[gvNN1RL38V2x6IHF]	[Trade_Group]	[17:demostroh]	[default task-39]	Incoming request: GET /MULTIVERSA-IFP/lightning/ecm/liquidity/countries/liquidity_countries.jsf?selectedView=ecm.liquidity.countries.view.all&viewType=0&widget=LiquidityByCountriesWidgetContent&countries=NL userAgent=[Mozilla/5.0 (X11; Linux x86_64) AppleWebKit/537.36 (KHTML, like Gecko) Chrome/75.0.3770.142 Safari/537.36] device=COMPUTER processingTime=54
=========================================================
2020-05-29 19:25:21.390	INFO	[gvNN1RL38V2x6IHF]	[Trade_Group]	[17:demostroh]	[default task-39]	Incoming request: GET /MULTIVERSA-IFP/lightning/ecm/liquidity/currencies/liquidity_currencies.jsf?selectedView=ecm.liquidity.currencies.view.all&viewType=0&widget=LiquidityByCurrenciesWidgetContent userAgent=[Mozilla/5.0 (X11; Ubuntu; Linux x86_64; rv:68.0) Gecko/20100101 Firefox/68.0] device=COMPUTER processingTime=54
=========================================================
2020-05-29 19:25:21.390	INFO	[gvNN1RL38V2x6IHF]	[Trade_Group]	[17:demostroh]	[default task-39]	Incoming request: GET /MULTIVERSA-IFP/core/pao/web/paymententry/payment_entry_detail.jsf?screenType=CREDIT_TRANSFER&widgetAction=MORE_DETAILS&directAccess=True&widget=paymentEntry&localAccountId=&beneficiaryId=&currency=EUR&amount=&remittanceInformation= userAgent=[Mozilla/5.0 (X11; Linux x86_64) AppleWebKit/537.36 (KHTML, like Gecko) Chrome/75.0.3770.142 Safari/537.36] device=COMPUTER processingTime=186
=========================================================
2020-05-29 19:25:21.390	INFO	[gvNN1RL38V2x6IHF]	[Trade_Group]	[17:demostroh]	[default task-39]	Incoming request: GET /MULTIVERSA-IFP/lightning/reporting/transaction/transactions_overview.jsf?selectedView=ecm.reporting.transactions.mainList.view.allTransactionsMainListReport&viewType=0&widget=transactionByDate userAgent=[Mozilla/5.0 (X11; Ubuntu; Linux x86_64; rv:68.0) Gecko/20100101 Firefox/68.0] device=COMPUTER processingTime=55
=========================================================
2020-05-29 19:25:21.390	INFO	[gvNN1RL38V2x6IHF]	[Trade_Group]	[17:demostroh]	[default task-39]	Incoming request: GET /MULTIVERSA-IFP/lightning/reporting/transaction/transactions_overview.jsf?selectedView=ecm.reporting.transactions.mainList.view.allTransactionsMainListReport&viewType=0&widget=transactionByDate userAgent=[Mozilla/5.0 (X11; Ubuntu; Linux x86_64; rv:68.0) Gecko/20100101 Firefox/68.0] device=COMPUTER processingTime=55
=========================================================
2020-05-29 19:25:21.390	INFO	[gvNN1RL38V2x6IHF]	[Trade_Group]	[17:demostroh]	[default task-39]	Incoming request: GET /MULTIVERSA-IFP/lightning/ecm/liquidity/banks/liquidity_banks.jsf?selectedView=ecm.liquidity.banks.view.all&viewType=0&widget=LiquidityByBanksWidgetContent&banks=RpBLVhy85c5u4nGKeISH0A userAgent=[Mozilla/5.0 (X11; Linux x86_64) AppleWebKit/537.36 (KHTML, like Gecko) Chrome/75.0.3770.142 Safari/537.36] device=COMPUTER processingTime=51
=========================================================
2020-05-29 19:25:21.390	INFO	[gvNN1RL38V2x6IHF]	[Trade_Group]	[17:demostroh]	[default task-39]	Incoming request: GET /MULTIVERSA-IFP/lightning/reporting/balance/balance_overview.jsf?selectedView=ecm.reporting.balance.overview.intradayReportsView&viewType=0&widget=balancesColumn userAgent=[Mozilla/5.0 (X11; Linux x86_64) AppleWebKit/537.36 (KHTML, like Gecko) Chrome/75.0.3770.142 Safari/537.36] device=COMPUTER processingTime=329
=========================================================
2020-05-29 19:25:21.390	INFO	[gvNN1RL38V2x6IHF]	[Trade_Group]	[17:demostroh]	[default task-39]	Incoming request: GET /MULTIVERSA-IFP/lightning/reporting/balance/balance_overview.jsf?selectedView=ecm.reporting.balance.overview.intradayReportsView&viewType=0&widget=balancesColumn userAgent=[Mozilla/5.0 (X11; Linux x86_64) AppleWebKit/537.36 (KHTML, like Gecko) Chrome/75.0.3770.142 Safari/537.36] device=COMPUTER processingTime=329
=========================================================
2020-05-29 19:25:21.390	INFO	[gvNN1RL38V2x6IHF]	[Trade_Group]	[17:demostroh]	[default task-39]	Incoming request: GET /MULTIVERSA-IFP/lightning/ecm/liquidity/accounts/liquidity_accounts.jsf?selectedView=ecm.liquidity.accounts.view.all&viewType=0&widget=LiquidityByAccountsWidgetContent userAgent=[Mozilla/5.0 (X11; Ubuntu; Linux x86_64; rv:68.0) Gecko/20100101 Firefox/68.0] device=COMPUTER processingTime=57
=========================================================
2020-05-29 19:25:21.390	INFO	[gvNN1RL38V2x6IHF]	[Trade_Group]	[17:demostroh]	[default task-39]	Incoming request: GET /MULTIVERSA-IFP/core/pao/transmitted_payments.jsf?selectedView=pao.guiList.view.completed&viewType=0&widget=TransmittedPaymentsWidgetContent userAgent=[Mozilla/5.0 (X11; Ubuntu; Linux x86_64; rv:68.0) Gecko/20100101 Firefox/68.0] device=COMPUTER processingTime=66
=========================================================
2020-05-29 19:25:21.390	INFO	[gvNN1RL38V2x6IHF]	[Trade_Group]	[17:demostroh]	[default task-39]	Incoming request: GET /MULTIVERSA-IFP/core/pao/web/paymententry/payment_entry_detail.jsf?screenType=CREDIT_TRANSFER&widgetAction=MORE_DETAILS&directAccess=True&widget=paymentEntry&localAccountId=&beneficiaryId=&currency=EUR&amount=&remittanceInformation= userAgent=[Mozilla/5.0 (X11; Linux x86_64) AppleWebKit/537.36 (KHTML, like Gecko) Chrome/75.0.3770.142 Safari/537.36] device=COMPUTER processingTime=186
=========================================================
2020-05-29 19:25:21.390	INFO	[gvNN1RL38V2x6IHF]	[Trade_Group]	[17:demostroh]	[default task-39]	Incoming request: GET /MULTIVERSA-IFP/lightning/reporting/balance/balance_overview.jsf?selectedView=ecm.reporting.balance.overview.allAccountsView&viewType=0&widget=BalancesListWidgetContent userAgent=[Mozilla/5.0 (X11; Ubuntu; Linux x86_64; rv:68.0) Gecko/20100101 Firefox/68.0] device=COMPUTER processingTime=50
=========================================================
2020-05-29 19:25:21.390	INFO	[gvNN1RL38V2x6IHF]	[Trade_Group]	[17:demostroh]	[default task-39]	Incoming request: GET /MULTIVERSA-IFP/lightning/reporting/balance/balance_overview.jsf?selectedView=ecm.reporting.balance.overview.intradayReportsView&viewType=0&widget=favouriteViews userAgent=[Mozilla/5.0 (X11; Ubuntu; Linux x86_64; rv:68.0) Gecko/20100101 Firefox/68.0] device=COMPUTER processingTime=54
=========================================================
2020-05-29 19:25:21.390	INFO	[gvNN1RL38V2x6IHF]	[Trade_Group]	[17:demostroh]	[default task-39]	Incoming request: GET /MULTIVERSA-IFP/lightning/reporting/balance/balance_overview.jsf?selectedView=ecm.reporting.balance.overview.allAccountsView&viewType=0&widget=BalancesListWidgetContent userAgent=[Mozilla/5.0 (X11; Ubuntu; Linux x86_64; rv:68.0) Gecko/20100101 Firefox/68.0] device=COMPUTER processingTime=50
=========================================================
2020-05-29 19:25:21.390	INFO	[gvNN1RL38V2x6IHF]	[Trade_Group]	[17:demostroh]	[default task-39]	Incoming request: GET /MULTIVERSA-IFP/lightning/reporting/transaction/transactions_overview.jsf?selectedView=ecm.reporting.transactions.mainList.view.allTransactionsMainListReport&viewType=0&widget=transactionByDate userAgent=[Mozilla/5.0 (X11; Ubuntu; Linux x86_64; rv:68.0) Gecko/20100101 Firefox/68.0] device=COMPUTER processingTime=55
=========================================================
2020-05-29 19:25:21.390	INFO	[gvNN1RL38V2x6IHF]	[Trade_Group]	[17:demostroh]	[default task-39]	Incoming request: GET /MULTIVERSA-IFP/lightning/ecm/liquidity/currencies/liquidity_currencies.jsf?selectedView=ecm.liquidity.currencies.view.all&viewType=0&widget=LiquidityByCurrenciesWidgetContent userAgent=[Mozilla/5.0 (X11; Ubuntu; Linux x86_64; rv:68.0) Gecko/20100101 Firefox/68.0] device=COMPUTER processingTime=54
=========================================================
2020-05-29 19:25:21.445	INFO	[09KhjnxdnMylkNiX]	[Trade_Group]	[17:demostroh]	[default task-39]	Incoming request: GET /MULTIVERSA-IFP/core/pao/web/paymententry/payment_entry_detail.jsf?screenType=CREDIT_TRANSFER&widgetAction=MORE_DETAILS&directAccess=True&widget=paymentEntry&localAccountId=&beneficiaryId=&currency=EUR&amount=&remittanceInformation= userAgent=[Mozilla/5.0 (X11; Linux x86_64) AppleWebKit/537.36 (KHTML, like Gecko) Chrome/75.0.3770.142 Safari/537.36] device=COMPUTER processingTime=186
=========================================================
2020-05-29 19:25:21.445	INFO	[09KhjnxdnMylkNiX]	[Trade_Group]	[17:demostroh]	[default task-39]	Incoming request: GET /MULTIVERSA-IFP/lightning/reporting/balance/balance_overview.jsf?selectedView=ecm.reporting.balance.overview.allAccountsView&viewType=0&widget=BalancesListWidgetContent userAgent=[Mozilla/5.0 (X11; Ubuntu; Linux x86_64; rv:68.0) Gecko/20100101 Firefox/68.0] device=COMPUTER processingTime=50
=========================================================
2020-05-29 19:25:21.445	INFO	[09KhjnxdnMylkNiX]	[Trade_Group]	[17:demostroh]	[default task-39]	Incoming request: GET /MULTIVERSA-IFP/lightning/reporting/transaction/transactions_overview.jsf?selectedView=ecm.reporting.transactions.mainList.view.allTransactionsMainListReport&viewType=0&widget=IncomingTransactionsWidgetContent userAgent=[Mozilla/5.0 (X11; Ubuntu; Linux x86_64; rv:68.0) Gecko/20100101 Firefox/68.0] device=COMPUTER processingTime=48
=========================================================
2020-05-29 19:25:21.445	INFO	[09KhjnxdnMylkNiX]	[Trade_Group]	[17:demostroh]	[default task-39]	Incoming request: GET /MULTIVERSA-IFP/lightning/ecm/liquidity/accounts/liquidity_accounts.jsf?selectedView=ecm.liquidity.accounts.view.all&viewType=0&widget=LiquidityByAccountsWidgetContent userAgent=[Mozilla/5.0 (X11; Ubuntu; Linux x86_64; rv:68.0) Gecko/20100101 Firefox/68.0] device=COMPUTER processingTime=57
=========================================================
2020-05-29 19:25:21.500	INFO	[4AaMOzSuPVRhLPbI]	[Trade_Group]	[17:demostroh]	[default task-39]	Incoming request: GET /MULTIVERSA-IFP/lightning/ecm/liquidity/currencies/liquidity_currencies.jsf?selectedView=ecm.liquidity.currencies.view.all&viewType=0&widget=LiquidityByCurrenciesWidgetContent userAgent=[Mozilla/5.0 (X11; Ubuntu; Linux x86_64; rv:68.0) Gecko/20100101 Firefox/68.0] device=COMPUTER processingTime=54
=========================================================
2020-05-29 19:25:21.500	INFO	[4AaMOzSuPVRhLPbI]	[Trade_Group]	[17:demostroh]	[default task-39]	Incoming request: GET /MULTIVERSA-IFP/core/pao/open_payments.jsf?selectedView=pao.guiList.view.allPayments&widget=openPayments userAgent=[Mozilla/5.0 (X11; Ubuntu; Linux x86_64; rv:68.0) Gecko/20100101 Firefox/68.0] device=COMPUTER processingTime=54
=========================================================
2020-05-29 19:25:21.500	INFO	[4AaMOzSuPVRhLPbI]	[Trade_Group]	[17:demostroh]	[default task-39]	Incoming request: GET /MULTIVERSA-IFP/lightning/ecm/liquidity/currencies/liquidity_currencies.jsf?selectedView=ecm.liquidity.currencies.view.all&viewType=0&widget=LiquidityByCurrenciesWidgetContent userAgent=[Mozilla/5.0 (X11; Ubuntu; Linux x86_64; rv:68.0) Gecko/20100101 Firefox/68.0] device=COMPUTER processingTime=54
=========================================================
2020-05-29 19:25:21.500	INFO	[4AaMOzSuPVRhLPbI]	[Trade_Group]	[17:demostroh]	[default task-39]	Incoming request: GET /MULTIVERSA-IFP/core/pao/open_payments.jsf?selectedView=pao.guiList.view.toBeAuthorisedByMe&paymentType=1&widget=summary userAgent=[Mozilla/5.0 (X11; Ubuntu; Linux x86_64; rv:68.0) Gecko/20100101 Firefox/68.0] device=COMPUTER processingTime=65
=========================================================
2020-05-29 19:25:21.500	INFO	[4AaMOzSuPVRhLPbI]	[Trade_Group]	[17:demostroh]	[default task-39]	Incoming request: GET /MULTIVERSA-IFP/lightning/ecm/liquidity/countries/liquidity_countries.jsf?selectedView=ecm.liquidity.countries.view.all&viewType=0&widget=LiquidityByCountriesWidgetContent&countries=NL userAgent=[Mozilla/5.0 (X11; Linux x86_64) AppleWebKit/537.36 (KHTML, like Gecko) Chrome/75.0.3770.142 Safari/537.36] device=COMPUTER processingTime=54
=========================================================
2020-05-29 19:25:21.500	INFO	[4AaMOzSuPVRhLPbI]	[Trade_Group]	[17:demostroh]	[default task-39]	Incoming request: GET /MULTIVERSA-IFP/lightning/reporting/balance/balance_overview.jsf?selectedView=ecm.reporting.balance.overview.intradayReportsView&viewType=0&widget=balancesColumn userAgent=[Mozilla/5.0 (X11; Linux x86_64) AppleWebKit/537.36 (KHTML, like Gecko) Chrome/75.0.3770.142 Safari/537.36] device=COMPUTER processingTime=329
=========================================================
2020-05-29 19:25:21.500	INFO	[4AaMOzSuPVRhLPbI]	[Trade_Group]	[17:demostroh]	[default task-39]	Incoming request: GET /MULTIVERSA-IFP/lightning/ecm/liquidity/countries/liquidity_countries.jsf?selectedView=ecm.liquidity.countries.view.all&viewType=0&widget=LiquidityByCountriesWidgetContent&countries=NL userAgent=[Mozilla/5.0 (X11; Linux x86_64) AppleWebKit/537.36 (KHTML, like Gecko) Chrome/75.0.3770.142 Safari/537.36] device=COMPUTER processingTime=54
=========================================================
2020-05-29 19:25:21.500	INFO	[4AaMOzSuPVRhLPbI]	[Trade_Group]	[17:demostroh]	[default task-39]	Incoming request: GET /MULTIVERSA-IFP/lightning/ecm/liquidity/accountGroups/liquidity_account_groups.jsf?selectedView=ecm.liquidity.accountGroups.view.all&viewType=0&widget=LiquidityByAccountGroupsWidgetContent userAgent=[Mozilla/5.0 (X11; Linux x86_64) AppleWebKit/537.36 (KHTML, like Gecko) Chrome/75.0.3770.142 Safari/537.36] device=COMPUTER processingTime=42
=========================================================
2020-05-29 19:25:21.500	INFO	[4AaMOzSuPVRhLPbI]	[Trade_Group]	[17:demostroh]	[default task-39]	Incoming request: GET /MULTIVERSA-IFP/lightning/reporting/transaction/transactions_overview.jsf?selectedView=ecm.reporting.transactions.mainList.view.allTransactionsMainListReport&viewType=0&widget=transactionByDate userAgent=[Mozilla/5.0 (X11; Ubuntu; Linux x86_64; rv:68.0) Gecko/20100101 Firefox/68.0] device=COMPUTER processingTime=55
=========================================================
2020-05-29 19:25:21.500	INFO	[4AaMOzSuPVRhLPbI]	[Trade_Group]	[17:demostroh]	[default task-39]	Incoming request: GET /MULTIVERSA-IFP/lightning/reporting/transaction/transactions_overview.jsf?selectedView=ecm.reporting.transactions.mainList.view.allTransactionsMainListReport&viewType=0&widget=IncomingTransactionsWidgetContent userAgent=[Mozilla/5.0 (X11; Ubuntu; Linux x86_64; rv:68.0) Gecko/20100101 Firefox/68.0] device=COMPUTER processingTime=48
=========================================================
2020-05-29 19:25:21.501	INFO	[4AaMOzSuPVRhLPbI]	[Trade_Group]	[17:demostroh]	[default task-39]	Incoming request: GET /MULTIVERSA-IFP/lightning/reporting/balance/balance_overview.jsf?selectedView=ecm.reporting.balance.overview.intradayReportsView&viewType=0&widget=balancesByCurrencies userAgent=[Mozilla/5.0 (X11; Ubuntu; Linux x86_64; rv:68.0) Gecko/20100101 Firefox/68.0] device=COMPUTER processingTime=54
=========================================================
2020-05-29 19:25:21.577	INFO	[4Z7qcaPRb1HKPRbf]	[Trade_Group]	[17:demostroh]	[default task-39]	Incoming request: GET /MULTIVERSA-IFP/core/pao/web/paymententry/payment_entry_detail.jsf?screenType=CREDIT_TRANSFER&widgetAction=MORE_DETAILS&directAccess=True&widget=paymentEntry&localAccountId=&beneficiaryId=&currency=EUR&amount=&remittanceInformation= userAgent=[Mozilla/5.0 (X11; Linux x86_64) AppleWebKit/537.36 (KHTML, like Gecko) Chrome/75.0.3770.142 Safari/537.36] device=COMPUTER processingTime=186
=========================================================
2020-05-29 19:25:21.577	INFO	[4Z7qcaPRb1HKPRbf]	[Trade_Group]	[17:demostroh]	[default task-39]	Incoming request: GET /MULTIVERSA-IFP/lightning/ecm/liquidity/countries/liquidity_countries.jsf?selectedView=ecm.liquidity.countries.view.all&viewType=0&widget=LiquidityByCountriesWidgetContent&countries=NL userAgent=[Mozilla/5.0 (X11; Linux x86_64) AppleWebKit/537.36 (KHTML, like Gecko) Chrome/75.0.3770.142 Safari/537.36] device=COMPUTER processingTime=54
=========================================================
2020-05-29 19:25:21.577	INFO	[4Z7qcaPRb1HKPRbf]	[Trade_Group]	[17:demostroh]	[default task-39]	Incoming request: GET /MULTIVERSA-IFP/lightning/reporting/balance/balance_overview.jsf?selectedView=ecm.reporting.balance.overview.intradayReportsView&viewType=0&widget=favouriteViews userAgent=[Mozilla/5.0 (X11; Ubuntu; Linux x86_64; rv:68.0) Gecko/20100101 Firefox/68.0] device=COMPUTER processingTime=54
=========================================================
2020-05-29 19:25:21.577	INFO	[4Z7qcaPRb1HKPRbf]	[Trade_Group]	[17:demostroh]	[default task-39]	Incoming request: GET /MULTIVERSA-IFP/core/pao/transmitted_payments.jsf?selectedView=pao.guiList.view.completed&viewType=0&widget=TransmittedPaymentsWidgetContent userAgent=[Mozilla/5.0 (X11; Ubuntu; Linux x86_64; rv:68.0) Gecko/20100101 Firefox/68.0] device=COMPUTER processingTime=66
=========================================================
2020-05-29 19:25:21.577	INFO	[4Z7qcaPRb1HKPRbf]	[Trade_Group]	[17:demostroh]	[default task-39]	Incoming request: GET /MULTIVERSA-IFP/lightning/ecm/liquidity/accounts/liquidity_accounts.jsf?selectedView=ecm.liquidity.accounts.view.all&viewType=0&widget=LiquidityByAccountsWidgetContent userAgent=[Mozilla/5.0 (X11; Ubuntu; Linux x86_64; rv:68.0) Gecko/20100101 Firefox/68.0] device=COMPUTER processingTime=57
=========================================================
2020-05-29 19:25:21.577	INFO	[4Z7qcaPRb1HKPRbf]	[Trade_Group]	[17:demostroh]	[default task-39]	Incoming request: GET /MULTIVERSA-IFP/lightning/reporting/transaction/transactions_overview.jsf?selectedView=ecm.reporting.transactions.mainList.view.allTransactionsMainListReport&viewType=0&widget=IncomingTransactionsWidgetContent userAgent=[Mozilla/5.0 (X11; Ubuntu; Linux x86_64; rv:68.0) Gecko/20100101 Firefox/68.0] device=COMPUTER processingTime=48
=========================================================
2020-05-29 19:25:21.577	INFO	[4Z7qcaPRb1HKPRbf]	[Trade_Group]	[17:demostroh]	[default task-39]	Incoming request: GET /MULTIVERSA-IFP/lightning/ecm/liquidity/accountGroups/liquidity_account_groups.jsf?selectedView=ecm.liquidity.accountGroups.view.all&viewType=0&widget=LiquidityByAccountGroupsWidgetContent userAgent=[Mozilla/5.0 (X11; Linux x86_64) AppleWebKit/537.36 (KHTML, like Gecko) Chrome/75.0.3770.142 Safari/537.36] device=COMPUTER processingTime=42
=========================================================
2020-05-29 19:25:21.577	INFO	[4Z7qcaPRb1HKPRbf]	[Trade_Group]	[17:demostroh]	[default task-39]	Incoming request: GET /MULTIVERSA-IFP/lightning/ecm/liquidity/currencies/liquidity_currencies.jsf?selectedView=ecm.liquidity.currencies.view.all&viewType=0&widget=LiquidityByCurrenciesWidgetContent userAgent=[Mozilla/5.0 (X11; Ubuntu; Linux x86_64; rv:68.0) Gecko/20100101 Firefox/68.0] device=COMPUTER processingTime=54
=========================================================
2020-05-29 19:25:21.577	INFO	[4Z7qcaPRb1HKPRbf]	[Trade_Group]	[17:demostroh]	[default task-39]	Incoming request: GET /MULTIVERSA-IFP/core/pao/transmitted_payments.jsf?selectedView=pao.guiList.view.completed&viewType=0&widget=TransmittedPaymentsWidgetContent userAgent=[Mozilla/5.0 (X11; Ubuntu; Linux x86_64; rv:68.0) Gecko/20100101 Firefox/68.0] device=COMPUTER processingTime=66
=========================================================
2020-05-29 19:25:21.639	INFO	[q34sNi2RjYLxCBiG]	[Trade_Group]	[17:demostroh]	[default task-39]	Incoming request: GET /MULTIVERSA-IFP/core/pao/transmitted_payments.jsf?selectedView=pao.guiList.view.completed&viewType=0&widget=TransmittedPaymentsWidgetContent userAgent=[Mozilla/5.0 (X11; Ubuntu; Linux x86_64; rv:68.0) Gecko/20100101 Firefox/68.0] device=COMPUTER processingTime=66
=========================================================
2020-05-29 19:25:21.639	INFO	[q34sNi2RjYLxCBiG]	[Trade_Group]	[17:demostroh]	[default task-39]	Incoming request: GET /MULTIVERSA-IFP/lightning/reporting/balance/balance_overview.jsf?selectedView=ecm.reporting.balance.overview.allAccountsView&viewType=0&widget=BalancesListWidgetContent userAgent=[Mozilla/5.0 (X11; Ubuntu; Linux x86_64; rv:68.0) Gecko/20100101 Firefox/68.0] device=COMPUTER processingTime=50
=========================================================
2020-05-29 19:25:21.639	INFO	[q34sNi2RjYLxCBiG]	[Trade_Group]	[17:demostroh]	[default task-39]	Incoming request: GET /MULTIVERSA-IFP/lightning/reporting/balance/balance_overview.jsf?selectedView=ecm.reporting.balance.overview.allAccountsView&viewType=0&widget=BalancesListWidgetContent userAgent=[Mozilla/5.0 (X11; Ubuntu; Linux x86_64; rv:68.0) Gecko/20100101 Firefox/68.0] device=COMPUTER processingTime=50
=========================================================
2020-05-29 19:25:21.639	INFO	[q34sNi2RjYLxCBiG]	[Trade_Group]	[17:demostroh]	[default task-39]	Incoming request: GET /MULTIVERSA-IFP/lightning/reporting/transaction/transactions_overview.jsf?selectedView=ecm.reporting.transactions.mainList.view.allTransactionsMainListReport&viewType=0&widget=IncomingTransactionsWidgetContent userAgent=[Mozilla/5.0 (X11; Ubuntu; Linux x86_64; rv:68.0) Gecko/20100101 Firefox/68.0] device=COMPUTER processingTime=48
=========================================================
2020-05-29 19:25:21.639	INFO	[q34sNi2RjYLxCBiG]	[Trade_Group]	[17:demostroh]	[default task-39]	Incoming request: GET /MULTIVERSA-IFP/lightning/ecm/liquidity/accounts/liquidity_accounts.jsf?selectedView=ecm.liquidity.accounts.view.all&viewType=0&widget=LiquidityByAccountsWidgetContent userAgent=[Mozilla/5.0 (X11; Ubuntu; Linux x86_64; rv:68.0) Gecko/20100101 Firefox/68.0] device=COMPUTER processingTime=57
=========================================================
2020-05-29 19:25:21.639	INFO	[q34sNi2RjYLxCBiG]	[Trade_Group]	[17:demostroh]	[default task-39]	Incoming request: GET /MULTIVERSA-IFP/lightning/reporting/balance/balance_overview.jsf?selectedView=ecm.reporting.balance.overview.intradayReportsView&viewType=0&widget=balancesByCurrencies userAgent=[Mozilla/5.0 (X11; Ubuntu; Linux x86_64; rv:68.0) Gecko/20100101 Firefox/68.0] device=COMPUTER processingTime=54
=========================================================
2020-05-29 19:25:21.639	INFO	[q34sNi2RjYLxCBiG]	[Trade_Group]	[17:demostroh]	[default task-39]	Incoming request: GET /MULTIVERSA-IFP/lightning/reporting/balance/balance_overview.jsf?selectedView=ecm.reporting.balance.overview.intradayReportsView&viewType=0&widget=balancesColumn userAgent=[Mozilla/5.0 (X11; Linux x86_64) AppleWebKit/537.36 (KHTML, like Gecko) Chrome/75.0.3770.142 Safari/537.36] device=COMPUTER processingTime=329
=========================================================
2020-05-29 19:25:21.639	INFO	[q34sNi2RjYLxCBiG]	[Trade_Group]	[17:demostroh]	[default task-39]	Incoming request: GET /MULTIVERSA-IFP/core/pao/open_payments.jsf?selectedView=pao.guiList.view.allPayments&widget=openPayments userAgent=[Mozilla/5.0 (X11; Ubuntu; Linux x86_64; rv:68.0) Gecko/20100101 Firefox/68.0] device=COMPUTER processingTime=54
=========================================================
2020-05-29 19:25:21.639	INFO	[q34sNi2RjYLxCBiG]	[Trade_Group]	[17:demostroh]	[default task-39]	Incoming request: GET /MULTIVERSA-IFP/lightning/reporting/balance/balance_overview.jsf?selectedView=ecm.reporting.balance.overview.intradayReportsView&viewType=0&widget=favouriteViews userAgent=[Mozilla/5.0 (X11; Ubuntu; Linux x86_64; rv:68.0) Gecko/20100101 Firefox/68.0] device=COMPUTER processingTime=54
=========================================================
2020-05-29 19:25:21.639	INFO	[q34sNi2RjYLxCBiG]	[Trade_Group]	[17:demostroh]	[default task-39]	Incoming request: GET /MULTIVERSA-IFP/lightning/reporting/balance/balance_overview.jsf?selectedView=ecm.reporting.balance.overview.intradayReportsView&viewType=0&widget=balancesByCurrencies userAgent=[Mozilla/5.0 (X11; Ubuntu; Linux x86_64; rv:68.0) Gecko/20100101 Firefox/68.0] device=COMPUTER processingTime=54
=========================================================
2020-05-29 19:25:21.639	INFO	[q34sNi2RjYLxCBiG]	[Trade_Group]	[17:demostroh]	[default task-39]	Incoming request: GET /MULTIVERSA-IFP/lightning/ecm/liquidity/banks/liquidity_banks.jsf?selectedView=ecm.liquidity.banks.view.all&viewType=0&widget=LiquidityByBanksWidgetContent&banks=RpBLVhy85c5u4nGKeISH0A userAgent=[Mozilla/5.0 (X11; Linux x86_64) AppleWebKit/537.36 (KHTML, like Gecko) Chrome/75.0.3770.142 Safari/537.36] device=COMPUTER processingTime=51
=========================================================
2020-05-29 19:25:21.639	INFO	[q34sNi2RjYLxCBiG]	[Trade_Group]	[17:demostroh]	[default task-39]	Incoming request: GET /MULTIVERSA-IFP/lightning/reporting/transaction/transactions_overview.jsf?selectedView=ecm.reporting.transactions.mainList.view.allTransactionsMainListReport&viewType=0&widget=transactionByDate userAgent=[Mozilla/5.0 (X11; Ubuntu; Linux x86_64; rv:68.0) Gecko/20100101 Firefox/68.0] device=COMPUTER processingTime=55
=========================================================
2020-05-29 19:25:21.639	INFO	[q34sNi2RjYLxCBiG]	[Trade_Group]	[17:demostroh]	[default task-39]	Incoming request: GET /MULTIVERSA-IFP/core/pao/open_payments.jsf?selectedView=pao.guiList.view.toBeAuthorisedByMe&paymentType=1&widget=summary userAgent=[Mozilla/5.0 (X11; Ubuntu; Linux x86_64; rv:68.0) Gecko/20100101 Firefox/68.0] device=COMPUTER processingTime=65
=========================================================
2020-05-29 19:25:21.639	INFO	[q34sNi2RjYLxCBiG]	[Trade_Group]	[17:demostroh]	[default task-39]	Incoming request: GET /MULTIVERSA-IFP/lightning/reporting/transaction/transactions_overview.jsf?selectedView=ecm.reporting.transactions.mainList.view.allTransactionsMainListReport&viewType=0&widget=IncomingTransactionsWidgetContent userAgent=[Mozilla/5.0 (X11; Ubuntu; Linux x86_64; rv:68.0) Gecko/20100101 Firefox/68.0] device=COMPUTER processingTime=48
=========================================================
2020-05-29 19:25:21.639	INFO	[q34sNi2RjYLxCBiG]	[Trade_Group]	[17:demostroh]	[default task-39]	Incoming request: GET /MULTIVERSA-IFP/lightning/ecm/liquidity/countries/liquidity_countries.jsf?selectedView=ecm.liquidity.countries.view.all&viewType=0&widget=LiquidityByCountriesWidgetContent&countries=NL userAgent=[Mozilla/5.0 (X11; Linux x86_64) AppleWebKit/537.36 (KHTML, like Gecko) Chrome/75.0.3770.142 Safari/537.36] device=COMPUTER processingTime=54
=========================================================
2020-05-29 19:25:21.639	INFO	[q34sNi2RjYLxCBiG]	[Trade_Group]	[17:demostroh]	[default task-39]	Incoming request: GET /MULTIVERSA-IFP/lightning/reporting/balance/balance_overview.jsf?selectedView=ecm.reporting.balance.overview.intradayReportsView&viewType=0&widget=balancesColumn userAgent=[Mozilla/5.0 (X11; Linux x86_64) AppleWebKit/537.36 (KHTML, like Gecko) Chrome/75.0.3770.142 Safari/537.36] device=COMPUTER processingTime=329
=========================================================
2020-05-29 19:25:21.640	INFO	[q34sNi2RjYLxCBiG]	[Trade_Group]	[17:demostroh]	[default task-39]	Incoming request: GET /MULTIVERSA-IFP/lightning/ecm/liquidity/accounts/liquidity_accounts.jsf?selectedView=ecm.liquidity.accounts.view.all&viewType=0&widget=LiquidityByAccountsWidgetContent userAgent=[Mozilla/5.0 (X11; Ubuntu; Linux x86_64; rv:68.0) Gecko/20100101 Firefox/68.0] device=COMPUTER processingTime=57
=========================================================
2020-05-29 19:25:21.640	INFO	[q34sNi2RjYLxCBiG]	[Trade_Group]	[17:demostroh]	[default task-39]	Incoming request: GET /MULTIVERSA-IFP/lightning/reporting/balance/balance_overview.jsf?selectedView=ecm.reporting.balance.overview.intradayReportsView&viewType=0&widget=favouriteViews userAgent=[Mozilla/5.0 (X11; Ubuntu; Linux x86_64; rv:68.0) Gecko/20100101 Firefox/68.0] device=COMPUTER processingTime=54
=========================================================
2020-05-29 19:25:21.643	INFO	[q34sNi2RjYLxCBiG]	[Trade_Group]	[17:demostroh]	[default task-39]	Incoming request: GET /MULTIVERSA-IFP/lightning/ecm/liquidity/accounts/liquidity_accounts.jsf?selectedView=ecm.liquidity.accounts.view.all&viewType=0&widget=LiquidityByAccountsWidgetContent userAgent=[Mozilla/5.0 (X11; Ubuntu; Linux x86_64; rv:68.0) Gecko/20100101 Firefox/68.0] device=COMPUTER processingTime=57
=========================================================
2020-05-29 19:25:21.643	INFO	[q34sNi2RjYLxCBiG]	[Trade_Group]	[17:demostroh]	[default task-39]	Incoming request: GET /MULTIVERSA-IFP/lightning/reporting/balance/balance_overview.jsf?selectedView=ecm.reporting.balance.overview.intradayReportsView&viewType=0&widget=favouriteViews userAgent=[Mozilla/5.0 (X11; Ubuntu; Linux x86_64; rv:68.0) Gecko/20100101 Firefox/68.0] device=COMPUTER processingTime=54
=========================================================
2020-05-29 19:25:21.643	INFO	[q34sNi2RjYLxCBiG]	[Trade_Group]	[17:demostroh]	[default task-39]	Incoming request: GET /MULTIVERSA-IFP/core/pao/web/paymententry/payment_entry_detail.jsf?screenType=CREDIT_TRANSFER&widgetAction=MORE_DETAILS&directAccess=True&widget=paymentEntry&localAccountId=&beneficiaryId=&currency=EUR&amount=&remittanceInformation= userAgent=[Mozilla/5.0 (X11; Linux x86_64) AppleWebKit/537.36 (KHTML, like Gecko) Chrome/75.0.3770.142 Safari/537.36] device=COMPUTER processingTime=186
=========================================================
2020-05-29 19:25:21.763	INFO	[U7SOllYTrjdJVjMr]	[Trade_Group]	[17:demostroh]	[default task-39]	Incoming request: GET /MULTIVERSA-IFP/core/pao/web/paymententry/payment_entry_detail.jsf?screenType=CREDIT_TRANSFER&widgetAction=MORE_DETAILS&directAccess=True&widget=paymentEntry&localAccountId=&beneficiaryId=&currency=EUR&amount=&remittanceInformation= userAgent=[Mozilla/5.0 (X11; Linux x86_64) AppleWebKit/537.36 (KHTML, like Gecko) Chrome/75.0.3770.142 Safari/537.36] device=COMPUTER processingTime=186
=========================================================
2020-05-29 19:25:21.763	INFO	[U7SOllYTrjdJVjMr]	[Trade_Group]	[17:demostroh]	[default task-39]	Incoming request: GET /MULTIVERSA-IFP/lightning/ecm/liquidity/countries/liquidity_countries.jsf?selectedView=ecm.liquidity.countries.view.all&viewType=0&widget=LiquidityByCountriesWidgetContent&countries=NL userAgent=[Mozilla/5.0 (X11; Linux x86_64) AppleWebKit/537.36 (KHTML, like Gecko) Chrome/75.0.3770.142 Safari/537.36] device=COMPUTER processingTime=54
=========================================================
2020-05-29 19:25:21.763	INFO	[U7SOllYTrjdJVjMr]	[Trade_Group]	[17:demostroh]	[default task-39]	Incoming request: GET /MULTIVERSA-IFP/lightning/ecm/liquidity/banks/liquidity_banks.jsf?selectedView=ecm.liquidity.banks.view.all&viewType=0&widget=LiquidityByBanksWidgetContent&banks=RpBLVhy85c5u4nGKeISH0A userAgent=[Mozilla/5.0 (X11; Linux x86_64) AppleWebKit/537.36 (KHTML, like Gecko) Chrome/75.0.3770.142 Safari/537.36] device=COMPUTER processingTime=51
=========================================================
2020-05-29 19:25:21.763	INFO	[U7SOllYTrjdJVjMr]	[Trade_Group]	[17:demostroh]	[default task-39]	Incoming request: GET /MULTIVERSA-IFP/core/pao/open_payments.jsf?selectedView=pao.guiList.view.toBeAuthorisedByMe&paymentType=1&widget=summary userAgent=[Mozilla/5.0 (X11; Ubuntu; Linux x86_64; rv:68.0) Gecko/20100101 Firefox/68.0] device=COMPUTER processingTime=65
=========================================================
2020-05-29 19:25:21.840	INFO	[qAmFVoAaafcVSYvy]	[Trade_Group]	[17:demostroh]	[default task-39]	Incoming request: GET /MULTIVERSA-IFP/lightning/ecm/liquidity/currencies/liquidity_currencies.jsf?selectedView=ecm.liquidity.currencies.view.all&viewType=0&widget=LiquidityByCurrenciesWidgetContent userAgent=[Mozilla/5.0 (X11; Ubuntu; Linux x86_64; rv:68.0) Gecko/20100101 Firefox/68.0] device=COMPUTER processingTime=54
=========================================================
2020-05-29 19:25:21.840	INFO	[qAmFVoAaafcVSYvy]	[Trade_Group]	[17:demostroh]	[default task-39]	Incoming request: GET /MULTIVERSA-IFP/lightning/ecm/liquidity/banks/liquidity_banks.jsf?selectedView=ecm.liquidity.banks.view.all&viewType=0&widget=LiquidityByBanksWidgetContent&banks=RpBLVhy85c5u4nGKeISH0A userAgent=[Mozilla/5.0 (X11; Linux x86_64) AppleWebKit/537.36 (KHTML, like Gecko) Chrome/75.0.3770.142 Safari/537.36] device=COMPUTER processingTime=51
=========================================================
2020-05-29 19:25:21.840	INFO	[qAmFVoAaafcVSYvy]	[Trade_Group]	[17:demostroh]	[default task-39]	Incoming request: GET /MULTIVERSA-IFP/lightning/ecm/liquidity/accounts/liquidity_accounts.jsf?selectedView=ecm.liquidity.accounts.view.all&viewType=0&widget=LiquidityByAccountsWidgetContent userAgent=[Mozilla/5.0 (X11; Ubuntu; Linux x86_64; rv:68.0) Gecko/20100101 Firefox/68.0] device=COMPUTER processingTime=57
=========================================================
2020-05-29 19:25:21.840	INFO	[qAmFVoAaafcVSYvy]	[Trade_Group]	[17:demostroh]	[default task-39]	Incoming request: GET /MULTIVERSA-IFP/lightning/reporting/balance/balance_overview.jsf?selectedView=ecm.reporting.balance.overview.intradayReportsView&viewType=0&widget=balancesColumn userAgent=[Mozilla/5.0 (X11; Linux x86_64) AppleWebKit/537.36 (KHTML, like Gecko) Chrome/75.0.3770.142 Safari/537.36] device=COMPUTER processingTime=329
=========================================================
2020-05-29 19:25:21.840	INFO	[qAmFVoAaafcVSYvy]	[Trade_Group]	[17:demostroh]	[default task-39]	Incoming request: GET /MULTIVERSA-IFP/lightning/ecm/liquidity/accounts/liquidity_accounts.jsf?selectedView=ecm.liquidity.accounts.view.all&viewType=0&widget=LiquidityByAccountsWidgetContent userAgent=[Mozilla/5.0 (X11; Ubuntu; Linux x86_64; rv:68.0) Gecko/20100101 Firefox/68.0] device=COMPUTER processingTime=57
=========================================================
2020-05-29 19:25:21.840	INFO	[qAmFVoAaafcVSYvy]	[Trade_Group]	[17:demostroh]	[default task-39]	Incoming request: GET /MULTIVERSA-IFP/lightning/reporting/transaction/transactions_overview.jsf?selectedView=ecm.reporting.transactions.mainList.view.allTransactionsMainListReport&viewType=0&widget=transactionByDate userAgent=[Mozilla/5.0 (X11; Ubuntu; Linux x86_64; rv:68.0) Gecko/20100101 Firefox/68.0] device=COMPUTER processingTime=55
=========================================================
2020-05-29 19:25:21.840	INFO	[qAmFVoAaafcVSYvy]	[Trade_Group]	[17:demostroh]	[default task-39]	Incoming request: GET /MULTIVERSA-IFP/core/pao/transmitted_payments.jsf?selectedView=pao.guiList.view.completed&viewType=0&widget=TransmittedPaymentsWidgetContent userAgent=[Mozilla/5.0 (X11; Ubuntu; Linux x86_64; rv:68.0) Gecko/20100101 Firefox/68.0] device=COMPUTER processingTime=66
=========================================================
2020-05-29 19:25:21.840	INFO	[qAmFVoAaafcVSYvy]	[Trade_Group]	[17:demostroh]	[default task-39]	Incoming request: GET /MULTIVERSA-IFP/core/pao/transmitted_payments.jsf?selectedView=pao.guiList.view.completed&viewType=0&widget=TransmittedPaymentsWidgetContent userAgent=[Mozilla/5.0 (X11; Ubuntu; Linux x86_64; rv:68.0) Gecko/20100101 Firefox/68.0] device=COMPUTER processingTime=66
=========================================================
2020-05-29 19:25:21.840	INFO	[qAmFVoAaafcVSYvy]	[Trade_Group]	[17:demostroh]	[default task-39]	Incoming request: GET /MULTIVERSA-IFP/lightning/ecm/liquidity/accountGroups/liquidity_account_groups.jsf?selectedView=ecm.liquidity.accountGroups.view.all&viewType=0&widget=LiquidityByAccountGroupsWidgetContent userAgent=[Mozilla/5.0 (X11; Linux x86_64) AppleWebKit/537.36 (KHTML, like Gecko) Chrome/75.0.3770.142 Safari/537.36] device=COMPUTER processingTime=42
=========================================================
2020-05-29 19:25:21.840	INFO	[qAmFVoAaafcVSYvy]	[Trade_Group]	[17:demostroh]	[default task-39]	Incoming request: GET /MULTIVERSA-IFP/lightning/ecm/liquidity/accounts/liquidity_accounts.jsf?selectedView=ecm.liquidity.accounts.view.all&viewType=0&widget=LiquidityByAccountsWidgetContent userAgent=[Mozilla/5.0 (X11; Ubuntu; Linux x86_64; rv:68.0) Gecko/20100101 Firefox/68.0] device=COMPUTER processingTime=57
=========================================================
2020-05-29 19:25:21.840	INFO	[qAmFVoAaafcVSYvy]	[Trade_Group]	[17:demostroh]	[default task-39]	Incoming request: GET /MULTIVERSA-IFP/lightning/reporting/balance/balance_overview.jsf?selectedView=ecm.reporting.balance.overview.intradayReportsView&viewType=0&widget=balancesColumn userAgent=[Mozilla/5.0 (X11; Linux x86_64) AppleWebKit/537.36 (KHTML, like Gecko) Chrome/75.0.3770.142 Safari/537.36] device=COMPUTER processingTime=329
=========================================================
2020-05-29 19:25:21.840	INFO	[qAmFVoAaafcVSYvy]	[Trade_Group]	[17:demostroh]	[default task-39]	Incoming request: GET /MULTIVERSA-IFP/lightning/reporting/balance/balance_overview.jsf?selectedView=ecm.reporting.balance.overview.intradayReportsView&viewType=0&widget=balancesColumn userAgent=[Mozilla/5.0 (X11; Linux x86_64) AppleWebKit/537.36 (KHTML, like Gecko) Chrome/75.0.3770.142 Safari/537.36] device=COMPUTER processingTime=329
=========================================================
2020-05-29 19:25:21.840	INFO	[qAmFVoAaafcVSYvy]	[Trade_Group]	[17:demostroh]	[default task-39]	Incoming request: GET /MULTIVERSA-IFP/lightning/ecm/liquidity/banks/liquidity_banks.jsf?selectedView=ecm.liquidity.banks.view.all&viewType=0&widget=LiquidityByBanksWidgetContent&banks=RpBLVhy85c5u4nGKeISH0A userAgent=[Mozilla/5.0 (X11; Linux x86_64) AppleWebKit/537.36 (KHTML, like Gecko) Chrome/75.0.3770.142 Safari/537.36] device=COMPUTER processingTime=51
=========================================================
2020-05-29 19:25:21.840	INFO	[qAmFVoAaafcVSYvy]	[Trade_Group]	[17:demostroh]	[default task-39]	Incoming request: GET /MULTIVERSA-IFP/lightning/ecm/liquidity/accountGroups/liquidity_account_groups.jsf?selectedView=ecm.liquidity.accountGroups.view.all&viewType=0&widget=LiquidityByAccountGroupsWidgetContent userAgent=[Mozilla/5.0 (X11; Linux x86_64) AppleWebKit/537.36 (KHTML, like Gecko) Chrome/75.0.3770.142 Safari/537.36] device=COMPUTER processingTime=42
=========================================================
2020-05-29 19:25:21.840	INFO	[qAmFVoAaafcVSYvy]	[Trade_Group]	[17:demostroh]	[default task-39]	Incoming request: GET /MULTIVERSA-IFP/lightning/ecm/liquidity/currencies/liquidity_currencies.jsf?selectedView=ecm.liquidity.currencies.view.all&viewType=0&widget=LiquidityByCurrenciesWidgetContent userAgent=[Mozilla/5.0 (X11; Ubuntu; Linux x86_64; rv:68.0) Gecko/20100101 Firefox/68.0] device=COMPUTER processingTime=54
=========================================================
2020-05-29 19:25:21.903	INFO	[9se3tNnc1CRIY8iP]	[Trade_Group]	[17:demostroh]	[default task-39]	Incoming request: GET /MULTIVERSA-IFP/lightning/ecm/liquidity/accountGroups/liquidity_account_groups.jsf?selectedView=ecm.liquidity.accountGroups.view.all&viewType=0&widget=LiquidityByAccountGroupsWidgetContent userAgent=[Mozilla/5.0 (X11; Linux x86_64) AppleWebKit/537.36 (KHTML, like Gecko) Chrome/75.0.3770.142 Safari/537.36] device=COMPUTER processingTime=42
=========================================================
2020-05-29 19:25:21.903	INFO	[9se3tNnc1CRIY8iP]	[Trade_Group]	[17:demostroh]	[default task-39]	Incoming request: GET /MULTIVERSA-IFP/lightning/reporting/balance/balance_overview.jsf?selectedView=ecm.reporting.balance.overview.allAccountsView&viewType=0&widget=BalancesListWidgetContent userAgent=[Mozilla/5.0 (X11; Ubuntu; Linux x86_64; rv:68.0) Gecko/20100101 Firefox/68.0] device=COMPUTER processingTime=50
=========================================================
2020-05-29 19:25:21.903	INFO	[9se3tNnc1CRIY8iP]	[Trade_Group]	[17:demostroh]	[default task-39]	Incoming request: GET /MULTIVERSA-IFP/lightning/reporting/transaction/transactions_overview.jsf?selectedView=ecm.reporting.transactions.mainList.view.allTransactionsMainListReport&viewType=0&widget=IncomingTransactionsWidgetContent userAgent=[Mozilla/5.0 (X11; Ubuntu; Linux x86_64; rv:68.0) Gecko/20100101 Firefox/68.0] device=COMPUTER processingTime=48
=========================================================
2020-05-29 19:25:21.903	INFO	[9se3tNnc1CRIY8iP]	[Trade_Group]	[17:demostroh]	[default task-39]	Incoming request: GET /MULTIVERSA-IFP/lightning/ecm/liquidity/accounts/liquidity_accounts.jsf?selectedView=ecm.liquidity.accounts.view.all&viewType=0&widget=LiquidityByAccountsWidgetContent userAgent=[Mozilla/5.0 (X11; Ubuntu; Linux x86_64; rv:68.0) Gecko/20100101 Firefox/68.0] device=COMPUTER processingTime=57
=========================================================
2020-05-29 19:25:21.903	INFO	[9se3tNnc1CRIY8iP]	[Trade_Group]	[17:demostroh]	[default task-39]	Incoming request: GET /MULTIVERSA-IFP/lightning/reporting/transaction/transactions_overview.jsf?selectedView=ecm.reporting.transactions.mainList.view.allTransactionsMainListReport&viewType=0&widget=IncomingTransactionsWidgetContent userAgent=[Mozilla/5.0 (X11; Ubuntu; Linux x86_64; rv:68.0) Gecko/20100101 Firefox/68.0] device=COMPUTER processingTime=48
=========================================================
2020-05-29 19:25:21.903	INFO	[9se3tNnc1CRIY8iP]	[Trade_Group]	[17:demostroh]	[default task-39]	Incoming request: GET /MULTIVERSA-IFP/lightning/ecm/liquidity/banks/liquidity_banks.jsf?selectedView=ecm.liquidity.banks.view.all&viewType=0&widget=LiquidityByBanksWidgetContent&banks=RpBLVhy85c5u4nGKeISH0A userAgent=[Mozilla/5.0 (X11; Linux x86_64) AppleWebKit/537.36 (KHTML, like Gecko) Chrome/75.0.3770.142 Safari/537.36] device=COMPUTER processingTime=51
=========================================================
2020-05-29 19:25:21.903	INFO	[9se3tNnc1CRIY8iP]	[Trade_Group]	[17:demostroh]	[default task-39]	Incoming request: GET /MULTIVERSA-IFP/lightning/reporting/balance/balance_overview.jsf?selectedView=ecm.reporting.balance.overview.intradayReportsView&viewType=0&widget=balancesColumn userAgent=[Mozilla/5.0 (X11; Linux x86_64) AppleWebKit/537.36 (KHTML, like Gecko) Chrome/75.0.3770.142 Safari/537.36] device=COMPUTER processingTime=329
=========================================================
2020-05-29 19:25:21.903	INFO	[9se3tNnc1CRIY8iP]	[Trade_Group]	[17:demostroh]	[default task-39]	Incoming request: GET /MULTIVERSA-IFP/lightning/ecm/liquidity/currencies/liquidity_currencies.jsf?selectedView=ecm.liquidity.currencies.view.all&viewType=0&widget=LiquidityByCurrenciesWidgetContent userAgent=[Mozilla/5.0 (X11; Ubuntu; Linux x86_64; rv:68.0) Gecko/20100101 Firefox/68.0] device=COMPUTER processingTime=54
=========================================================
2020-05-29 19:25:21.903	INFO	[9se3tNnc1CRIY8iP]	[Trade_Group]	[17:demostroh]	[default task-39]	Incoming request: GET /MULTIVERSA-IFP/lightning/reporting/balance/balance_overview.jsf?selectedView=ecm.reporting.balance.overview.intradayReportsView&viewType=0&widget=favouriteViews userAgent=[Mozilla/5.0 (X11; Ubuntu; Linux x86_64; rv:68.0) Gecko/20100101 Firefox/68.0] device=COMPUTER processingTime=54
=========================================================
2020-05-29 19:25:21.903	INFO	[9se3tNnc1CRIY8iP]	[Trade_Group]	[17:demostroh]	[default task-39]	Incoming request: GET /MULTIVERSA-IFP/lightning/reporting/balance/balance_overview.jsf?selectedView=ecm.reporting.balance.overview.intradayReportsView&viewType=0&widget=balancesByCurrencies userAgent=[Mozilla/5.0 (X11; Ubuntu; Linux x86_64; rv:68.0) Gecko/20100101 Firefox/68.0] device=COMPUTER processingTime=54
=========================================================
2020-05-29 19:25:21.903	INFO	[9se3tNnc1CRIY8iP]	[Trade_Group]	[17:demostroh]	[default task-39]	Incoming request: GET /MULTIVERSA-IFP/lightning/reporting/balance/balance_overview.jsf?selectedView=ecm.reporting.balance.overview.intradayReportsView&viewType=0&widget=balancesColumn userAgent=[Mozilla/5.0 (X11; Linux x86_64) AppleWebKit/537.36 (KHTML, like Gecko) Chrome/75.0.3770.142 Safari/537.36] device=COMPUTER processingTime=329
=========================================================
2020-05-29 19:25:21.903	INFO	[9se3tNnc1CRIY8iP]	[Trade_Group]	[17:demostroh]	[default task-39]	Incoming request: GET /MULTIVERSA-IFP/lightning/ecm/liquidity/currencies/liquidity_currencies.jsf?selectedView=ecm.liquidity.currencies.view.all&viewType=0&widget=LiquidityByCurrenciesWidgetContent userAgent=[Mozilla/5.0 (X11; Ubuntu; Linux x86_64; rv:68.0) Gecko/20100101 Firefox/68.0] device=COMPUTER processingTime=54
=========================================================
2020-05-29 19:25:21.903	INFO	[9se3tNnc1CRIY8iP]	[Trade_Group]	[17:demostroh]	[default task-39]	Incoming request: GET /MULTIVERSA-IFP/lightning/ecm/liquidity/countries/liquidity_countries.jsf?selectedView=ecm.liquidity.countries.view.all&viewType=0&widget=LiquidityByCountriesWidgetContent&countries=NL userAgent=[Mozilla/5.0 (X11; Linux x86_64) AppleWebKit/537.36 (KHTML, like Gecko) Chrome/75.0.3770.142 Safari/537.36] device=COMPUTER processingTime=54
=========================================================
2020-05-29 19:25:21.903	INFO	[9se3tNnc1CRIY8iP]	[Trade_Group]	[17:demostroh]	[default task-39]	Incoming request: GET /MULTIVERSA-IFP/lightning/ecm/liquidity/banks/liquidity_banks.jsf?selectedView=ecm.liquidity.banks.view.all&viewType=0&widget=LiquidityByBanksWidgetContent&banks=RpBLVhy85c5u4nGKeISH0A userAgent=[Mozilla/5.0 (X11; Linux x86_64) AppleWebKit/537.36 (KHTML, like Gecko) Chrome/75.0.3770.142 Safari/537.36] device=COMPUTER processingTime=51
=========================================================
2020-05-29 19:25:21.903	INFO	[9se3tNnc1CRIY8iP]	[Trade_Group]	[17:demostroh]	[default task-39]	Incoming request: GET /MULTIVERSA-IFP/lightning/reporting/transaction/transactions_overview.jsf?selectedView=ecm.reporting.transactions.mainList.view.allTransactionsMainListReport&viewType=0&widget=IncomingTransactionsWidgetContent userAgent=[Mozilla/5.0 (X11; Ubuntu; Linux x86_64; rv:68.0) Gecko/20100101 Firefox/68.0] device=COMPUTER processingTime=48
=========================================================
2020-05-29 19:25:21.903	INFO	[9se3tNnc1CRIY8iP]	[Trade_Group]	[17:demostroh]	[default task-39]	Incoming request: GET /MULTIVERSA-IFP/core/pao/open_payments.jsf?selectedView=pao.guiList.view.allPayments&widget=openPayments userAgent=[Mozilla/5.0 (X11; Ubuntu; Linux x86_64; rv:68.0) Gecko/20100101 Firefox/68.0] device=COMPUTER processingTime=54
=========================================================
2020-05-29 19:25:21.903	INFO	[9se3tNnc1CRIY8iP]	[Trade_Group]	[17:demostroh]	[default task-39]	Incoming request: GET /MULTIVERSA-IFP/lightning/ecm/liquidity/banks/liquidity_banks.jsf?selectedView=ecm.liquidity.banks.view.all&viewType=0&widget=LiquidityByBanksWidgetContent&banks=RpBLVhy85c5u4nGKeISH0A userAgent=[Mozilla/5.0 (X11; Linux x86_64) AppleWebKit/537.36 (KHTML, like Gecko) Chrome/75.0.3770.142 Safari/537.36] device=COMPUTER processingTime=51
=========================================================
2020-05-29 19:25:21.903	INFO	[9se3tNnc1CRIY8iP]	[Trade_Group]	[17:demostroh]	[default task-39]	Incoming request: GET /MULTIVERSA-IFP/lightning/ecm/liquidity/countries/liquidity_countries.jsf?selectedView=ecm.liquidity.countries.view.all&viewType=0&widget=LiquidityByCountriesWidgetContent&countries=NL userAgent=[Mozilla/5.0 (X11; Linux x86_64) AppleWebKit/537.36 (KHTML, like Gecko) Chrome/75.0.3770.142 Safari/537.36] device=COMPUTER processingTime=54
=========================================================
2020-05-29 19:25:21.965	INFO	[wnzmXBO54hM2V6Qn]	[Trade_Group]	[17:demostroh]	[default task-39]	Incoming request: GET /MULTIVERSA-IFP/lightning/reporting/balance/balance_overview.jsf?selectedView=ecm.reporting.balance.overview.intradayReportsView&viewType=0&widget=favouriteViews userAgent=[Mozilla/5.0 (X11; Ubuntu; Linux x86_64; rv:68.0) Gecko/20100101 Firefox/68.0] device=COMPUTER processingTime=54
=========================================================
2020-05-29 19:25:21.965	INFO	[wnzmXBO54hM2V6Qn]	[Trade_Group]	[17:demostroh]	[default task-39]	Incoming request: GET /MULTIVERSA-IFP/core/pao/transmitted_payments.jsf?selectedView=pao.guiList.view.completed&viewType=0&widget=TransmittedPaymentsWidgetContent userAgent=[Mozilla/5.0 (X11; Ubuntu; Linux x86_64; rv:68.0) Gecko/20100101 Firefox/68.0] device=COMPUTER processingTime=66
=========================================================
2020-05-29 19:25:21.965	INFO	[wnzmXBO54hM2V6Qn]	[Trade_Group]	[17:demostroh]	[default task-39]	Incoming request: GET /MULTIVERSA-IFP/lightning/reporting/transaction/transactions_overview.jsf?selectedView=ecm.reporting.transactions.mainList.view.allTransactionsMainListReport&viewType=0&widget=IncomingTransactionsWidgetContent userAgent=[Mozilla/5.0 (X11; Ubuntu; Linux x86_64; rv:68.0) Gecko/20100101 Firefox/68.0] device=COMPUTER processingTime=48
=========================================================
2020-05-29 19:25:21.965	INFO	[wnzmXBO54hM2V6Qn]	[Trade_Group]	[17:demostroh]	[default task-39]	Incoming request: GET /MULTIVERSA-IFP/lightning/reporting/balance/balance_overview.jsf?selectedView=ecm.reporting.balance.overview.intradayReportsView&viewType=0&widget=favouriteViews userAgent=[Mozilla/5.0 (X11; Ubuntu; Linux x86_64; rv:68.0) Gecko/20100101 Firefox/68.0] device=COMPUTER processingTime=54
=========================================================
2020-05-29 19:25:21.965	INFO	[wnzmXBO54hM2V6Qn]	[Trade_Group]	[17:demostroh]	[default task-39]	Incoming request: GET /MULTIVERSA-IFP/core/pao/web/paymententry/payment_entry_detail.jsf?screenType=CREDIT_TRANSFER&widgetAction=MORE_DETAILS&directAccess=True&widget=paymentEntry&localAccountId=&beneficiaryId=&currency=EUR&amount=&remittanceInformation= userAgent=[Mozilla/5.0 (X11; Linux x86_64) AppleWebKit/537.36 (KHTML, like Gecko) Chrome/75.0.3770.142 Safari/537.36] device=COMPUTER processingTime=186
=========================================================
2020-05-29 19:25:21.965	INFO	[wnzmXBO54hM2V6Qn]	[Trade_Group]	[17:demostroh]	[default task-39]	Incoming request: GET /MULTIVERSA-IFP/lightning/ecm/liquidity/banks/liquidity_banks.jsf?selectedView=ecm.liquidity.banks.view.all&viewType=0&widget=LiquidityByBanksWidgetContent&banks=RpBLVhy85c5u4nGKeISH0A userAgent=[Mozilla/5.0 (X11; Linux x86_64) AppleWebKit/537.36 (KHTML, like Gecko) Chrome/75.0.3770.142 Safari/537.36] device=COMPUTER processingTime=51
=========================================================
2020-05-29 19:25:21.965	INFO	[wnzmXBO54hM2V6Qn]	[Trade_Group]	[17:demostroh]	[default task-39]	Incoming request: GET /MULTIVERSA-IFP/lightning/reporting/balance/balance_overview.jsf?selectedView=ecm.reporting.balance.overview.intradayReportsView&viewType=0&widget=balancesByCurrencies userAgent=[Mozilla/5.0 (X11; Ubuntu; Linux x86_64; rv:68.0) Gecko/20100101 Firefox/68.0] device=COMPUTER processingTime=54
=========================================================
2020-05-29 19:25:21.965	INFO	[wnzmXBO54hM2V6Qn]	[Trade_Group]	[17:demostroh]	[default task-39]	Incoming request: GET /MULTIVERSA-IFP/lightning/ecm/liquidity/currencies/liquidity_currencies.jsf?selectedView=ecm.liquidity.currencies.view.all&viewType=0&widget=LiquidityByCurrenciesWidgetContent userAgent=[Mozilla/5.0 (X11; Ubuntu; Linux x86_64; rv:68.0) Gecko/20100101 Firefox/68.0] device=COMPUTER processingTime=54
=========================================================
2020-05-29 19:25:21.965	INFO	[wnzmXBO54hM2V6Qn]	[Trade_Group]	[17:demostroh]	[default task-39]	Incoming request: GET /MULTIVERSA-IFP/lightning/reporting/balance/balance_overview.jsf?selectedView=ecm.reporting.balance.overview.allAccountsView&viewType=0&widget=BalancesListWidgetContent userAgent=[Mozilla/5.0 (X11; Ubuntu; Linux x86_64; rv:68.0) Gecko/20100101 Firefox/68.0] device=COMPUTER processingTime=50
=========================================================
2020-05-29 19:25:21.965	INFO	[wnzmXBO54hM2V6Qn]	[Trade_Group]	[17:demostroh]	[default task-39]	Incoming request: GET /MULTIVERSA-IFP/core/pao/open_payments.jsf?selectedView=pao.guiList.view.toBeAuthorisedByMe&paymentType=1&widget=summary userAgent=[Mozilla/5.0 (X11; Ubuntu; Linux x86_64; rv:68.0) Gecko/20100101 Firefox/68.0] device=COMPUTER processingTime=65
=========================================================
2020-05-29 19:25:21.965	INFO	[wnzmXBO54hM2V6Qn]	[Trade_Group]	[17:demostroh]	[default task-39]	Incoming request: GET /MULTIVERSA-IFP/lightning/reporting/balance/balance_overview.jsf?selectedView=ecm.reporting.balance.overview.allAccountsView&viewType=0&widget=BalancesListWidgetContent userAgent=[Mozilla/5.0 (X11; Ubuntu; Linux x86_64; rv:68.0) Gecko/20100101 Firefox/68.0] device=COMPUTER processingTime=50
=========================================================
2020-05-29 19:25:21.965	INFO	[wnzmXBO54hM2V6Qn]	[Trade_Group]	[17:demostroh]	[default task-39]	Incoming request: GET /MULTIVERSA-IFP/lightning/ecm/liquidity/currencies/liquidity_currencies.jsf?selectedView=ecm.liquidity.currencies.view.all&viewType=0&widget=LiquidityByCurrenciesWidgetContent userAgent=[Mozilla/5.0 (X11; Ubuntu; Linux x86_64; rv:68.0) Gecko/20100101 Firefox/68.0] device=COMPUTER processingTime=54
=========================================================
2020-05-29 19:25:21.965	INFO	[wnzmXBO54hM2V6Qn]	[Trade_Group]	[17:demostroh]	[default task-39]	Incoming request: GET /MULTIVERSA-IFP/lightning/ecm/liquidity/currencies/liquidity_currencies.jsf?selectedView=ecm.liquidity.currencies.view.all&viewType=0&widget=LiquidityByCurrenciesWidgetContent userAgent=[Mozilla/5.0 (X11; Ubuntu; Linux x86_64; rv:68.0) Gecko/20100101 Firefox/68.0] device=COMPUTER processingTime=54
=========================================================
2020-05-29 19:25:21.965	INFO	[wnzmXBO54hM2V6Qn]	[Trade_Group]	[17:demostroh]	[default task-39]	Incoming request: GET /MULTIVERSA-IFP/lightning/ecm/liquidity/accounts/liquidity_accounts.jsf?selectedView=ecm.liquidity.accounts.view.all&viewType=0&widget=LiquidityByAccountsWidgetContent userAgent=[Mozilla/5.0 (X11; Ubuntu; Linux x86_64; rv:68.0) Gecko/20100101 Firefox/68.0] device=COMPUTER processingTime=57
=========================================================
2020-05-29 19:25:21.965	INFO	[wnzmXBO54hM2V6Qn]	[Trade_Group]	[17:demostroh]	[default task-39]	Incoming request: GET /MULTIVERSA-IFP/core/pao/open_payments.jsf?selectedView=pao.guiList.view.allPayments&widget=openPayments userAgent=[Mozilla/5.0 (X11; Ubuntu; Linux x86_64; rv:68.0) Gecko/20100101 Firefox/68.0] device=COMPUTER processingTime=54
=========================================================
2020-05-29 19:25:21.965	INFO	[wnzmXBO54hM2V6Qn]	[Trade_Group]	[17:demostroh]	[default task-39]	Incoming request: GET /MULTIVERSA-IFP/core/pao/web/paymententry/payment_entry_detail.jsf?screenType=CREDIT_TRANSFER&widgetAction=MORE_DETAILS&directAccess=True&widget=paymentEntry&localAccountId=&beneficiaryId=&currency=EUR&amount=&remittanceInformation= userAgent=[Mozilla/5.0 (X11; Linux x86_64) AppleWebKit/537.36 (KHTML, like Gecko) Chrome/75.0.3770.142 Safari/537.36] device=COMPUTER processingTime=186
=========================================================
2020-05-29 19:25:21.965	INFO	[wnzmXBO54hM2V6Qn]	[Trade_Group]	[17:demostroh]	[default task-39]	Incoming request: GET /MULTIVERSA-IFP/lightning/reporting/balance/balance_overview.jsf?selectedView=ecm.reporting.balance.overview.allAccountsView&viewType=0&widget=BalancesListWidgetContent userAgent=[Mozilla/5.0 (X11; Ubuntu; Linux x86_64; rv:68.0) Gecko/20100101 Firefox/68.0] device=COMPUTER processingTime=50
=========================================================
2020-05-29 19:25:21.965	INFO	[wnzmXBO54hM2V6Qn]	[Trade_Group]	[17:demostroh]	[default task-39]	Incoming request: GET /MULTIVERSA-IFP/lightning/ecm/liquidity/accountGroups/liquidity_account_groups.jsf?selectedView=ecm.liquidity.accountGroups.view.all&viewType=0&widget=LiquidityByAccountGroupsWidgetContent userAgent=[Mozilla/5.0 (X11; Linux x86_64) AppleWebKit/537.36 (KHTML, like Gecko) Chrome/75.0.3770.142 Safari/537.36] device=COMPUTER processingTime=42
=========================================================
2020-05-29 19:25:21.965	INFO	[wnzmXBO54hM2V6Qn]	[Trade_Group]	[17:demostroh]	[default task-39]	Incoming request: GET /MULTIVERSA-IFP/lightning/ecm/liquidity/accounts/liquidity_accounts.jsf?selectedView=ecm.liquidity.accounts.view.all&viewType=0&widget=LiquidityByAccountsWidgetContent userAgent=[Mozilla/5.0 (X11; Ubuntu; Linux x86_64; rv:68.0) Gecko/20100101 Firefox/68.0] device=COMPUTER processingTime=57
=========================================================
2020-05-29 19:25:21.965	INFO	[wnzmXBO54hM2V6Qn]	[Trade_Group]	[17:demostroh]	[default task-39]	Incoming request: GET /MULTIVERSA-IFP/lightning/reporting/transaction/transactions_overview.jsf?selectedView=ecm.reporting.transactions.mainList.view.allTransactionsMainListReport&viewType=0&widget=transactionByDate userAgent=[Mozilla/5.0 (X11; Ubuntu; Linux x86_64; rv:68.0) Gecko/20100101 Firefox/68.0] device=COMPUTER processingTime=55
=========================================================
2020-05-29 19:25:22.030	INFO	[HCQNn5FcHge0V2Om]	[Trade_Group]	[17:demostroh]	[default task-39]	Incoming request: GET /MULTIVERSA-IFP/lightning/reporting/balance/balance_overview.jsf?selectedView=ecm.reporting.balance.overview.intradayReportsView&viewType=0&widget=favouriteViews userAgent=[Mozilla/5.0 (X11; Ubuntu; Linux x86_64; rv:68.0) Gecko/20100101 Firefox/68.0] device=COMPUTER processingTime=54
=========================================================
2020-05-29 19:25:22.030	INFO	[HCQNn5FcHge0V2Om]	[Trade_Group]	[17:demostroh]	[default task-39]	Incoming request: GET /MULTIVERSA-IFP/core/pao/open_payments.jsf?selectedView=pao.guiList.view.toBeAuthorisedByMe&paymentType=1&widget=summary userAgent=[Mozilla/5.0 (X11; Ubuntu; Linux x86_64; rv:68.0) Gecko/20100101 Firefox/68.0] device=COMPUTER processingTime=65
=========================================================
2020-05-29 19:25:22.030	INFO	[HCQNn5FcHge0V2Om]	[Trade_Group]	[17:demostroh]	[default task-39]	Incoming request: GET /MULTIVERSA-IFP/lightning/reporting/balance/balance_overview.jsf?selectedView=ecm.reporting.balance.overview.intradayReportsView&viewType=0&widget=balancesColumn userAgent=[Mozilla/5.0 (X11; Linux x86_64) AppleWebKit/537.36 (KHTML, like Gecko) Chrome/75.0.3770.142 Safari/537.36] device=COMPUTER processingTime=329
=========================================================
2020-05-29 19:25:22.030	INFO	[HCQNn5FcHge0V2Om]	[Trade_Group]	[17:demostroh]	[default task-39]	Incoming request: GET /MULTIVERSA-IFP/lightning/reporting/balance/balance_overview.jsf?selectedView=ecm.reporting.balance.overview.intradayReportsView&viewType=0&widget=balancesColumn userAgent=[Mozilla/5.0 (X11; Linux x86_64) AppleWebKit/537.36 (KHTML, like Gecko) Chrome/75.0.3770.142 Safari/537.36] device=COMPUTER processingTime=329
=========================================================
2020-05-29 19:25:22.030	INFO	[HCQNn5FcHge0V2Om]	[Trade_Group]	[17:demostroh]	[default task-39]	Incoming request: GET /MULTIVERSA-IFP/lightning/reporting/transaction/transactions_overview.jsf?selectedView=ecm.reporting.transactions.mainList.view.allTransactionsMainListReport&viewType=0&widget=transactionByDate userAgent=[Mozilla/5.0 (X11; Ubuntu; Linux x86_64; rv:68.0) Gecko/20100101 Firefox/68.0] device=COMPUTER processingTime=55
=========================================================
2020-05-29 19:25:22.030	INFO	[HCQNn5FcHge0V2Om]	[Trade_Group]	[17:demostroh]	[default task-39]	Incoming request: GET /MULTIVERSA-IFP/core/pao/open_payments.jsf?selectedView=pao.guiList.view.allPayments&widget=openPayments userAgent=[Mozilla/5.0 (X11; Ubuntu; Linux x86_64; rv:68.0) Gecko/20100101 Firefox/68.0] device=COMPUTER processingTime=54
=========================================================
2020-05-29 19:25:22.030	INFO	[HCQNn5FcHge0V2Om]	[Trade_Group]	[17:demostroh]	[default task-39]	Incoming request: GET /MULTIVERSA-IFP/lightning/ecm/liquidity/currencies/liquidity_currencies.jsf?selectedView=ecm.liquidity.currencies.view.all&viewType=0&widget=LiquidityByCurrenciesWidgetContent userAgent=[Mozilla/5.0 (X11; Ubuntu; Linux x86_64; rv:68.0) Gecko/20100101 Firefox/68.0] device=COMPUTER processingTime=54
=========================================================
2020-05-29 19:25:22.030	INFO	[HCQNn5FcHge0V2Om]	[Trade_Group]	[17:demostroh]	[default task-39]	Incoming request: GET /MULTIVERSA-IFP/lightning/reporting/transaction/transactions_overview.jsf?selectedView=ecm.reporting.transactions.mainList.view.allTransactionsMainListReport&viewType=0&widget=IncomingTransactionsWidgetContent userAgent=[Mozilla/5.0 (X11; Ubuntu; Linux x86_64; rv:68.0) Gecko/20100101 Firefox/68.0] device=COMPUTER processingTime=48
=========================================================
2020-05-29 19:25:22.030	INFO	[HCQNn5FcHge0V2Om]	[Trade_Group]	[17:demostroh]	[default task-39]	Incoming request: GET /MULTIVERSA-IFP/lightning/reporting/balance/balance_overview.jsf?selectedView=ecm.reporting.balance.overview.intradayReportsView&viewType=0&widget=balancesColumn userAgent=[Mozilla/5.0 (X11; Linux x86_64) AppleWebKit/537.36 (KHTML, like Gecko) Chrome/75.0.3770.142 Safari/537.36] device=COMPUTER processingTime=329
=========================================================
2020-05-29 19:25:22.030	INFO	[HCQNn5FcHge0V2Om]	[Trade_Group]	[17:demostroh]	[default task-39]	Incoming request: GET /MULTIVERSA-IFP/lightning/ecm/liquidity/accounts/liquidity_accounts.jsf?selectedView=ecm.liquidity.accounts.view.all&viewType=0&widget=LiquidityByAccountsWidgetContent userAgent=[Mozilla/5.0 (X11; Ubuntu; Linux x86_64; rv:68.0) Gecko/20100101 Firefox/68.0] device=COMPUTER processingTime=57
=========================================================
2020-05-29 19:25:22.030	INFO	[HCQNn5FcHge0V2Om]	[Trade_Group]	[17:demostroh]	[default task-39]	Incoming request: GET /MULTIVERSA-IFP/lightning/reporting/transaction/transactions_overview.jsf?selectedView=ecm.reporting.transactions.mainList.view.allTransactionsMainListReport&viewType=0&widget=IncomingTransactionsWidgetContent userAgent=[Mozilla/5.0 (X11; Ubuntu; Linux x86_64; rv:68.0) Gecko/20100101 Firefox/68.0] device=COMPUTER processingTime=48
=========================================================
2020-05-29 19:25:22.031	INFO	[HCQNn5FcHge0V2Om]	[Trade_Group]	[17:demostroh]	[default task-39]	Incoming request: GET /MULTIVERSA-IFP/lightning/ecm/liquidity/accounts/liquidity_accounts.jsf?selectedView=ecm.liquidity.accounts.view.all&viewType=0&widget=LiquidityByAccountsWidgetContent userAgent=[Mozilla/5.0 (X11; Ubuntu; Linux x86_64; rv:68.0) Gecko/20100101 Firefox/68.0] device=COMPUTER processingTime=57
=========================================================
2020-05-29 19:25:22.031	INFO	[HCQNn5FcHge0V2Om]	[Trade_Group]	[17:demostroh]	[default task-39]	Incoming request: GET /MULTIVERSA-IFP/core/pao/web/paymententry/payment_entry_detail.jsf?screenType=CREDIT_TRANSFER&widgetAction=MORE_DETAILS&directAccess=True&widget=paymentEntry&localAccountId=&beneficiaryId=&currency=EUR&amount=&remittanceInformation= userAgent=[Mozilla/5.0 (X11; Linux x86_64) AppleWebKit/537.36 (KHTML, like Gecko) Chrome/75.0.3770.142 Safari/537.36] device=COMPUTER processingTime=186
=========================================================
2020-05-29 19:25:22.031	INFO	[HCQNn5FcHge0V2Om]	[Trade_Group]	[17:demostroh]	[default task-39]	Incoming request: GET /MULTIVERSA-IFP/lightning/reporting/balance/balance_overview.jsf?selectedView=ecm.reporting.balance.overview.intradayReportsView&viewType=0&widget=favouriteViews userAgent=[Mozilla/5.0 (X11; Ubuntu; Linux x86_64; rv:68.0) Gecko/20100101 Firefox/68.0] device=COMPUTER processingTime=54
=========================================================
2020-05-29 19:25:22.031	INFO	[HCQNn5FcHge0V2Om]	[Trade_Group]	[17:demostroh]	[default task-39]	Incoming request: GET /MULTIVERSA-IFP/lightning/reporting/balance/balance_overview.jsf?selectedView=ecm.reporting.balance.overview.intradayReportsView&viewType=0&widget=balancesByCurrencies userAgent=[Mozilla/5.0 (X11; Ubuntu; Linux x86_64; rv:68.0) Gecko/20100101 Firefox/68.0] device=COMPUTER processingTime=54
=========================================================
2020-05-29 19:25:22.031	INFO	[HCQNn5FcHge0V2Om]	[Trade_Group]	[17:demostroh]	[default task-39]	Incoming request: GET /MULTIVERSA-IFP/core/pao/transmitted_payments.jsf?selectedView=pao.guiList.view.completed&viewType=0&widget=TransmittedPaymentsWidgetContent userAgent=[Mozilla/5.0 (X11; Ubuntu; Linux x86_64; rv:68.0) Gecko/20100101 Firefox/68.0] device=COMPUTER processingTime=66
=========================================================
2020-05-29 19:25:22.031	INFO	[HCQNn5FcHge0V2Om]	[Trade_Group]	[17:demostroh]	[default task-39]	Incoming request: GET /MULTIVERSA-IFP/lightning/reporting/balance/balance_overview.jsf?selectedView=ecm.reporting.balance.overview.intradayReportsView&viewType=0&widget=balancesByCurrencies userAgent=[Mozilla/5.0 (X11; Ubuntu; Linux x86_64; rv:68.0) Gecko/20100101 Firefox/68.0] device=COMPUTER processingTime=54
=========================================================
2020-05-29 19:25:22.031	INFO	[HCQNn5FcHge0V2Om]	[Trade_Group]	[17:demostroh]	[default task-39]	Incoming request: GET /MULTIVERSA-IFP/core/pao/transmitted_payments.jsf?selectedView=pao.guiList.view.completed&viewType=0&widget=TransmittedPaymentsWidgetContent userAgent=[Mozilla/5.0 (X11; Ubuntu; Linux x86_64; rv:68.0) Gecko/20100101 Firefox/68.0] device=COMPUTER processingTime=66
=========================================================
2020-05-29 19:25:22.109	INFO	[Fv78C4YUumY9cvzN]	[Trade_Group]	[17:demostroh]	[default task-39]	Incoming request: GET /MULTIVERSA-IFP/lightning/ecm/liquidity/countries/liquidity_countries.jsf?selectedView=ecm.liquidity.countries.view.all&viewType=0&widget=LiquidityByCountriesWidgetContent&countries=NL userAgent=[Mozilla/5.0 (X11; Linux x86_64) AppleWebKit/537.36 (KHTML, like Gecko) Chrome/75.0.3770.142 Safari/537.36] device=COMPUTER processingTime=54
=========================================================
2020-05-29 19:25:22.109	INFO	[Fv78C4YUumY9cvzN]	[Trade_Group]	[17:demostroh]	[default task-39]	Incoming request: GET /MULTIVERSA-IFP/core/pao/open_payments.jsf?selectedView=pao.guiList.view.allPayments&widget=openPayments userAgent=[Mozilla/5.0 (X11; Ubuntu; Linux x86_64; rv:68.0) Gecko/20100101 Firefox/68.0] device=COMPUTER processingTime=54
=========================================================
2020-05-29 19:25:22.109	INFO	[Fv78C4YUumY9cvzN]	[Trade_Group]	[17:demostroh]	[default task-39]	Incoming request: GET /MULTIVERSA-IFP/lightning/reporting/balance/balance_overview.jsf?selectedView=ecm.reporting.balance.overview.intradayReportsView&viewType=0&widget=balancesColumn userAgent=[Mozilla/5.0 (X11; Linux x86_64) AppleWebKit/537.36 (KHTML, like Gecko) Chrome/75.0.3770.142 Safari/537.36] device=COMPUTER processingTime=329
=========================================================
2020-05-29 19:25:22.110	INFO	[Fv78C4YUumY9cvzN]	[Trade_Group]	[17:demostroh]	[default task-39]	Incoming request: GET /MULTIVERSA-IFP/lightning/reporting/balance/balance_overview.jsf?selectedView=ecm.reporting.balance.overview.intradayReportsView&viewType=0&widget=balancesColumn userAgent=[Mozilla/5.0 (X11; Linux x86_64) AppleWebKit/537.36 (KHTML, like Gecko) Chrome/75.0.3770.142 Safari/537.36] device=COMPUTER processingTime=329
=========================================================
2020-05-29 19:25:22.110	INFO	[Fv78C4YUumY9cvzN]	[Trade_Group]	[17:demostroh]	[default task-39]	Incoming request: GET /MULTIVERSA-IFP/lightning/reporting/balance/balance_overview.jsf?selectedView=ecm.reporting.balance.overview.allAccountsView&viewType=0&widget=BalancesListWidgetContent userAgent=[Mozilla/5.0 (X11; Ubuntu; Linux x86_64; rv:68.0) Gecko/20100101 Firefox/68.0] device=COMPUTER processingTime=50
=========================================================
2020-05-29 19:25:22.110	INFO	[Fv78C4YUumY9cvzN]	[Trade_Group]	[17:demostroh]	[default task-39]	Incoming request: GET /MULTIVERSA-IFP/lightning/reporting/transaction/transactions_overview.jsf?selectedView=ecm.reporting.transactions.mainList.view.allTransactionsMainListReport&viewType=0&widget=IncomingTransactionsWidgetContent userAgent=[Mozilla/5.0 (X11; Ubuntu; Linux x86_64; rv:68.0) Gecko/20100101 Firefox/68.0] device=COMPUTER processingTime=48
=========================================================
2020-05-29 19:25:22.110	INFO	[Fv78C4YUumY9cvzN]	[Trade_Group]	[17:demostroh]	[default task-39]	Incoming request: GET /MULTIVERSA-IFP/lightning/ecm/liquidity/accounts/liquidity_accounts.jsf?selectedView=ecm.liquidity.accounts.view.all&viewType=0&widget=LiquidityByAccountsWidgetContent userAgent=[Mozilla/5.0 (X11; Ubuntu; Linux x86_64; rv:68.0) Gecko/20100101 Firefox/68.0] device=COMPUTER processingTime=57
=========================================================
2020-05-29 19:25:22.110	INFO	[Fv78C4YUumY9cvzN]	[Trade_Group]	[17:demostroh]	[default task-39]	Incoming request: GET /MULTIVERSA-IFP/lightning/ecm/liquidity/countries/liquidity_countries.jsf?selectedView=ecm.liquidity.countries.view.all&viewType=0&widget=LiquidityByCountriesWidgetContent&countries=NL userAgent=[Mozilla/5.0 (X11; Linux x86_64) AppleWebKit/537.36 (KHTML, like Gecko) Chrome/75.0.3770.142 Safari/537.36] device=COMPUTER processingTime=54
=========================================================
2020-05-29 19:25:22.110	INFO	[Fv78C4YUumY9cvzN]	[Trade_Group]	[17:demostroh]	[default task-39]	Incoming request: GET /MULTIVERSA-IFP/lightning/reporting/transaction/transactions_overview.jsf?selectedView=ecm.reporting.transactions.mainList.view.allTransactionsMainListReport&viewType=0&widget=transactionByDate userAgent=[Mozilla/5.0 (X11; Ubuntu; Linux x86_64; rv:68.0) Gecko/20100101 Firefox/68.0] device=COMPUTER processingTime=55
=========================================================
2020-05-29 19:25:22.110	INFO	[Fv78C4YUumY9cvzN]	[Trade_Group]	[17:demostroh]	[default task-39]	Incoming request: GET /MULTIVERSA-IFP/lightning/reporting/transaction/transactions_overview.jsf?selectedView=ecm.reporting.transactions.mainList.view.allTransactionsMainListReport&viewType=0&widget=IncomingTransactionsWidgetContent userAgent=[Mozilla/5.0 (X11; Ubuntu; Linux x86_64; rv:68.0) Gecko/20100101 Firefox/68.0] device=COMPUTER processingTime=48
=========================================================
2020-05-29 19:25:22.110	INFO	[Fv78C4YUumY9cvzN]	[Trade_Group]	[17:demostroh]	[default task-39]	Incoming request: GET /MULTIVERSA-IFP/core/pao/open_payments.jsf?selectedView=pao.guiList.view.toBeAuthorisedByMe&paymentType=1&widget=summary userAgent=[Mozilla/5.0 (X11; Ubuntu; Linux x86_64; rv:68.0) Gecko/20100101 Firefox/68.0] device=COMPUTER processingTime=65
=========================================================
2020-05-29 19:25:22.110	INFO	[Fv78C4YUumY9cvzN]	[Trade_Group]	[17:demostroh]	[default task-39]	Incoming request: GET /MULTIVERSA-IFP/lightning/reporting/balance/balance_overview.jsf?selectedView=ecm.reporting.balance.overview.intradayReportsView&viewType=0&widget=balancesColumn userAgent=[Mozilla/5.0 (X11; Linux x86_64) AppleWebKit/537.36 (KHTML, like Gecko) Chrome/75.0.3770.142 Safari/537.36] device=COMPUTER processingTime=329
=========================================================
2020-05-29 19:25:22.110	INFO	[Fv78C4YUumY9cvzN]	[Trade_Group]	[17:demostroh]	[default task-39]	Incoming request: GET /MULTIVERSA-IFP/core/pao/open_payments.jsf?selectedView=pao.guiList.view.toBeAuthorisedByMe&paymentType=1&widget=summary userAgent=[Mozilla/5.0 (X11; Ubuntu; Linux x86_64; rv:68.0) Gecko/20100101 Firefox/68.0] device=COMPUTER processingTime=65
=========================================================
2020-05-29 19:25:22.110	INFO	[Fv78C4YUumY9cvzN]	[Trade_Group]	[17:demostroh]	[default task-39]	Incoming request: GET /MULTIVERSA-IFP/lightning/ecm/liquidity/accounts/liquidity_accounts.jsf?selectedView=ecm.liquidity.accounts.view.all&viewType=0&widget=LiquidityByAccountsWidgetContent userAgent=[Mozilla/5.0 (X11; Ubuntu; Linux x86_64; rv:68.0) Gecko/20100101 Firefox/68.0] device=COMPUTER processingTime=57
=========================================================
2020-05-29 19:25:22.110	INFO	[Fv78C4YUumY9cvzN]	[Trade_Group]	[17:demostroh]	[default task-39]	Incoming request: GET /MULTIVERSA-IFP/core/pao/web/paymententry/payment_entry_detail.jsf?screenType=CREDIT_TRANSFER&widgetAction=MORE_DETAILS&directAccess=True&widget=paymentEntry&localAccountId=&beneficiaryId=&currency=EUR&amount=&remittanceInformation= userAgent=[Mozilla/5.0 (X11; Linux x86_64) AppleWebKit/537.36 (KHTML, like Gecko) Chrome/75.0.3770.142 Safari/537.36] device=COMPUTER processingTime=186
=========================================================
2020-05-29 19:25:22.110	INFO	[Fv78C4YUumY9cvzN]	[Trade_Group]	[17:demostroh]	[default task-39]	Incoming request: GET /MULTIVERSA-IFP/lightning/ecm/liquidity/accounts/liquidity_accounts.jsf?selectedView=ecm.liquidity.accounts.view.all&viewType=0&widget=LiquidityByAccountsWidgetContent userAgent=[Mozilla/5.0 (X11; Ubuntu; Linux x86_64; rv:68.0) Gecko/20100101 Firefox/68.0] device=COMPUTER processingTime=57
=========================================================
2020-05-29 19:25:22.110	INFO	[Fv78C4YUumY9cvzN]	[Trade_Group]	[17:demostroh]	[default task-39]	Incoming request: GET /MULTIVERSA-IFP/lightning/reporting/balance/balance_overview.jsf?selectedView=ecm.reporting.balance.overview.intradayReportsView&viewType=0&widget=balancesColumn userAgent=[Mozilla/5.0 (X11; Linux x86_64) AppleWebKit/537.36 (KHTML, like Gecko) Chrome/75.0.3770.142 Safari/537.36] device=COMPUTER processingTime=329
=========================================================
2020-05-29 19:25:22.110	INFO	[Fv78C4YUumY9cvzN]	[Trade_Group]	[17:demostroh]	[default task-39]	Incoming request: GET /MULTIVERSA-IFP/lightning/ecm/liquidity/accounts/liquidity_accounts.jsf?selectedView=ecm.liquidity.accounts.view.all&viewType=0&widget=LiquidityByAccountsWidgetContent userAgent=[Mozilla/5.0 (X11; Ubuntu; Linux x86_64; rv:68.0) Gecko/20100101 Firefox/68.0] device=COMPUTER processingTime=57
=========================================================
2020-05-29 19:25:22.110	INFO	[Fv78C4YUumY9cvzN]	[Trade_Group]	[17:demostroh]	[default task-39]	Incoming request: GET /MULTIVERSA-IFP/core/pao/open_payments.jsf?selectedView=pao.guiList.view.toBeAuthorisedByMe&paymentType=1&widget=summary userAgent=[Mozilla/5.0 (X11; Ubuntu; Linux x86_64; rv:68.0) Gecko/20100101 Firefox/68.0] device=COMPUTER processingTime=65
=========================================================
2020-05-29 19:25:22.110	INFO	[Fv78C4YUumY9cvzN]	[Trade_Group]	[17:demostroh]	[default task-39]	Incoming request: GET /MULTIVERSA-IFP/lightning/ecm/liquidity/accounts/liquidity_accounts.jsf?selectedView=ecm.liquidity.accounts.view.all&viewType=0&widget=LiquidityByAccountsWidgetContent userAgent=[Mozilla/5.0 (X11; Ubuntu; Linux x86_64; rv:68.0) Gecko/20100101 Firefox/68.0] device=COMPUTER processingTime=57
=========================================================
2020-05-29 19:25:22.164	INFO	[mjyysy1BNQ0sWRBe]	[Trade_Group]	[17:demostroh]	[default task-39]	Incoming request: GET /MULTIVERSA-IFP/lightning/ecm/liquidity/accounts/liquidity_accounts.jsf?selectedView=ecm.liquidity.accounts.view.all&viewType=0&widget=LiquidityByAccountsWidgetContent userAgent=[Mozilla/5.0 (X11; Ubuntu; Linux x86_64; rv:68.0) Gecko/20100101 Firefox/68.0] device=COMPUTER processingTime=57
=========================================================
2020-05-29 19:25:22.164	INFO	[mjyysy1BNQ0sWRBe]	[Trade_Group]	[17:demostroh]	[default task-39]	Incoming request: GET /MULTIVERSA-IFP/lightning/ecm/liquidity/accounts/liquidity_accounts.jsf?selectedView=ecm.liquidity.accounts.view.all&viewType=0&widget=LiquidityByAccountsWidgetContent userAgent=[Mozilla/5.0 (X11; Ubuntu; Linux x86_64; rv:68.0) Gecko/20100101 Firefox/68.0] device=COMPUTER processingTime=57
=========================================================
2020-05-29 19:25:22.164	INFO	[mjyysy1BNQ0sWRBe]	[Trade_Group]	[17:demostroh]	[default task-39]	Incoming request: GET /MULTIVERSA-IFP/lightning/ecm/liquidity/banks/liquidity_banks.jsf?selectedView=ecm.liquidity.banks.view.all&viewType=0&widget=LiquidityByBanksWidgetContent&banks=RpBLVhy85c5u4nGKeISH0A userAgent=[Mozilla/5.0 (X11; Linux x86_64) AppleWebKit/537.36 (KHTML, like Gecko) Chrome/75.0.3770.142 Safari/537.36] device=COMPUTER processingTime=51
=========================================================
2020-05-29 19:25:22.164	INFO	[mjyysy1BNQ0sWRBe]	[Trade_Group]	[17:demostroh]	[default task-39]	Incoming request: GET /MULTIVERSA-IFP/lightning/ecm/liquidity/countries/liquidity_countries.jsf?selectedView=ecm.liquidity.countries.view.all&viewType=0&widget=LiquidityByCountriesWidgetContent&countries=NL userAgent=[Mozilla/5.0 (X11; Linux x86_64) AppleWebKit/537.36 (KHTML, like Gecko) Chrome/75.0.3770.142 Safari/537.36] device=COMPUTER processingTime=54
=========================================================
2020-05-29 19:25:22.164	INFO	[mjyysy1BNQ0sWRBe]	[Trade_Group]	[17:demostroh]	[default task-39]	Incoming request: GET /MULTIVERSA-IFP/lightning/ecm/liquidity/accountGroups/liquidity_account_groups.jsf?selectedView=ecm.liquidity.accountGroups.view.all&viewType=0&widget=LiquidityByAccountGroupsWidgetContent userAgent=[Mozilla/5.0 (X11; Linux x86_64) AppleWebKit/537.36 (KHTML, like Gecko) Chrome/75.0.3770.142 Safari/537.36] device=COMPUTER processingTime=42
=========================================================
2020-05-29 19:25:22.164	INFO	[mjyysy1BNQ0sWRBe]	[Trade_Group]	[17:demostroh]	[default task-39]	Incoming request: GET /MULTIVERSA-IFP/lightning/reporting/balance/balance_overview.jsf?selectedView=ecm.reporting.balance.overview.intradayReportsView&viewType=0&widget=favouriteViews userAgent=[Mozilla/5.0 (X11; Ubuntu; Linux x86_64; rv:68.0) Gecko/20100101 Firefox/68.0] device=COMPUTER processingTime=54
=========================================================
2020-05-29 19:25:22.164	INFO	[mjyysy1BNQ0sWRBe]	[Trade_Group]	[17:demostroh]	[default task-39]	Incoming request: GET /MULTIVERSA-IFP/core/pao/open_payments.jsf?selectedView=pao.guiList.view.allPayments&widget=openPayments userAgent=[Mozilla/5.0 (X11; Ubuntu; Linux x86_64; rv:68.0) Gecko/20100101 Firefox/68.0] device=COMPUTER processingTime=54
=========================================================
2020-05-29 19:25:22.164	INFO	[mjyysy1BNQ0sWRBe]	[Trade_Group]	[17:demostroh]	[default task-39]	Incoming request: GET /MULTIVERSA-IFP/lightning/ecm/liquidity/countries/liquidity_countries.jsf?selectedView=ecm.liquidity.countries.view.all&viewType=0&widget=LiquidityByCountriesWidgetContent&countries=NL userAgent=[Mozilla/5.0 (X11; Linux x86_64) AppleWebKit/537.36 (KHTML, like Gecko) Chrome/75.0.3770.142 Safari/537.36] device=COMPUTER processingTime=54
=========================================================
2020-05-29 19:25:22.164	INFO	[mjyysy1BNQ0sWRBe]	[Trade_Group]	[17:demostroh]	[default task-39]	Incoming request: GET /MULTIVERSA-IFP/lightning/ecm/liquidity/banks/liquidity_banks.jsf?selectedView=ecm.liquidity.banks.view.all&viewType=0&widget=LiquidityByBanksWidgetContent&banks=RpBLVhy85c5u4nGKeISH0A userAgent=[Mozilla/5.0 (X11; Linux x86_64) AppleWebKit/537.36 (KHTML, like Gecko) Chrome/75.0.3770.142 Safari/537.36] device=COMPUTER processingTime=51
=========================================================
2020-05-29 19:25:22.164	INFO	[mjyysy1BNQ0sWRBe]	[Trade_Group]	[17:demostroh]	[default task-39]	Incoming request: GET /MULTIVERSA-IFP/lightning/ecm/liquidity/accountGroups/liquidity_account_groups.jsf?selectedView=ecm.liquidity.accountGroups.view.all&viewType=0&widget=LiquidityByAccountGroupsWidgetContent userAgent=[Mozilla/5.0 (X11; Linux x86_64) AppleWebKit/537.36 (KHTML, like Gecko) Chrome/75.0.3770.142 Safari/537.36] device=COMPUTER processingTime=42
=========================================================
2020-05-29 19:25:22.164	INFO	[mjyysy1BNQ0sWRBe]	[Trade_Group]	[17:demostroh]	[default task-39]	Incoming request: GET /MULTIVERSA-IFP/core/pao/open_payments.jsf?selectedView=pao.guiList.view.toBeAuthorisedByMe&paymentType=1&widget=summary userAgent=[Mozilla/5.0 (X11; Ubuntu; Linux x86_64; rv:68.0) Gecko/20100101 Firefox/68.0] device=COMPUTER processingTime=65
=========================================================
2020-05-29 19:25:22.164	INFO	[mjyysy1BNQ0sWRBe]	[Trade_Group]	[17:demostroh]	[default task-39]	Incoming request: GET /MULTIVERSA-IFP/lightning/ecm/liquidity/currencies/liquidity_currencies.jsf?selectedView=ecm.liquidity.currencies.view.all&viewType=0&widget=LiquidityByCurrenciesWidgetContent userAgent=[Mozilla/5.0 (X11; Ubuntu; Linux x86_64; rv:68.0) Gecko/20100101 Firefox/68.0] device=COMPUTER processingTime=54
=========================================================
