2020-07-10 19:25:52.765	INFO	[7ixHMQHqMkDUGGE3]	[Trade_Group]	[17:demostroh]	[default task-39]	Incoming request: GET /MULTIVERSA-IFP/lightning/ecm/liquidity/countries/liquidity_countries.jsf?selectedView=ecm.liquidity.countries.view.all&viewType=0&widget=LiquidityByCountriesWidgetContent&countries=NL userAgent=[Mozilla/5.0 (X11; Linux x86_64) AppleWebKit/537.36 (KHTML, like Gecko) Chrome/75.0.3770.142 Safari/537.36] device=COMPUTER processingTime=54
=========================================================
2020-07-10 19:25:52.765	INFO	[7ixHMQHqMkDUGGE3]	[Trade_Group]	[17:demostroh]	[default task-39]	Incoming request: GET /MULTIVERSA-IFP/core/pao/web/paymententry/payment_entry_detail.jsf?screenType=CREDIT_TRANSFER&widgetAction=MORE_DETAILS&directAccess=True&widget=paymentEntry&localAccountId=&beneficiaryId=&currency=EUR&amount=&remittanceInformation= userAgent=[Mozilla/5.0 (X11; Linux x86_64) AppleWebKit/537.36 (KHTML, like Gecko) Chrome/75.0.3770.142 Safari/537.36] device=COMPUTER processingTime=186
=========================================================
2020-07-10 19:25:52.765	INFO	[7ixHMQHqMkDUGGE3]	[Trade_Group]	[17:demostroh]	[default task-39]	Incoming request: GET /MULTIVERSA-IFP/core/pao/transmitted_payments.jsf?selectedView=pao.guiList.view.completed&viewType=0&widget=TransmittedPaymentsWidgetContent userAgent=[Mozilla/5.0 (X11; Ubuntu; Linux x86_64; rv:68.0) Gecko/20100101 Firefox/68.0] device=COMPUTER processingTime=66
=========================================================
2020-07-10 19:25:52.765	INFO	[7ixHMQHqMkDUGGE3]	[Trade_Group]	[17:demostroh]	[default task-39]	Incoming request: GET /MULTIVERSA-IFP/lightning/reporting/transaction/transactions_overview.jsf?selectedView=ecm.reporting.transactions.mainList.view.allTransactionsMainListReport&viewType=0&widget=transactionByDate userAgent=[Mozilla/5.0 (X11; Ubuntu; Linux x86_64; rv:68.0) Gecko/20100101 Firefox/68.0] device=COMPUTER processingTime=55
=========================================================
2020-07-10 19:25:52.765	INFO	[7ixHMQHqMkDUGGE3]	[Trade_Group]	[17:demostroh]	[default task-39]	Incoming request: GET /MULTIVERSA-IFP/lightning/ecm/liquidity/accounts/liquidity_accounts.jsf?selectedView=ecm.liquidity.accounts.view.all&viewType=0&widget=LiquidityByAccountsWidgetContent userAgent=[Mozilla/5.0 (X11; Ubuntu; Linux x86_64; rv:68.0) Gecko/20100101 Firefox/68.0] device=COMPUTER processingTime=57
=========================================================
2020-07-10 19:25:52.765	INFO	[7ixHMQHqMkDUGGE3]	[Trade_Group]	[17:demostroh]	[default task-39]	Incoming request: GET /MULTIVERSA-IFP/core/pao/open_payments.jsf?selectedView=pao.guiList.view.allPayments&widget=openPayments userAgent=[Mozilla/5.0 (X11; Ubuntu; Linux x86_64; rv:68.0) Gecko/20100101 Firefox/68.0] device=COMPUTER processingTime=54
=========================================================
2020-07-10 19:25:52.765	INFO	[7ixHMQHqMkDUGGE3]	[Trade_Group]	[17:demostroh]	[default task-39]	Incoming request: GET /MULTIVERSA-IFP/lightning/reporting/balance/balance_overview.jsf?selectedView=ecm.reporting.balance.overview.intradayReportsView&viewType=0&widget=balancesColumn userAgent=[Mozilla/5.0 (X11; Linux x86_64) AppleWebKit/537.36 (KHTML, like Gecko) Chrome/75.0.3770.142 Safari/537.36] device=COMPUTER processingTime=329
=========================================================
2020-07-10 19:25:52.817	INFO	[8JUuX5oUCn8b38jf]	[Trade_Group]	[17:demostroh]	[default task-39]	Incoming request: GET /MULTIVERSA-IFP/lightning/ecm/liquidity/countries/liquidity_countries.jsf?selectedView=ecm.liquidity.countries.view.all&viewType=0&widget=LiquidityByCountriesWidgetContent&countries=NL userAgent=[Mozilla/5.0 (X11; Linux x86_64) AppleWebKit/537.36 (KHTML, like Gecko) Chrome/75.0.3770.142 Safari/537.36] device=COMPUTER processingTime=54
=========================================================
2020-07-10 19:25:52.817	INFO	[8JUuX5oUCn8b38jf]	[Trade_Group]	[17:demostroh]	[default task-39]	Incoming request: GET /MULTIVERSA-IFP/lightning/reporting/transaction/transactions_overview.jsf?selectedView=ecm.reporting.transactions.mainList.view.allTransactionsMainListReport&viewType=0&widget=transactionByDate userAgent=[Mozilla/5.0 (X11; Ubuntu; Linux x86_64; rv:68.0) Gecko/20100101 Firefox/68.0] device=COMPUTER processingTime=55
=========================================================
2020-07-10 19:25:52.817	INFO	[8JUuX5oUCn8b38jf]	[Trade_Group]	[17:demostroh]	[default task-39]	Incoming request: GET /MULTIVERSA-IFP/lightning/reporting/transaction/transactions_overview.jsf?selectedView=ecm.reporting.transactions.mainList.view.allTransactionsMainListReport&viewType=0&widget=transactionByDate userAgent=[Mozilla/5.0 (X11; Ubuntu; Linux x86_64; rv:68.0) Gecko/20100101 Firefox/68.0] device=COMPUTER processingTime=55
=========================================================
2020-07-10 19:25:52.817	INFO	[8JUuX5oUCn8b38jf]	[Trade_Group]	[17:demostroh]	[default task-39]	Incoming request: GET /MULTIVERSA-IFP/lightning/reporting/balance/balance_overview.jsf?selectedView=ecm.reporting.balance.overview.intradayReportsView&viewType=0&widget=balancesByCurrencies userAgent=[Mozilla/5.0 (X11; Ubuntu; Linux x86_64; rv:68.0) Gecko/20100101 Firefox/68.0] device=COMPUTER processingTime=54
=========================================================
2020-07-10 19:25:52.817	INFO	[8JUuX5oUCn8b38jf]	[Trade_Group]	[17:demostroh]	[default task-39]	Incoming request: GET /MULTIVERSA-IFP/lightning/reporting/balance/balance_overview.jsf?selectedView=ecm.reporting.balance.overview.intradayReportsView&viewType=0&widget=balancesColumn userAgent=[Mozilla/5.0 (X11; Linux x86_64) AppleWebKit/537.36 (KHTML, like Gecko) Chrome/75.0.3770.142 Safari/537.36] device=COMPUTER processingTime=329
=========================================================
2020-07-10 19:25:52.817	INFO	[8JUuX5oUCn8b38jf]	[Trade_Group]	[17:demostroh]	[default task-39]	Incoming request: GET /MULTIVERSA-IFP/lightning/reporting/balance/balance_overview.jsf?selectedView=ecm.reporting.balance.overview.intradayReportsView&viewType=0&widget=balancesColumn userAgent=[Mozilla/5.0 (X11; Linux x86_64) AppleWebKit/537.36 (KHTML, like Gecko) Chrome/75.0.3770.142 Safari/537.36] device=COMPUTER processingTime=329
=========================================================
2020-07-10 19:25:52.870	INFO	[DF0yUQaGu3j0rwDC]	[Trade_Group]	[17:demostroh]	[default task-39]	Incoming request: GET /MULTIVERSA-IFP/core/pao/open_payments.jsf?selectedView=pao.guiList.view.toBeAuthorisedByMe&paymentType=1&widget=summary userAgent=[Mozilla/5.0 (X11; Ubuntu; Linux x86_64; rv:68.0) Gecko/20100101 Firefox/68.0] device=COMPUTER processingTime=65
=========================================================
2020-07-10 19:25:52.870	INFO	[DF0yUQaGu3j0rwDC]	[Trade_Group]	[17:demostroh]	[default task-39]	Incoming request: GET /MULTIVERSA-IFP/lightning/ecm/liquidity/currencies/liquidity_currencies.jsf?selectedView=ecm.liquidity.currencies.view.all&viewType=0&widget=LiquidityByCurrenciesWidgetContent userAgent=[Mozilla/5.0 (X11; Ubuntu; Linux x86_64; rv:68.0) Gecko/20100101 Firefox/68.0] device=COMPUTER processingTime=54
=========================================================
2020-07-10 19:25:52.870	INFO	[DF0yUQaGu3j0rwDC]	[Trade_Group]	[17:demostroh]	[default task-39]	Incoming request: GET /MULTIVERSA-IFP/lightning/ecm/liquidity/countries/liquidity_countries.jsf?selectedView=ecm.liquidity.countries.view.all&viewType=0&widget=LiquidityByCountriesWidgetContent&countries=NL userAgent=[Mozilla/5.0 (X11; Linux x86_64) AppleWebKit/537.36 (KHTML, like Gecko) Chrome/75.0.3770.142 Safari/537.36] device=COMPUTER processingTime=54
=========================================================
2020-07-10 19:25:52.870	INFO	[DF0yUQaGu3j0rwDC]	[Trade_Group]	[17:demostroh]	[default task-39]	Incoming request: GET /MULTIVERSA-IFP/lightning/ecm/liquidity/accounts/liquidity_accounts.jsf?selectedView=ecm.liquidity.accounts.view.all&viewType=0&widget=LiquidityByAccountsWidgetContent userAgent=[Mozilla/5.0 (X11; Ubuntu; Linux x86_64; rv:68.0) Gecko/20100101 Firefox/68.0] device=COMPUTER processingTime=57
=========================================================
2020-07-10 19:25:52.870	INFO	[DF0yUQaGu3j0rwDC]	[Trade_Group]	[17:demostroh]	[default task-39]	Incoming request: GET /MULTIVERSA-IFP/lightning/reporting/transaction/transactions_overview.jsf?selectedView=ecm.reporting.transactions.mainList.view.allTransactionsMainListReport&viewType=0&widget=transactionByDate userAgent=[Mozilla/5.0 (X11; Ubuntu; Linux x86_64; rv:68.0) Gecko/20100101 Firefox/68.0] device=COMPUTER processingTime=55
=========================================================
2020-07-10 19:25:52.870	INFO	[DF0yUQaGu3j0rwDC]	[Trade_Group]	[17:demostroh]	[default task-39]	Incoming request: GET /MULTIVERSA-IFP/lightning/reporting/balance/balance_overview.jsf?selectedView=ecm.reporting.balance.overview.intradayReportsView&viewType=0&widget=balancesByCurrencies userAgent=[Mozilla/5.0 (X11; Ubuntu; Linux x86_64; rv:68.0) Gecko/20100101 Firefox/68.0] device=COMPUTER processingTime=54
=========================================================
2020-07-10 19:25:52.870	INFO	[DF0yUQaGu3j0rwDC]	[Trade_Group]	[17:demostroh]	[default task-39]	Incoming request: GET /MULTIVERSA-IFP/lightning/ecm/liquidity/currencies/liquidity_currencies.jsf?selectedView=ecm.liquidity.currencies.view.all&viewType=0&widget=LiquidityByCurrenciesWidgetContent userAgent=[Mozilla/5.0 (X11; Ubuntu; Linux x86_64; rv:68.0) Gecko/20100101 Firefox/68.0] device=COMPUTER processingTime=54
=========================================================
2020-07-10 19:25:52.870	INFO	[DF0yUQaGu3j0rwDC]	[Trade_Group]	[17:demostroh]	[default task-39]	Incoming request: GET /MULTIVERSA-IFP/lightning/ecm/liquidity/accounts/liquidity_accounts.jsf?selectedView=ecm.liquidity.accounts.view.all&viewType=0&widget=LiquidityByAccountsWidgetContent userAgent=[Mozilla/5.0 (X11; Ubuntu; Linux x86_64; rv:68.0) Gecko/20100101 Firefox/68.0] device=COMPUTER processingTime=57
=========================================================
2020-07-10 19:25:52.870	INFO	[DF0yUQaGu3j0rwDC]	[Trade_Group]	[17:demostroh]	[default task-39]	Incoming request: GET /MULTIVERSA-IFP/lightning/reporting/balance/balance_overview.jsf?selectedView=ecm.reporting.balance.overview.allAccountsView&viewType=0&widget=BalancesListWidgetContent userAgent=[Mozilla/5.0 (X11; Ubuntu; Linux x86_64; rv:68.0) Gecko/20100101 Firefox/68.0] device=COMPUTER processingTime=50
=========================================================
2020-07-10 19:25:52.870	INFO	[DF0yUQaGu3j0rwDC]	[Trade_Group]	[17:demostroh]	[default task-39]	Incoming request: GET /MULTIVERSA-IFP/lightning/reporting/transaction/transactions_overview.jsf?selectedView=ecm.reporting.transactions.mainList.view.allTransactionsMainListReport&viewType=0&widget=IncomingTransactionsWidgetContent userAgent=[Mozilla/5.0 (X11; Ubuntu; Linux x86_64; rv:68.0) Gecko/20100101 Firefox/68.0] device=COMPUTER processingTime=48
=========================================================
2020-07-10 19:25:52.870	INFO	[DF0yUQaGu3j0rwDC]	[Trade_Group]	[17:demostroh]	[default task-39]	Incoming request: GET /MULTIVERSA-IFP/lightning/ecm/liquidity/accounts/liquidity_accounts.jsf?selectedView=ecm.liquidity.accounts.view.all&viewType=0&widget=LiquidityByAccountsWidgetContent userAgent=[Mozilla/5.0 (X11; Ubuntu; Linux x86_64; rv:68.0) Gecko/20100101 Firefox/68.0] device=COMPUTER processingTime=57
=========================================================
2020-07-10 19:25:52.921	INFO	[ZFnoxkqkkp0p15ho]	[Trade_Group]	[17:demostroh]	[default task-39]	Incoming request: GET /MULTIVERSA-IFP/core/pao/transmitted_payments.jsf?selectedView=pao.guiList.view.completed&viewType=0&widget=TransmittedPaymentsWidgetContent userAgent=[Mozilla/5.0 (X11; Ubuntu; Linux x86_64; rv:68.0) Gecko/20100101 Firefox/68.0] device=COMPUTER processingTime=66
=========================================================
2020-07-10 19:25:52.921	INFO	[ZFnoxkqkkp0p15ho]	[Trade_Group]	[17:demostroh]	[default task-39]	Incoming request: GET /MULTIVERSA-IFP/lightning/reporting/balance/balance_overview.jsf?selectedView=ecm.reporting.balance.overview.allAccountsView&viewType=0&widget=BalancesListWidgetContent userAgent=[Mozilla/5.0 (X11; Ubuntu; Linux x86_64; rv:68.0) Gecko/20100101 Firefox/68.0] device=COMPUTER processingTime=50
=========================================================
2020-07-10 19:25:52.921	INFO	[ZFnoxkqkkp0p15ho]	[Trade_Group]	[17:demostroh]	[default task-39]	Incoming request: GET /MULTIVERSA-IFP/lightning/reporting/balance/balance_overview.jsf?selectedView=ecm.reporting.balance.overview.intradayReportsView&viewType=0&widget=balancesColumn userAgent=[Mozilla/5.0 (X11; Linux x86_64) AppleWebKit/537.36 (KHTML, like Gecko) Chrome/75.0.3770.142 Safari/537.36] device=COMPUTER processingTime=329
=========================================================
2020-07-10 19:25:52.921	INFO	[ZFnoxkqkkp0p15ho]	[Trade_Group]	[17:demostroh]	[default task-39]	Incoming request: GET /MULTIVERSA-IFP/lightning/ecm/liquidity/banks/liquidity_banks.jsf?selectedView=ecm.liquidity.banks.view.all&viewType=0&widget=LiquidityByBanksWidgetContent&banks=RpBLVhy85c5u4nGKeISH0A userAgent=[Mozilla/5.0 (X11; Linux x86_64) AppleWebKit/537.36 (KHTML, like Gecko) Chrome/75.0.3770.142 Safari/537.36] device=COMPUTER processingTime=51
=========================================================
2020-07-10 19:25:52.921	INFO	[ZFnoxkqkkp0p15ho]	[Trade_Group]	[17:demostroh]	[default task-39]	Incoming request: GET /MULTIVERSA-IFP/lightning/reporting/transaction/transactions_overview.jsf?selectedView=ecm.reporting.transactions.mainList.view.allTransactionsMainListReport&viewType=0&widget=IncomingTransactionsWidgetContent userAgent=[Mozilla/5.0 (X11; Ubuntu; Linux x86_64; rv:68.0) Gecko/20100101 Firefox/68.0] device=COMPUTER processingTime=48
=========================================================
2020-07-10 19:25:52.921	INFO	[ZFnoxkqkkp0p15ho]	[Trade_Group]	[17:demostroh]	[default task-39]	Incoming request: GET /MULTIVERSA-IFP/lightning/ecm/liquidity/currencies/liquidity_currencies.jsf?selectedView=ecm.liquidity.currencies.view.all&viewType=0&widget=LiquidityByCurrenciesWidgetContent userAgent=[Mozilla/5.0 (X11; Ubuntu; Linux x86_64; rv:68.0) Gecko/20100101 Firefox/68.0] device=COMPUTER processingTime=54
=========================================================
2020-07-10 19:25:52.921	INFO	[ZFnoxkqkkp0p15ho]	[Trade_Group]	[17:demostroh]	[default task-39]	Incoming request: GET /MULTIVERSA-IFP/lightning/reporting/balance/balance_overview.jsf?selectedView=ecm.reporting.balance.overview.allAccountsView&viewType=0&widget=BalancesListWidgetContent userAgent=[Mozilla/5.0 (X11; Ubuntu; Linux x86_64; rv:68.0) Gecko/20100101 Firefox/68.0] device=COMPUTER processingTime=50
=========================================================
2020-07-10 19:25:52.921	INFO	[ZFnoxkqkkp0p15ho]	[Trade_Group]	[17:demostroh]	[default task-39]	Incoming request: GET /MULTIVERSA-IFP/lightning/ecm/liquidity/accounts/liquidity_accounts.jsf?selectedView=ecm.liquidity.accounts.view.all&viewType=0&widget=LiquidityByAccountsWidgetContent userAgent=[Mozilla/5.0 (X11; Ubuntu; Linux x86_64; rv:68.0) Gecko/20100101 Firefox/68.0] device=COMPUTER processingTime=57
=========================================================
2020-07-10 19:25:52.921	INFO	[ZFnoxkqkkp0p15ho]	[Trade_Group]	[17:demostroh]	[default task-39]	Incoming request: GET /MULTIVERSA-IFP/lightning/ecm/liquidity/accounts/liquidity_accounts.jsf?selectedView=ecm.liquidity.accounts.view.all&viewType=0&widget=LiquidityByAccountsWidgetContent userAgent=[Mozilla/5.0 (X11; Ubuntu; Linux x86_64; rv:68.0) Gecko/20100101 Firefox/68.0] device=COMPUTER processingTime=57
=========================================================
2020-07-10 19:25:52.921	INFO	[ZFnoxkqkkp0p15ho]	[Trade_Group]	[17:demostroh]	[default task-39]	Incoming request: GET /MULTIVERSA-IFP/lightning/reporting/balance/balance_overview.jsf?selectedView=ecm.reporting.balance.overview.intradayReportsView&viewType=0&widget=balancesColumn userAgent=[Mozilla/5.0 (X11; Linux x86_64) AppleWebKit/537.36 (KHTML, like Gecko) Chrome/75.0.3770.142 Safari/537.36] device=COMPUTER processingTime=329
=========================================================
2020-07-10 19:25:52.921	INFO	[ZFnoxkqkkp0p15ho]	[Trade_Group]	[17:demostroh]	[default task-39]	Incoming request: GET /MULTIVERSA-IFP/lightning/ecm/liquidity/currencies/liquidity_currencies.jsf?selectedView=ecm.liquidity.currencies.view.all&viewType=0&widget=LiquidityByCurrenciesWidgetContent userAgent=[Mozilla/5.0 (X11; Ubuntu; Linux x86_64; rv:68.0) Gecko/20100101 Firefox/68.0] device=COMPUTER processingTime=54
=========================================================
2020-07-10 19:25:52.921	INFO	[ZFnoxkqkkp0p15ho]	[Trade_Group]	[17:demostroh]	[default task-39]	Incoming request: GET /MULTIVERSA-IFP/lightning/reporting/transaction/transactions_overview.jsf?selectedView=ecm.reporting.transactions.mainList.view.allTransactionsMainListReport&viewType=0&widget=IncomingTransactionsWidgetContent userAgent=[Mozilla/5.0 (X11; Ubuntu; Linux x86_64; rv:68.0) Gecko/20100101 Firefox/68.0] device=COMPUTER processingTime=48
=========================================================
2020-07-10 19:25:52.921	INFO	[ZFnoxkqkkp0p15ho]	[Trade_Group]	[17:demostroh]	[default task-39]	Incoming request: GET /MULTIVERSA-IFP/lightning/reporting/balance/balance_overview.jsf?selectedView=ecm.reporting.balance.overview.intradayReportsView&viewType=0&widget=balancesColumn userAgent=[Mozilla/5.0 (X11; Linux x86_64) AppleWebKit/537.36 (KHTML, like Gecko) Chrome/75.0.3770.142 Safari/537.36] device=COMPUTER processingTime=329
=========================================================
2020-07-10 19:25:52.921	INFO	[ZFnoxkqkkp0p15ho]	[Trade_Group]	[17:demostroh]	[default task-39]	Incoming request: GET /MULTIVERSA-IFP/lightning/reporting/balance/balance_overview.jsf?selectedView=ecm.reporting.balance.overview.allAccountsView&viewType=0&widget=BalancesListWidgetContent userAgent=[Mozilla/5.0 (X11; Ubuntu; Linux x86_64; rv:68.0) Gecko/20100101 Firefox/68.0] device=COMPUTER processingTime=50
=========================================================
2020-07-10 19:25:52.921	INFO	[ZFnoxkqkkp0p15ho]	[Trade_Group]	[17:demostroh]	[default task-39]	Incoming request: GET /MULTIVERSA-IFP/lightning/reporting/transaction/transactions_overview.jsf?selectedView=ecm.reporting.transactions.mainList.view.allTransactionsMainListReport&viewType=0&widget=transactionByDate userAgent=[Mozilla/5.0 (X11; Ubuntu; Linux x86_64; rv:68.0) Gecko/20100101 Firefox/68.0] device=COMPUTER processingTime=55
=========================================================
2020-07-10 19:25:52.921	INFO	[ZFnoxkqkkp0p15ho]	[Trade_Group]	[17:demostroh]	[default task-39]	Incoming request: GET /MULTIVERSA-IFP/lightning/reporting/transaction/transactions_overview.jsf?selectedView=ecm.reporting.transactions.mainList.view.allTransactionsMainListReport&viewType=0&widget=IncomingTransactionsWidgetContent userAgent=[Mozilla/5.0 (X11; Ubuntu; Linux x86_64; rv:68.0) Gecko/20100101 Firefox/68.0] device=COMPUTER processingTime=48
=========================================================
2020-07-10 19:25:52.921	INFO	[ZFnoxkqkkp0p15ho]	[Trade_Group]	[17:demostroh]	[default task-39]	Incoming request: GET /MULTIVERSA-IFP/lightning/ecm/liquidity/banks/liquidity_banks.jsf?selectedView=ecm.liquidity.banks.view.all&viewType=0&widget=LiquidityByBanksWidgetContent&banks=RpBLVhy85c5u4nGKeISH0A userAgent=[Mozilla/5.0 (X11; Linux x86_64) AppleWebKit/537.36 (KHTML, like Gecko) Chrome/75.0.3770.142 Safari/537.36] device=COMPUTER processingTime=51
=========================================================
2020-07-10 19:25:52.921	INFO	[ZFnoxkqkkp0p15ho]	[Trade_Group]	[17:demostroh]	[default task-39]	Incoming request: GET /MULTIVERSA-IFP/lightning/ecm/liquidity/accounts/liquidity_accounts.jsf?selectedView=ecm.liquidity.accounts.view.all&viewType=0&widget=LiquidityByAccountsWidgetContent userAgent=[Mozilla/5.0 (X11; Ubuntu; Linux x86_64; rv:68.0) Gecko/20100101 Firefox/68.0] device=COMPUTER processingTime=57
=========================================================
2020-07-10 19:25:52.921	INFO	[ZFnoxkqkkp0p15ho]	[Trade_Group]	[17:demostroh]	[default task-39]	Incoming request: GET /MULTIVERSA-IFP/lightning/reporting/transaction/transactions_overview.jsf?selectedView=ecm.reporting.transactions.mainList.view.allTransactionsMainListReport&viewType=0&widget=IncomingTransactionsWidgetContent userAgent=[Mozilla/5.0 (X11; Ubuntu; Linux x86_64; rv:68.0) Gecko/20100101 Firefox/68.0] device=COMPUTER processingTime=48
=========================================================
2020-07-10 19:25:52.921	INFO	[ZFnoxkqkkp0p15ho]	[Trade_Group]	[17:demostroh]	[default task-39]	Incoming request: GET /MULTIVERSA-IFP/lightning/reporting/transaction/transactions_overview.jsf?selectedView=ecm.reporting.transactions.mainList.view.allTransactionsMainListReport&viewType=0&widget=transactionByDate userAgent=[Mozilla/5.0 (X11; Ubuntu; Linux x86_64; rv:68.0) Gecko/20100101 Firefox/68.0] device=COMPUTER processingTime=55
=========================================================
2020-07-10 19:25:52.973	INFO	[ROGtgYsdJZvBShqg]	[Trade_Group]	[17:demostroh]	[default task-39]	Incoming request: GET /MULTIVERSA-IFP/lightning/reporting/transaction/transactions_overview.jsf?selectedView=ecm.reporting.transactions.mainList.view.allTransactionsMainListReport&viewType=0&widget=IncomingTransactionsWidgetContent userAgent=[Mozilla/5.0 (X11; Ubuntu; Linux x86_64; rv:68.0) Gecko/20100101 Firefox/68.0] device=COMPUTER processingTime=48
=========================================================
2020-07-10 19:25:52.973	INFO	[ROGtgYsdJZvBShqg]	[Trade_Group]	[17:demostroh]	[default task-39]	Incoming request: GET /MULTIVERSA-IFP/lightning/ecm/liquidity/currencies/liquidity_currencies.jsf?selectedView=ecm.liquidity.currencies.view.all&viewType=0&widget=LiquidityByCurrenciesWidgetContent userAgent=[Mozilla/5.0 (X11; Ubuntu; Linux x86_64; rv:68.0) Gecko/20100101 Firefox/68.0] device=COMPUTER processingTime=54
=========================================================
2020-07-10 19:25:52.973	INFO	[ROGtgYsdJZvBShqg]	[Trade_Group]	[17:demostroh]	[default task-39]	Incoming request: GET /MULTIVERSA-IFP/lightning/reporting/transaction/transactions_overview.jsf?selectedView=ecm.reporting.transactions.mainList.view.allTransactionsMainListReport&viewType=0&widget=IncomingTransactionsWidgetContent userAgent=[Mozilla/5.0 (X11; Ubuntu; Linux x86_64; rv:68.0) Gecko/20100101 Firefox/68.0] device=COMPUTER processingTime=48
=========================================================
2020-07-10 19:25:52.973	INFO	[ROGtgYsdJZvBShqg]	[Trade_Group]	[17:demostroh]	[default task-39]	Incoming request: GET /MULTIVERSA-IFP/lightning/ecm/liquidity/countries/liquidity_countries.jsf?selectedView=ecm.liquidity.countries.view.all&viewType=0&widget=LiquidityByCountriesWidgetContent&countries=NL userAgent=[Mozilla/5.0 (X11; Linux x86_64) AppleWebKit/537.36 (KHTML, like Gecko) Chrome/75.0.3770.142 Safari/537.36] device=COMPUTER processingTime=54
=========================================================
2020-07-10 19:25:52.973	INFO	[ROGtgYsdJZvBShqg]	[Trade_Group]	[17:demostroh]	[default task-39]	Incoming request: GET /MULTIVERSA-IFP/lightning/reporting/transaction/transactions_overview.jsf?selectedView=ecm.reporting.transactions.mainList.view.allTransactionsMainListReport&viewType=0&widget=transactionByDate userAgent=[Mozilla/5.0 (X11; Ubuntu; Linux x86_64; rv:68.0) Gecko/20100101 Firefox/68.0] device=COMPUTER processingTime=55
=========================================================
2020-07-10 19:25:52.973	INFO	[ROGtgYsdJZvBShqg]	[Trade_Group]	[17:demostroh]	[default task-39]	Incoming request: GET /MULTIVERSA-IFP/lightning/reporting/balance/balance_overview.jsf?selectedView=ecm.reporting.balance.overview.intradayReportsView&viewType=0&widget=balancesByCurrencies userAgent=[Mozilla/5.0 (X11; Ubuntu; Linux x86_64; rv:68.0) Gecko/20100101 Firefox/68.0] device=COMPUTER processingTime=54
=========================================================
2020-07-10 19:25:52.973	INFO	[ROGtgYsdJZvBShqg]	[Trade_Group]	[17:demostroh]	[default task-39]	Incoming request: GET /MULTIVERSA-IFP/lightning/reporting/balance/balance_overview.jsf?selectedView=ecm.reporting.balance.overview.allAccountsView&viewType=0&widget=BalancesListWidgetContent userAgent=[Mozilla/5.0 (X11; Ubuntu; Linux x86_64; rv:68.0) Gecko/20100101 Firefox/68.0] device=COMPUTER processingTime=50
=========================================================
2020-07-10 19:25:53.024	INFO	[kKqahiKn1cqnhgx6]	[Trade_Group]	[17:demostroh]	[default task-39]	Incoming request: GET /MULTIVERSA-IFP/lightning/ecm/liquidity/currencies/liquidity_currencies.jsf?selectedView=ecm.liquidity.currencies.view.all&viewType=0&widget=LiquidityByCurrenciesWidgetContent userAgent=[Mozilla/5.0 (X11; Ubuntu; Linux x86_64; rv:68.0) Gecko/20100101 Firefox/68.0] device=COMPUTER processingTime=54
=========================================================
2020-07-10 19:25:53.024	INFO	[kKqahiKn1cqnhgx6]	[Trade_Group]	[17:demostroh]	[default task-39]	Incoming request: GET /MULTIVERSA-IFP/lightning/ecm/liquidity/accounts/liquidity_accounts.jsf?selectedView=ecm.liquidity.accounts.view.all&viewType=0&widget=LiquidityByAccountsWidgetContent userAgent=[Mozilla/5.0 (X11; Ubuntu; Linux x86_64; rv:68.0) Gecko/20100101 Firefox/68.0] device=COMPUTER processingTime=57
=========================================================
2020-07-10 19:25:53.024	INFO	[kKqahiKn1cqnhgx6]	[Trade_Group]	[17:demostroh]	[default task-39]	Incoming request: GET /MULTIVERSA-IFP/lightning/reporting/transaction/transactions_overview.jsf?selectedView=ecm.reporting.transactions.mainList.view.allTransactionsMainListReport&viewType=0&widget=IncomingTransactionsWidgetContent userAgent=[Mozilla/5.0 (X11; Ubuntu; Linux x86_64; rv:68.0) Gecko/20100101 Firefox/68.0] device=COMPUTER processingTime=48
=========================================================
2020-07-10 19:25:53.024	INFO	[kKqahiKn1cqnhgx6]	[Trade_Group]	[17:demostroh]	[default task-39]	Incoming request: GET /MULTIVERSA-IFP/lightning/reporting/balance/balance_overview.jsf?selectedView=ecm.reporting.balance.overview.allAccountsView&viewType=0&widget=BalancesListWidgetContent userAgent=[Mozilla/5.0 (X11; Ubuntu; Linux x86_64; rv:68.0) Gecko/20100101 Firefox/68.0] device=COMPUTER processingTime=50
=========================================================
2020-07-10 19:25:53.024	INFO	[kKqahiKn1cqnhgx6]	[Trade_Group]	[17:demostroh]	[default task-39]	Incoming request: GET /MULTIVERSA-IFP/lightning/reporting/transaction/transactions_overview.jsf?selectedView=ecm.reporting.transactions.mainList.view.allTransactionsMainListReport&viewType=0&widget=IncomingTransactionsWidgetContent userAgent=[Mozilla/5.0 (X11; Ubuntu; Linux x86_64; rv:68.0) Gecko/20100101 Firefox/68.0] device=COMPUTER processingTime=48
=========================================================
2020-07-10 19:25:53.024	INFO	[kKqahiKn1cqnhgx6]	[Trade_Group]	[17:demostroh]	[default task-39]	Incoming request: GET /MULTIVERSA-IFP/lightning/ecm/liquidity/accounts/liquidity_accounts.jsf?selectedView=ecm.liquidity.accounts.view.all&viewType=0&widget=LiquidityByAccountsWidgetContent userAgent=[Mozilla/5.0 (X11; Ubuntu; Linux x86_64; rv:68.0) Gecko/20100101 Firefox/68.0] device=COMPUTER processingTime=57
=========================================================
2020-07-10 19:25:53.024	INFO	[kKqahiKn1cqnhgx6]	[Trade_Group]	[17:demostroh]	[default task-39]	Incoming request: GET /MULTIVERSA-IFP/lightning/reporting/transaction/transactions_overview.jsf?selectedView=ecm.reporting.transactions.mainList.view.allTransactionsMainListReport&viewType=0&widget=IncomingTransactionsWidgetContent userAgent=[Mozilla/5.0 (X11; Ubuntu; Linux x86_64; rv:68.0) Gecko/20100101 Firefox/68.0] device=COMPUTER processingTime=48
=========================================================
2020-07-10 19:25:53.024	INFO	[kKqahiKn1cqnhgx6]	[Trade_Group]	[17:demostroh]	[default task-39]	Incoming request: GET /MULTIVERSA-IFP/lightning/reporting/balance/balance_overview.jsf?selectedView=ecm.reporting.balance.overview.intradayReportsView&viewType=0&widget=balancesByCurrencies userAgent=[Mozilla/5.0 (X11; Ubuntu; Linux x86_64; rv:68.0) Gecko/20100101 Firefox/68.0] device=COMPUTER processingTime=54
=========================================================
2020-07-10 19:25:53.024	INFO	[kKqahiKn1cqnhgx6]	[Trade_Group]	[17:demostroh]	[default task-39]	Incoming request: GET /MULTIVERSA-IFP/core/pao/web/paymententry/payment_entry_detail.jsf?screenType=CREDIT_TRANSFER&widgetAction=MORE_DETAILS&directAccess=True&widget=paymentEntry&localAccountId=&beneficiaryId=&currency=EUR&amount=&remittanceInformation= userAgent=[Mozilla/5.0 (X11; Linux x86_64) AppleWebKit/537.36 (KHTML, like Gecko) Chrome/75.0.3770.142 Safari/537.36] device=COMPUTER processingTime=186
=========================================================
2020-07-10 19:25:53.024	INFO	[kKqahiKn1cqnhgx6]	[Trade_Group]	[17:demostroh]	[default task-39]	Incoming request: GET /MULTIVERSA-IFP/core/pao/web/paymententry/payment_entry_detail.jsf?screenType=CREDIT_TRANSFER&widgetAction=MORE_DETAILS&directAccess=True&widget=paymentEntry&localAccountId=&beneficiaryId=&currency=EUR&amount=&remittanceInformation= userAgent=[Mozilla/5.0 (X11; Linux x86_64) AppleWebKit/537.36 (KHTML, like Gecko) Chrome/75.0.3770.142 Safari/537.36] device=COMPUTER processingTime=186
=========================================================
2020-07-10 19:25:53.024	INFO	[kKqahiKn1cqnhgx6]	[Trade_Group]	[17:demostroh]	[default task-39]	Incoming request: GET /MULTIVERSA-IFP/lightning/ecm/liquidity/accounts/liquidity_accounts.jsf?selectedView=ecm.liquidity.accounts.view.all&viewType=0&widget=LiquidityByAccountsWidgetContent userAgent=[Mozilla/5.0 (X11; Ubuntu; Linux x86_64; rv:68.0) Gecko/20100101 Firefox/68.0] device=COMPUTER processingTime=57
=========================================================
2020-07-10 19:25:53.096	INFO	[OR9tTkianqrFJ30T]	[Trade_Group]	[17:demostroh]	[default task-39]	Incoming request: GET /MULTIVERSA-IFP/core/pao/transmitted_payments.jsf?selectedView=pao.guiList.view.completed&viewType=0&widget=TransmittedPaymentsWidgetContent userAgent=[Mozilla/5.0 (X11; Ubuntu; Linux x86_64; rv:68.0) Gecko/20100101 Firefox/68.0] device=COMPUTER processingTime=66
=========================================================
2020-07-10 19:25:53.153	INFO	[OcE5PJXgbjsFbevU]	[Trade_Group]	[17:demostroh]	[default task-39]	Incoming request: GET /MULTIVERSA-IFP/lightning/ecm/liquidity/accountGroups/liquidity_account_groups.jsf?selectedView=ecm.liquidity.accountGroups.view.all&viewType=0&widget=LiquidityByAccountGroupsWidgetContent userAgent=[Mozilla/5.0 (X11; Linux x86_64) AppleWebKit/537.36 (KHTML, like Gecko) Chrome/75.0.3770.142 Safari/537.36] device=COMPUTER processingTime=42
=========================================================
2020-07-10 19:25:53.153	INFO	[OcE5PJXgbjsFbevU]	[Trade_Group]	[17:demostroh]	[default task-39]	Incoming request: GET /MULTIVERSA-IFP/lightning/reporting/transaction/transactions_overview.jsf?selectedView=ecm.reporting.transactions.mainList.view.allTransactionsMainListReport&viewType=0&widget=IncomingTransactionsWidgetContent userAgent=[Mozilla/5.0 (X11; Ubuntu; Linux x86_64; rv:68.0) Gecko/20100101 Firefox/68.0] device=COMPUTER processingTime=48
=========================================================
2020-07-10 19:25:53.153	INFO	[OcE5PJXgbjsFbevU]	[Trade_Group]	[17:demostroh]	[default task-39]	Incoming request: GET /MULTIVERSA-IFP/lightning/reporting/transaction/transactions_overview.jsf?selectedView=ecm.reporting.transactions.mainList.view.allTransactionsMainListReport&viewType=0&widget=transactionByDate userAgent=[Mozilla/5.0 (X11; Ubuntu; Linux x86_64; rv:68.0) Gecko/20100101 Firefox/68.0] device=COMPUTER processingTime=55
=========================================================
2020-07-10 19:25:53.153	INFO	[OcE5PJXgbjsFbevU]	[Trade_Group]	[17:demostroh]	[default task-39]	Incoming request: GET /MULTIVERSA-IFP/lightning/ecm/liquidity/accountGroups/liquidity_account_groups.jsf?selectedView=ecm.liquidity.accountGroups.view.all&viewType=0&widget=LiquidityByAccountGroupsWidgetContent userAgent=[Mozilla/5.0 (X11; Linux x86_64) AppleWebKit/537.36 (KHTML, like Gecko) Chrome/75.0.3770.142 Safari/537.36] device=COMPUTER processingTime=42
=========================================================
2020-07-10 19:25:53.153	INFO	[OcE5PJXgbjsFbevU]	[Trade_Group]	[17:demostroh]	[default task-39]	Incoming request: GET /MULTIVERSA-IFP/core/pao/open_payments.jsf?selectedView=pao.guiList.view.allPayments&widget=openPayments userAgent=[Mozilla/5.0 (X11; Ubuntu; Linux x86_64; rv:68.0) Gecko/20100101 Firefox/68.0] device=COMPUTER processingTime=54
=========================================================
2020-07-10 19:25:53.153	INFO	[OcE5PJXgbjsFbevU]	[Trade_Group]	[17:demostroh]	[default task-39]	Incoming request: GET /MULTIVERSA-IFP/lightning/reporting/transaction/transactions_overview.jsf?selectedView=ecm.reporting.transactions.mainList.view.allTransactionsMainListReport&viewType=0&widget=IncomingTransactionsWidgetContent userAgent=[Mozilla/5.0 (X11; Ubuntu; Linux x86_64; rv:68.0) Gecko/20100101 Firefox/68.0] device=COMPUTER processingTime=48
=========================================================
2020-07-10 19:25:53.153	INFO	[OcE5PJXgbjsFbevU]	[Trade_Group]	[17:demostroh]	[default task-39]	Incoming request: GET /MULTIVERSA-IFP/lightning/ecm/liquidity/countries/liquidity_countries.jsf?selectedView=ecm.liquidity.countries.view.all&viewType=0&widget=LiquidityByCountriesWidgetContent&countries=NL userAgent=[Mozilla/5.0 (X11; Linux x86_64) AppleWebKit/537.36 (KHTML, like Gecko) Chrome/75.0.3770.142 Safari/537.36] device=COMPUTER processingTime=54
=========================================================
2020-07-10 19:25:53.153	INFO	[OcE5PJXgbjsFbevU]	[Trade_Group]	[17:demostroh]	[default task-39]	Incoming request: GET /MULTIVERSA-IFP/core/pao/web/paymententry/payment_entry_detail.jsf?screenType=CREDIT_TRANSFER&widgetAction=MORE_DETAILS&directAccess=True&widget=paymentEntry&localAccountId=&beneficiaryId=&currency=EUR&amount=&remittanceInformation= userAgent=[Mozilla/5.0 (X11; Linux x86_64) AppleWebKit/537.36 (KHTML, like Gecko) Chrome/75.0.3770.142 Safari/537.36] device=COMPUTER processingTime=186
=========================================================
2020-07-10 19:25:53.153	INFO	[OcE5PJXgbjsFbevU]	[Trade_Group]	[17:demostroh]	[default task-39]	Incoming request: GET /MULTIVERSA-IFP/lightning/ecm/liquidity/accountGroups/liquidity_account_groups.jsf?selectedView=ecm.liquidity.accountGroups.view.all&viewType=0&widget=LiquidityByAccountGroupsWidgetContent userAgent=[Mozilla/5.0 (X11; Linux x86_64) AppleWebKit/537.36 (KHTML, like Gecko) Chrome/75.0.3770.142 Safari/537.36] device=COMPUTER processingTime=42
=========================================================
2020-07-10 19:25:53.153	INFO	[OcE5PJXgbjsFbevU]	[Trade_Group]	[17:demostroh]	[default task-39]	Incoming request: GET /MULTIVERSA-IFP/core/pao/open_payments.jsf?selectedView=pao.guiList.view.allPayments&widget=openPayments userAgent=[Mozilla/5.0 (X11; Ubuntu; Linux x86_64; rv:68.0) Gecko/20100101 Firefox/68.0] device=COMPUTER processingTime=54
=========================================================
2020-07-10 19:25:53.153	INFO	[OcE5PJXgbjsFbevU]	[Trade_Group]	[17:demostroh]	[default task-39]	Incoming request: GET /MULTIVERSA-IFP/lightning/reporting/balance/balance_overview.jsf?selectedView=ecm.reporting.balance.overview.intradayReportsView&viewType=0&widget=favouriteViews userAgent=[Mozilla/5.0 (X11; Ubuntu; Linux x86_64; rv:68.0) Gecko/20100101 Firefox/68.0] device=COMPUTER processingTime=54
=========================================================
2020-07-10 19:25:53.153	INFO	[OcE5PJXgbjsFbevU]	[Trade_Group]	[17:demostroh]	[default task-39]	Incoming request: GET /MULTIVERSA-IFP/lightning/ecm/liquidity/accountGroups/liquidity_account_groups.jsf?selectedView=ecm.liquidity.accountGroups.view.all&viewType=0&widget=LiquidityByAccountGroupsWidgetContent userAgent=[Mozilla/5.0 (X11; Linux x86_64) AppleWebKit/537.36 (KHTML, like Gecko) Chrome/75.0.3770.142 Safari/537.36] device=COMPUTER processingTime=42
=========================================================
2020-07-10 19:25:53.153	INFO	[OcE5PJXgbjsFbevU]	[Trade_Group]	[17:demostroh]	[default task-39]	Incoming request: GET /MULTIVERSA-IFP/lightning/ecm/liquidity/currencies/liquidity_currencies.jsf?selectedView=ecm.liquidity.currencies.view.all&viewType=0&widget=LiquidityByCurrenciesWidgetContent userAgent=[Mozilla/5.0 (X11; Ubuntu; Linux x86_64; rv:68.0) Gecko/20100101 Firefox/68.0] device=COMPUTER processingTime=54
=========================================================
2020-07-10 19:25:53.153	INFO	[OcE5PJXgbjsFbevU]	[Trade_Group]	[17:demostroh]	[default task-39]	Incoming request: GET /MULTIVERSA-IFP/lightning/reporting/balance/balance_overview.jsf?selectedView=ecm.reporting.balance.overview.intradayReportsView&viewType=0&widget=favouriteViews userAgent=[Mozilla/5.0 (X11; Ubuntu; Linux x86_64; rv:68.0) Gecko/20100101 Firefox/68.0] device=COMPUTER processingTime=54
=========================================================
2020-07-10 19:25:53.153	INFO	[OcE5PJXgbjsFbevU]	[Trade_Group]	[17:demostroh]	[default task-39]	Incoming request: GET /MULTIVERSA-IFP/lightning/reporting/balance/balance_overview.jsf?selectedView=ecm.reporting.balance.overview.allAccountsView&viewType=0&widget=BalancesListWidgetContent userAgent=[Mozilla/5.0 (X11; Ubuntu; Linux x86_64; rv:68.0) Gecko/20100101 Firefox/68.0] device=COMPUTER processingTime=50
=========================================================
2020-07-10 19:25:53.153	INFO	[OcE5PJXgbjsFbevU]	[Trade_Group]	[17:demostroh]	[default task-39]	Incoming request: GET /MULTIVERSA-IFP/lightning/reporting/balance/balance_overview.jsf?selectedView=ecm.reporting.balance.overview.allAccountsView&viewType=0&widget=BalancesListWidgetContent userAgent=[Mozilla/5.0 (X11; Ubuntu; Linux x86_64; rv:68.0) Gecko/20100101 Firefox/68.0] device=COMPUTER processingTime=50
=========================================================
2020-07-10 19:25:53.153	INFO	[OcE5PJXgbjsFbevU]	[Trade_Group]	[17:demostroh]	[default task-39]	Incoming request: GET /MULTIVERSA-IFP/lightning/reporting/balance/balance_overview.jsf?selectedView=ecm.reporting.balance.overview.intradayReportsView&viewType=0&widget=favouriteViews userAgent=[Mozilla/5.0 (X11; Ubuntu; Linux x86_64; rv:68.0) Gecko/20100101 Firefox/68.0] device=COMPUTER processingTime=54
=========================================================
2020-07-10 19:25:53.153	INFO	[OcE5PJXgbjsFbevU]	[Trade_Group]	[17:demostroh]	[default task-39]	Incoming request: GET /MULTIVERSA-IFP/lightning/ecm/liquidity/banks/liquidity_banks.jsf?selectedView=ecm.liquidity.banks.view.all&viewType=0&widget=LiquidityByBanksWidgetContent&banks=RpBLVhy85c5u4nGKeISH0A userAgent=[Mozilla/5.0 (X11; Linux x86_64) AppleWebKit/537.36 (KHTML, like Gecko) Chrome/75.0.3770.142 Safari/537.36] device=COMPUTER processingTime=51
=========================================================
2020-07-10 19:25:53.226	INFO	[tZErEh8PfRASwvgn]	[Trade_Group]	[17:demostroh]	[default task-39]	Incoming request: GET /MULTIVERSA-IFP/lightning/reporting/balance/balance_overview.jsf?selectedView=ecm.reporting.balance.overview.intradayReportsView&viewType=0&widget=balancesColumn userAgent=[Mozilla/5.0 (X11; Linux x86_64) AppleWebKit/537.36 (KHTML, like Gecko) Chrome/75.0.3770.142 Safari/537.36] device=COMPUTER processingTime=329
=========================================================
2020-07-10 19:25:53.226	INFO	[tZErEh8PfRASwvgn]	[Trade_Group]	[17:demostroh]	[default task-39]	Incoming request: GET /MULTIVERSA-IFP/lightning/ecm/liquidity/banks/liquidity_banks.jsf?selectedView=ecm.liquidity.banks.view.all&viewType=0&widget=LiquidityByBanksWidgetContent&banks=RpBLVhy85c5u4nGKeISH0A userAgent=[Mozilla/5.0 (X11; Linux x86_64) AppleWebKit/537.36 (KHTML, like Gecko) Chrome/75.0.3770.142 Safari/537.36] device=COMPUTER processingTime=51
=========================================================
2020-07-10 19:25:53.226	INFO	[tZErEh8PfRASwvgn]	[Trade_Group]	[17:demostroh]	[default task-39]	Incoming request: GET /MULTIVERSA-IFP/lightning/reporting/balance/balance_overview.jsf?selectedView=ecm.reporting.balance.overview.intradayReportsView&viewType=0&widget=favouriteViews userAgent=[Mozilla/5.0 (X11; Ubuntu; Linux x86_64; rv:68.0) Gecko/20100101 Firefox/68.0] device=COMPUTER processingTime=54
=========================================================
2020-07-10 19:25:53.226	INFO	[tZErEh8PfRASwvgn]	[Trade_Group]	[17:demostroh]	[default task-39]	Incoming request: GET /MULTIVERSA-IFP/lightning/reporting/transaction/transactions_overview.jsf?selectedView=ecm.reporting.transactions.mainList.view.allTransactionsMainListReport&viewType=0&widget=IncomingTransactionsWidgetContent userAgent=[Mozilla/5.0 (X11; Ubuntu; Linux x86_64; rv:68.0) Gecko/20100101 Firefox/68.0] device=COMPUTER processingTime=48
=========================================================
2020-07-10 19:25:53.226	INFO	[tZErEh8PfRASwvgn]	[Trade_Group]	[17:demostroh]	[default task-39]	Incoming request: GET /MULTIVERSA-IFP/lightning/reporting/balance/balance_overview.jsf?selectedView=ecm.reporting.balance.overview.intradayReportsView&viewType=0&widget=favouriteViews userAgent=[Mozilla/5.0 (X11; Ubuntu; Linux x86_64; rv:68.0) Gecko/20100101 Firefox/68.0] device=COMPUTER processingTime=54
=========================================================
2020-07-10 19:25:53.226	INFO	[tZErEh8PfRASwvgn]	[Trade_Group]	[17:demostroh]	[default task-39]	Incoming request: GET /MULTIVERSA-IFP/lightning/reporting/balance/balance_overview.jsf?selectedView=ecm.reporting.balance.overview.intradayReportsView&viewType=0&widget=favouriteViews userAgent=[Mozilla/5.0 (X11; Ubuntu; Linux x86_64; rv:68.0) Gecko/20100101 Firefox/68.0] device=COMPUTER processingTime=54
=========================================================
2020-07-10 19:25:53.226	INFO	[tZErEh8PfRASwvgn]	[Trade_Group]	[17:demostroh]	[default task-39]	Incoming request: GET /MULTIVERSA-IFP/lightning/ecm/liquidity/accountGroups/liquidity_account_groups.jsf?selectedView=ecm.liquidity.accountGroups.view.all&viewType=0&widget=LiquidityByAccountGroupsWidgetContent userAgent=[Mozilla/5.0 (X11; Linux x86_64) AppleWebKit/537.36 (KHTML, like Gecko) Chrome/75.0.3770.142 Safari/537.36] device=COMPUTER processingTime=42
=========================================================
2020-07-10 19:25:53.226	INFO	[tZErEh8PfRASwvgn]	[Trade_Group]	[17:demostroh]	[default task-39]	Incoming request: GET /MULTIVERSA-IFP/lightning/reporting/balance/balance_overview.jsf?selectedView=ecm.reporting.balance.overview.intradayReportsView&viewType=0&widget=balancesByCurrencies userAgent=[Mozilla/5.0 (X11; Ubuntu; Linux x86_64; rv:68.0) Gecko/20100101 Firefox/68.0] device=COMPUTER processingTime=54
=========================================================
2020-07-10 19:25:53.226	INFO	[tZErEh8PfRASwvgn]	[Trade_Group]	[17:demostroh]	[default task-39]	Incoming request: GET /MULTIVERSA-IFP/lightning/reporting/balance/balance_overview.jsf?selectedView=ecm.reporting.balance.overview.allAccountsView&viewType=0&widget=BalancesListWidgetContent userAgent=[Mozilla/5.0 (X11; Ubuntu; Linux x86_64; rv:68.0) Gecko/20100101 Firefox/68.0] device=COMPUTER processingTime=50
=========================================================
2020-07-10 19:25:53.226	INFO	[tZErEh8PfRASwvgn]	[Trade_Group]	[17:demostroh]	[default task-39]	Incoming request: GET /MULTIVERSA-IFP/lightning/reporting/balance/balance_overview.jsf?selectedView=ecm.reporting.balance.overview.allAccountsView&viewType=0&widget=BalancesListWidgetContent userAgent=[Mozilla/5.0 (X11; Ubuntu; Linux x86_64; rv:68.0) Gecko/20100101 Firefox/68.0] device=COMPUTER processingTime=50
=========================================================
2020-07-10 19:25:53.226	INFO	[tZErEh8PfRASwvgn]	[Trade_Group]	[17:demostroh]	[default task-39]	Incoming request: GET /MULTIVERSA-IFP/lightning/reporting/transaction/transactions_overview.jsf?selectedView=ecm.reporting.transactions.mainList.view.allTransactionsMainListReport&viewType=0&widget=IncomingTransactionsWidgetContent userAgent=[Mozilla/5.0 (X11; Ubuntu; Linux x86_64; rv:68.0) Gecko/20100101 Firefox/68.0] device=COMPUTER processingTime=48
=========================================================
2020-07-10 19:25:53.226	INFO	[tZErEh8PfRASwvgn]	[Trade_Group]	[17:demostroh]	[default task-39]	Incoming request: GET /MULTIVERSA-IFP/lightning/ecm/liquidity/accounts/liquidity_accounts.jsf?selectedView=ecm.liquidity.accounts.view.all&viewType=0&widget=LiquidityByAccountsWidgetContent userAgent=[Mozilla/5.0 (X11; Ubuntu; Linux x86_64; rv:68.0) Gecko/20100101 Firefox/68.0] device=COMPUTER processingTime=57
=========================================================
2020-07-10 19:25:53.226	INFO	[tZErEh8PfRASwvgn]	[Trade_Group]	[17:demostroh]	[default task-39]	Incoming request: GET /MULTIVERSA-IFP/core/pao/transmitted_payments.jsf?selectedView=pao.guiList.view.completed&viewType=0&widget=TransmittedPaymentsWidgetContent userAgent=[Mozilla/5.0 (X11; Ubuntu; Linux x86_64; rv:68.0) Gecko/20100101 Firefox/68.0] device=COMPUTER processingTime=66
=========================================================
2020-07-10 19:25:53.226	INFO	[tZErEh8PfRASwvgn]	[Trade_Group]	[17:demostroh]	[default task-39]	Incoming request: GET /MULTIVERSA-IFP/core/pao/open_payments.jsf?selectedView=pao.guiList.view.toBeAuthorisedByMe&paymentType=1&widget=summary userAgent=[Mozilla/5.0 (X11; Ubuntu; Linux x86_64; rv:68.0) Gecko/20100101 Firefox/68.0] device=COMPUTER processingTime=65
=========================================================
2020-07-10 19:25:53.226	INFO	[tZErEh8PfRASwvgn]	[Trade_Group]	[17:demostroh]	[default task-39]	Incoming request: GET /MULTIVERSA-IFP/core/pao/transmitted_payments.jsf?selectedView=pao.guiList.view.completed&viewType=0&widget=TransmittedPaymentsWidgetContent userAgent=[Mozilla/5.0 (X11; Ubuntu; Linux x86_64; rv:68.0) Gecko/20100101 Firefox/68.0] device=COMPUTER processingTime=66
=========================================================
2020-07-10 19:25:53.226	INFO	[tZErEh8PfRASwvgn]	[Trade_Group]	[17:demostroh]	[default task-39]	Incoming request: GET /MULTIVERSA-IFP/lightning/ecm/liquidity/accountGroups/liquidity_account_groups.jsf?selectedView=ecm.liquidity.accountGroups.view.all&viewType=0&widget=LiquidityByAccountGroupsWidgetContent userAgent=[Mozilla/5.0 (X11; Linux x86_64) AppleWebKit/537.36 (KHTML, like Gecko) Chrome/75.0.3770.142 Safari/537.36] device=COMPUTER processingTime=42
=========================================================
2020-07-10 19:25:53.226	INFO	[tZErEh8PfRASwvgn]	[Trade_Group]	[17:demostroh]	[default task-39]	Incoming request: GET /MULTIVERSA-IFP/core/pao/transmitted_payments.jsf?selectedView=pao.guiList.view.completed&viewType=0&widget=TransmittedPaymentsWidgetContent userAgent=[Mozilla/5.0 (X11; Ubuntu; Linux x86_64; rv:68.0) Gecko/20100101 Firefox/68.0] device=COMPUTER processingTime=66
=========================================================
2020-07-10 19:25:53.226	INFO	[tZErEh8PfRASwvgn]	[Trade_Group]	[17:demostroh]	[default task-39]	Incoming request: GET /MULTIVERSA-IFP/lightning/ecm/liquidity/currencies/liquidity_currencies.jsf?selectedView=ecm.liquidity.currencies.view.all&viewType=0&widget=LiquidityByCurrenciesWidgetContent userAgent=[Mozilla/5.0 (X11; Ubuntu; Linux x86_64; rv:68.0) Gecko/20100101 Firefox/68.0] device=COMPUTER processingTime=54
=========================================================
2020-07-10 19:25:53.226	INFO	[tZErEh8PfRASwvgn]	[Trade_Group]	[17:demostroh]	[default task-39]	Incoming request: GET /MULTIVERSA-IFP/core/pao/web/paymententry/payment_entry_detail.jsf?screenType=CREDIT_TRANSFER&widgetAction=MORE_DETAILS&directAccess=True&widget=paymentEntry&localAccountId=&beneficiaryId=&currency=EUR&amount=&remittanceInformation= userAgent=[Mozilla/5.0 (X11; Linux x86_64) AppleWebKit/537.36 (KHTML, like Gecko) Chrome/75.0.3770.142 Safari/537.36] device=COMPUTER processingTime=186
=========================================================
2020-07-10 19:25:53.226	INFO	[tZErEh8PfRASwvgn]	[Trade_Group]	[17:demostroh]	[default task-39]	Incoming request: GET /MULTIVERSA-IFP/core/pao/open_payments.jsf?selectedView=pao.guiList.view.toBeAuthorisedByMe&paymentType=1&widget=summary userAgent=[Mozilla/5.0 (X11; Ubuntu; Linux x86_64; rv:68.0) Gecko/20100101 Firefox/68.0] device=COMPUTER processingTime=65
=========================================================
2020-07-10 19:25:53.226	INFO	[tZErEh8PfRASwvgn]	[Trade_Group]	[17:demostroh]	[default task-39]	Incoming request: GET /MULTIVERSA-IFP/lightning/ecm/liquidity/countries/liquidity_countries.jsf?selectedView=ecm.liquidity.countries.view.all&viewType=0&widget=LiquidityByCountriesWidgetContent&countries=NL userAgent=[Mozilla/5.0 (X11; Linux x86_64) AppleWebKit/537.36 (KHTML, like Gecko) Chrome/75.0.3770.142 Safari/537.36] device=COMPUTER processingTime=54
=========================================================
2020-07-10 19:25:53.226	INFO	[tZErEh8PfRASwvgn]	[Trade_Group]	[17:demostroh]	[default task-39]	Incoming request: GET /MULTIVERSA-IFP/lightning/reporting/balance/balance_overview.jsf?selectedView=ecm.reporting.balance.overview.intradayReportsView&viewType=0&widget=balancesByCurrencies userAgent=[Mozilla/5.0 (X11; Ubuntu; Linux x86_64; rv:68.0) Gecko/20100101 Firefox/68.0] device=COMPUTER processingTime=54
=========================================================
2020-07-10 19:25:53.226	INFO	[tZErEh8PfRASwvgn]	[Trade_Group]	[17:demostroh]	[default task-39]	Incoming request: GET /MULTIVERSA-IFP/lightning/ecm/liquidity/accountGroups/liquidity_account_groups.jsf?selectedView=ecm.liquidity.accountGroups.view.all&viewType=0&widget=LiquidityByAccountGroupsWidgetContent userAgent=[Mozilla/5.0 (X11; Linux x86_64) AppleWebKit/537.36 (KHTML, like Gecko) Chrome/75.0.3770.142 Safari/537.36] device=COMPUTER processingTime=42
=========================================================
2020-07-10 19:25:53.280	INFO	[3ymD9nzfkBVraH4B]	[Trade_Group]	[17:demostroh]	[default task-39]	Incoming request: GET /MULTIVERSA-IFP/lightning/reporting/balance/balance_overview.jsf?selectedView=ecm.reporting.balance.overview.intradayReportsView&viewType=0&widget=balancesByCurrencies userAgent=[Mozilla/5.0 (X11; Ubuntu; Linux x86_64; rv:68.0) Gecko/20100101 Firefox/68.0] device=COMPUTER processingTime=54
=========================================================
2020-07-10 19:25:53.280	INFO	[3ymD9nzfkBVraH4B]	[Trade_Group]	[17:demostroh]	[default task-39]	Incoming request: GET /MULTIVERSA-IFP/lightning/ecm/liquidity/currencies/liquidity_currencies.jsf?selectedView=ecm.liquidity.currencies.view.all&viewType=0&widget=LiquidityByCurrenciesWidgetContent userAgent=[Mozilla/5.0 (X11; Ubuntu; Linux x86_64; rv:68.0) Gecko/20100101 Firefox/68.0] device=COMPUTER processingTime=54
=========================================================
2020-07-10 19:25:53.280	INFO	[3ymD9nzfkBVraH4B]	[Trade_Group]	[17:demostroh]	[default task-39]	Incoming request: GET /MULTIVERSA-IFP/lightning/reporting/balance/balance_overview.jsf?selectedView=ecm.reporting.balance.overview.intradayReportsView&viewType=0&widget=balancesByCurrencies userAgent=[Mozilla/5.0 (X11; Ubuntu; Linux x86_64; rv:68.0) Gecko/20100101 Firefox/68.0] device=COMPUTER processingTime=54
=========================================================
2020-07-10 19:25:53.280	INFO	[3ymD9nzfkBVraH4B]	[Trade_Group]	[17:demostroh]	[default task-39]	Incoming request: GET /MULTIVERSA-IFP/lightning/reporting/balance/balance_overview.jsf?selectedView=ecm.reporting.balance.overview.intradayReportsView&viewType=0&widget=balancesColumn userAgent=[Mozilla/5.0 (X11; Linux x86_64) AppleWebKit/537.36 (KHTML, like Gecko) Chrome/75.0.3770.142 Safari/537.36] device=COMPUTER processingTime=329
=========================================================
2020-07-10 19:25:53.280	INFO	[3ymD9nzfkBVraH4B]	[Trade_Group]	[17:demostroh]	[default task-39]	Incoming request: GET /MULTIVERSA-IFP/lightning/ecm/liquidity/accounts/liquidity_accounts.jsf?selectedView=ecm.liquidity.accounts.view.all&viewType=0&widget=LiquidityByAccountsWidgetContent userAgent=[Mozilla/5.0 (X11; Ubuntu; Linux x86_64; rv:68.0) Gecko/20100101 Firefox/68.0] device=COMPUTER processingTime=57
=========================================================
2020-07-10 19:25:53.280	INFO	[3ymD9nzfkBVraH4B]	[Trade_Group]	[17:demostroh]	[default task-39]	Incoming request: GET /MULTIVERSA-IFP/lightning/reporting/balance/balance_overview.jsf?selectedView=ecm.reporting.balance.overview.intradayReportsView&viewType=0&widget=favouriteViews userAgent=[Mozilla/5.0 (X11; Ubuntu; Linux x86_64; rv:68.0) Gecko/20100101 Firefox/68.0] device=COMPUTER processingTime=54
=========================================================
2020-07-10 19:25:53.280	INFO	[3ymD9nzfkBVraH4B]	[Trade_Group]	[17:demostroh]	[default task-39]	Incoming request: GET /MULTIVERSA-IFP/core/pao/web/paymententry/payment_entry_detail.jsf?screenType=CREDIT_TRANSFER&widgetAction=MORE_DETAILS&directAccess=True&widget=paymentEntry&localAccountId=&beneficiaryId=&currency=EUR&amount=&remittanceInformation= userAgent=[Mozilla/5.0 (X11; Linux x86_64) AppleWebKit/537.36 (KHTML, like Gecko) Chrome/75.0.3770.142 Safari/537.36] device=COMPUTER processingTime=186
=========================================================
2020-07-10 19:25:53.334	INFO	[TdRrWvQVTiVlb0vX]	[Trade_Group]	[17:demostroh]	[default task-39]	Incoming request: GET /MULTIVERSA-IFP/lightning/reporting/balance/balance_overview.jsf?selectedView=ecm.reporting.balance.overview.intradayReportsView&viewType=0&widget=balancesByCurrencies userAgent=[Mozilla/5.0 (X11; Ubuntu; Linux x86_64; rv:68.0) Gecko/20100101 Firefox/68.0] device=COMPUTER processingTime=54
=========================================================
2020-07-10 19:25:53.334	INFO	[TdRrWvQVTiVlb0vX]	[Trade_Group]	[17:demostroh]	[default task-39]	Incoming request: GET /MULTIVERSA-IFP/lightning/ecm/liquidity/countries/liquidity_countries.jsf?selectedView=ecm.liquidity.countries.view.all&viewType=0&widget=LiquidityByCountriesWidgetContent&countries=NL userAgent=[Mozilla/5.0 (X11; Linux x86_64) AppleWebKit/537.36 (KHTML, like Gecko) Chrome/75.0.3770.142 Safari/537.36] device=COMPUTER processingTime=54
=========================================================
2020-07-10 19:25:53.334	INFO	[TdRrWvQVTiVlb0vX]	[Trade_Group]	[17:demostroh]	[default task-39]	Incoming request: GET /MULTIVERSA-IFP/lightning/ecm/liquidity/countries/liquidity_countries.jsf?selectedView=ecm.liquidity.countries.view.all&viewType=0&widget=LiquidityByCountriesWidgetContent&countries=NL userAgent=[Mozilla/5.0 (X11; Linux x86_64) AppleWebKit/537.36 (KHTML, like Gecko) Chrome/75.0.3770.142 Safari/537.36] device=COMPUTER processingTime=54
=========================================================
2020-07-10 19:25:53.334	INFO	[TdRrWvQVTiVlb0vX]	[Trade_Group]	[17:demostroh]	[default task-39]	Incoming request: GET /MULTIVERSA-IFP/lightning/reporting/balance/balance_overview.jsf?selectedView=ecm.reporting.balance.overview.intradayReportsView&viewType=0&widget=favouriteViews userAgent=[Mozilla/5.0 (X11; Ubuntu; Linux x86_64; rv:68.0) Gecko/20100101 Firefox/68.0] device=COMPUTER processingTime=54
=========================================================
2020-07-10 19:25:53.334	INFO	[TdRrWvQVTiVlb0vX]	[Trade_Group]	[17:demostroh]	[default task-39]	Incoming request: GET /MULTIVERSA-IFP/lightning/reporting/balance/balance_overview.jsf?selectedView=ecm.reporting.balance.overview.allAccountsView&viewType=0&widget=BalancesListWidgetContent userAgent=[Mozilla/5.0 (X11; Ubuntu; Linux x86_64; rv:68.0) Gecko/20100101 Firefox/68.0] device=COMPUTER processingTime=50
=========================================================
2020-07-10 19:25:53.334	INFO	[TdRrWvQVTiVlb0vX]	[Trade_Group]	[17:demostroh]	[default task-39]	Incoming request: GET /MULTIVERSA-IFP/lightning/ecm/liquidity/accounts/liquidity_accounts.jsf?selectedView=ecm.liquidity.accounts.view.all&viewType=0&widget=LiquidityByAccountsWidgetContent userAgent=[Mozilla/5.0 (X11; Ubuntu; Linux x86_64; rv:68.0) Gecko/20100101 Firefox/68.0] device=COMPUTER processingTime=57
=========================================================
2020-07-10 19:25:53.334	INFO	[TdRrWvQVTiVlb0vX]	[Trade_Group]	[17:demostroh]	[default task-39]	Incoming request: GET /MULTIVERSA-IFP/core/pao/open_payments.jsf?selectedView=pao.guiList.view.allPayments&widget=openPayments userAgent=[Mozilla/5.0 (X11; Ubuntu; Linux x86_64; rv:68.0) Gecko/20100101 Firefox/68.0] device=COMPUTER processingTime=54
=========================================================
2020-07-10 19:25:53.334	INFO	[TdRrWvQVTiVlb0vX]	[Trade_Group]	[17:demostroh]	[default task-39]	Incoming request: GET /MULTIVERSA-IFP/lightning/ecm/liquidity/currencies/liquidity_currencies.jsf?selectedView=ecm.liquidity.currencies.view.all&viewType=0&widget=LiquidityByCurrenciesWidgetContent userAgent=[Mozilla/5.0 (X11; Ubuntu; Linux x86_64; rv:68.0) Gecko/20100101 Firefox/68.0] device=COMPUTER processingTime=54
=========================================================
2020-07-10 19:25:53.394	INFO	[1bxEBnS9grZkGm3p]	[Trade_Group]	[17:demostroh]	[default task-39]	Incoming request: GET /MULTIVERSA-IFP/core/pao/transmitted_payments.jsf?selectedView=pao.guiList.view.completed&viewType=0&widget=TransmittedPaymentsWidgetContent userAgent=[Mozilla/5.0 (X11; Ubuntu; Linux x86_64; rv:68.0) Gecko/20100101 Firefox/68.0] device=COMPUTER processingTime=66
=========================================================
2020-07-10 19:25:53.394	INFO	[1bxEBnS9grZkGm3p]	[Trade_Group]	[17:demostroh]	[default task-39]	Incoming request: GET /MULTIVERSA-IFP/lightning/reporting/transaction/transactions_overview.jsf?selectedView=ecm.reporting.transactions.mainList.view.allTransactionsMainListReport&viewType=0&widget=transactionByDate userAgent=[Mozilla/5.0 (X11; Ubuntu; Linux x86_64; rv:68.0) Gecko/20100101 Firefox/68.0] device=COMPUTER processingTime=55
=========================================================
2020-07-10 19:25:53.394	INFO	[1bxEBnS9grZkGm3p]	[Trade_Group]	[17:demostroh]	[default task-39]	Incoming request: GET /MULTIVERSA-IFP/lightning/reporting/transaction/transactions_overview.jsf?selectedView=ecm.reporting.transactions.mainList.view.allTransactionsMainListReport&viewType=0&widget=IncomingTransactionsWidgetContent userAgent=[Mozilla/5.0 (X11; Ubuntu; Linux x86_64; rv:68.0) Gecko/20100101 Firefox/68.0] device=COMPUTER processingTime=48
=========================================================
2020-07-10 19:25:53.394	INFO	[1bxEBnS9grZkGm3p]	[Trade_Group]	[17:demostroh]	[default task-39]	Incoming request: GET /MULTIVERSA-IFP/lightning/reporting/balance/balance_overview.jsf?selectedView=ecm.reporting.balance.overview.allAccountsView&viewType=0&widget=BalancesListWidgetContent userAgent=[Mozilla/5.0 (X11; Ubuntu; Linux x86_64; rv:68.0) Gecko/20100101 Firefox/68.0] device=COMPUTER processingTime=50
=========================================================
2020-07-10 19:25:53.394	INFO	[1bxEBnS9grZkGm3p]	[Trade_Group]	[17:demostroh]	[default task-39]	Incoming request: GET /MULTIVERSA-IFP/lightning/reporting/transaction/transactions_overview.jsf?selectedView=ecm.reporting.transactions.mainList.view.allTransactionsMainListReport&viewType=0&widget=IncomingTransactionsWidgetContent userAgent=[Mozilla/5.0 (X11; Ubuntu; Linux x86_64; rv:68.0) Gecko/20100101 Firefox/68.0] device=COMPUTER processingTime=48
=========================================================
2020-07-10 19:25:53.394	INFO	[1bxEBnS9grZkGm3p]	[Trade_Group]	[17:demostroh]	[default task-39]	Incoming request: GET /MULTIVERSA-IFP/lightning/ecm/liquidity/accounts/liquidity_accounts.jsf?selectedView=ecm.liquidity.accounts.view.all&viewType=0&widget=LiquidityByAccountsWidgetContent userAgent=[Mozilla/5.0 (X11; Ubuntu; Linux x86_64; rv:68.0) Gecko/20100101 Firefox/68.0] device=COMPUTER processingTime=57
=========================================================
2020-07-10 19:25:53.394	INFO	[1bxEBnS9grZkGm3p]	[Trade_Group]	[17:demostroh]	[default task-39]	Incoming request: GET /MULTIVERSA-IFP/core/pao/web/paymententry/payment_entry_detail.jsf?screenType=CREDIT_TRANSFER&widgetAction=MORE_DETAILS&directAccess=True&widget=paymentEntry&localAccountId=&beneficiaryId=&currency=EUR&amount=&remittanceInformation= userAgent=[Mozilla/5.0 (X11; Linux x86_64) AppleWebKit/537.36 (KHTML, like Gecko) Chrome/75.0.3770.142 Safari/537.36] device=COMPUTER processingTime=186
=========================================================
2020-07-10 19:25:53.394	INFO	[1bxEBnS9grZkGm3p]	[Trade_Group]	[17:demostroh]	[default task-39]	Incoming request: GET /MULTIVERSA-IFP/core/pao/open_payments.jsf?selectedView=pao.guiList.view.allPayments&widget=openPayments userAgent=[Mozilla/5.0 (X11; Ubuntu; Linux x86_64; rv:68.0) Gecko/20100101 Firefox/68.0] device=COMPUTER processingTime=54
=========================================================
2020-07-10 19:25:53.394	INFO	[1bxEBnS9grZkGm3p]	[Trade_Group]	[17:demostroh]	[default task-39]	Incoming request: GET /MULTIVERSA-IFP/core/pao/open_payments.jsf?selectedView=pao.guiList.view.toBeAuthorisedByMe&paymentType=1&widget=summary userAgent=[Mozilla/5.0 (X11; Ubuntu; Linux x86_64; rv:68.0) Gecko/20100101 Firefox/68.0] device=COMPUTER processingTime=65
=========================================================
2020-07-10 19:25:53.394	INFO	[1bxEBnS9grZkGm3p]	[Trade_Group]	[17:demostroh]	[default task-39]	Incoming request: GET /MULTIVERSA-IFP/lightning/reporting/balance/balance_overview.jsf?selectedView=ecm.reporting.balance.overview.intradayReportsView&viewType=0&widget=favouriteViews userAgent=[Mozilla/5.0 (X11; Ubuntu; Linux x86_64; rv:68.0) Gecko/20100101 Firefox/68.0] device=COMPUTER processingTime=54
=========================================================
2020-07-10 19:25:53.394	INFO	[1bxEBnS9grZkGm3p]	[Trade_Group]	[17:demostroh]	[default task-39]	Incoming request: GET /MULTIVERSA-IFP/core/pao/transmitted_payments.jsf?selectedView=pao.guiList.view.completed&viewType=0&widget=TransmittedPaymentsWidgetContent userAgent=[Mozilla/5.0 (X11; Ubuntu; Linux x86_64; rv:68.0) Gecko/20100101 Firefox/68.0] device=COMPUTER processingTime=66
=========================================================
2020-07-10 19:25:53.394	INFO	[1bxEBnS9grZkGm3p]	[Trade_Group]	[17:demostroh]	[default task-39]	Incoming request: GET /MULTIVERSA-IFP/lightning/reporting/balance/balance_overview.jsf?selectedView=ecm.reporting.balance.overview.allAccountsView&viewType=0&widget=BalancesListWidgetContent userAgent=[Mozilla/5.0 (X11; Ubuntu; Linux x86_64; rv:68.0) Gecko/20100101 Firefox/68.0] device=COMPUTER processingTime=50
=========================================================
2020-07-10 19:25:53.394	INFO	[1bxEBnS9grZkGm3p]	[Trade_Group]	[17:demostroh]	[default task-39]	Incoming request: GET /MULTIVERSA-IFP/lightning/ecm/liquidity/accountGroups/liquidity_account_groups.jsf?selectedView=ecm.liquidity.accountGroups.view.all&viewType=0&widget=LiquidityByAccountGroupsWidgetContent userAgent=[Mozilla/5.0 (X11; Linux x86_64) AppleWebKit/537.36 (KHTML, like Gecko) Chrome/75.0.3770.142 Safari/537.36] device=COMPUTER processingTime=42
=========================================================
2020-07-10 19:25:53.394	INFO	[1bxEBnS9grZkGm3p]	[Trade_Group]	[17:demostroh]	[default task-39]	Incoming request: GET /MULTIVERSA-IFP/lightning/reporting/transaction/transactions_overview.jsf?selectedView=ecm.reporting.transactions.mainList.view.allTransactionsMainListReport&viewType=0&widget=transactionByDate userAgent=[Mozilla/5.0 (X11; Ubuntu; Linux x86_64; rv:68.0) Gecko/20100101 Firefox/68.0] device=COMPUTER processingTime=55
=========================================================
2020-07-10 19:25:53.394	INFO	[1bxEBnS9grZkGm3p]	[Trade_Group]	[17:demostroh]	[default task-39]	Incoming request: GET /MULTIVERSA-IFP/lightning/reporting/transaction/transactions_overview.jsf?selectedView=ecm.reporting.transactions.mainList.view.allTransactionsMainListReport&viewType=0&widget=IncomingTransactionsWidgetContent userAgent=[Mozilla/5.0 (X11; Ubuntu; Linux x86_64; rv:68.0) Gecko/20100101 Firefox/68.0] device=COMPUTER processingTime=48
=========================================================
2020-07-10 19:25:53.394	INFO	[1bxEBnS9grZkGm3p]	[Trade_Group]	[17:demostroh]	[default task-39]	Incoming request: GET /MULTIVERSA-IFP/lightning/reporting/transaction/transactions_overview.jsf?selectedView=ecm.reporting.transactions.mainList.view.allTransactionsMainListReport&viewType=0&widget=IncomingTransactionsWidgetContent userAgent=[Mozilla/5.0 (X11; Ubuntu; Linux x86_64; rv:68.0) Gecko/20100101 Firefox/68.0] device=COMPUTER processingTime=48
=========================================================
2020-07-10 19:25:53.394	INFO	[1bxEBnS9grZkGm3p]	[Trade_Group]	[17:demostroh]	[default task-39]	Incoming request: GET /MULTIVERSA-IFP/lightning/ecm/liquidity/accounts/liquidity_accounts.jsf?selectedView=ecm.liquidity.accounts.view.all&viewType=0&widget=LiquidityByAccountsWidgetContent userAgent=[Mozilla/5.0 (X11; Ubuntu; Linux x86_64; rv:68.0) Gecko/20100101 Firefox/68.0] device=COMPUTER processingTime=57
=========================================================
2020-07-10 19:25:53.461	INFO	[CmZOq9XwWwUN2noC]	[Trade_Group]	[17:demostroh]	[default task-39]	Incoming request: GET /MULTIVERSA-IFP/lightning/ecm/liquidity/countries/liquidity_countries.jsf?selectedView=ecm.liquidity.countries.view.all&viewType=0&widget=LiquidityByCountriesWidgetContent&countries=NL userAgent=[Mozilla/5.0 (X11; Linux x86_64) AppleWebKit/537.36 (KHTML, like Gecko) Chrome/75.0.3770.142 Safari/537.36] device=COMPUTER processingTime=54
=========================================================
2020-07-10 19:25:53.461	INFO	[CmZOq9XwWwUN2noC]	[Trade_Group]	[17:demostroh]	[default task-39]	Incoming request: GET /MULTIVERSA-IFP/core/pao/open_payments.jsf?selectedView=pao.guiList.view.allPayments&widget=openPayments userAgent=[Mozilla/5.0 (X11; Ubuntu; Linux x86_64; rv:68.0) Gecko/20100101 Firefox/68.0] device=COMPUTER processingTime=54
=========================================================
2020-07-10 19:25:53.461	INFO	[CmZOq9XwWwUN2noC]	[Trade_Group]	[17:demostroh]	[default task-39]	Incoming request: GET /MULTIVERSA-IFP/lightning/reporting/balance/balance_overview.jsf?selectedView=ecm.reporting.balance.overview.intradayReportsView&viewType=0&widget=balancesByCurrencies userAgent=[Mozilla/5.0 (X11; Ubuntu; Linux x86_64; rv:68.0) Gecko/20100101 Firefox/68.0] device=COMPUTER processingTime=54
=========================================================
2020-07-10 19:25:53.461	INFO	[CmZOq9XwWwUN2noC]	[Trade_Group]	[17:demostroh]	[default task-39]	Incoming request: GET /MULTIVERSA-IFP/lightning/reporting/balance/balance_overview.jsf?selectedView=ecm.reporting.balance.overview.intradayReportsView&viewType=0&widget=favouriteViews userAgent=[Mozilla/5.0 (X11; Ubuntu; Linux x86_64; rv:68.0) Gecko/20100101 Firefox/68.0] device=COMPUTER processingTime=54
=========================================================
